Build started 07/03/2013 17:08:10.
     1>Project "C:\Users\sbcsr\Documents\Project\TADD\TODDengine\TODDengine.vcxproj" on node 4 (rebuild target(s)).
     1>_PrepareForClean:
         Deleting file "Debug\TADDengine.lastbuildstate".
       InitializeBuildStatus:
         Creating "Debug\TADDengine.unsuccessfulbuild" because "AlwaysCreate" was specified.
       ClCompile:
         C:\Program Files (x86)\Microsoft Visual Studio 10.0\VC\bin\CL.exe /c /I"C:\Program Files\NVIDIA GPU Computing Toolkit\CUDA\v4.1\include" /ZI /nologo /W3 /WX- /Od /Oy- /D _MBCS /Gm /EHsc /RTC1 /MDd /GS /fp:precise /Zc:wchar_t /Zc:forScope /Fo"Debug\\" /Fd"Debug\vc100.pdb" /Gd /TP /analyze- /errorReport:prompt Engine.cpp
         Engine.cpp
     1>c:\users\sbcsr\documents\project\opencv2.3.1\opencv2.3.1\build\include\opencv2\flann\logger.h(66): warning C4996: 'fopen': This function or variable may be unsafe. Consider using fopen_s instead. To disable deprecation, use _CRT_SECURE_NO_WARNINGS. See online help for details.
                 c:\program files (x86)\microsoft visual studio 10.0\vc\include\stdio.h(234) : see declaration of 'fopen'
     1>c:\users\sbcsr\documents\project\opencv2.3.1\opencv2.3.1\build\include\opencv2\flann\flann.hpp(233): warning C4996: 'cv::flann::Index_<T>': was declared deprecated
                 c:\users\sbcsr\documents\project\opencv2.3.1\opencv2.3.1\build\include\opencv2\flann\flann.hpp(278) : see reference to class template instantiation 'cv::flann::Index_<T>' being compiled
     1>c:\users\sbcsr\documents\project\todd\toddengine\engine.cpp(9): warning C4996: 'sprintf': This function or variable may be unsafe. Consider using sprintf_s instead. To disable deprecation, use _CRT_SECURE_NO_WARNINGS. See online help for details.
                 c:\program files (x86)\microsoft visual studio 10.0\vc\include\stdio.h(371) : see declaration of 'sprintf'
       Lib:
         C:\Program Files (x86)\Microsoft Visual Studio 10.0\VC\bin\Lib.exe /OUT:"C:\Users\sbcsr\Documents\Project\TADD\Debug\TODDengine.lib" /NOLOGO Debug\Engine.obj
         TADDengine.vcxproj -> C:\Users\sbcsr\Documents\Project\TODD\Debug\TODDengine.lib
       FinalizeBuildStatus:
         Deleting file "Debug\TADDengine.unsuccessfulbuild".
         Touching "Debug\TADDengine.lastbuildstate".
     1>Done Building Project "C:\Users\sbcsr\Documents\Project\TADD\TODDengine\TODDengine.vcxproj" (rebuild target(s)).

Build succeeded.

Time Elapsed 00:00:04.14
