C:\USERS\HOSSEIN\PROJECT\TADD\DEBUG\QTTADD.EXE
C:\Users\Hossein\Project\TADD\Debug\QtTADD.exp
C:\USERS\HOSSEIN\PROJECT\TADD\DEBUG\QTTADD.ILK
C:\Users\Hossein\Project\TADD\Debug\QtTADD.lib
C:\USERS\HOSSEIN\PROJECT\TADD\DEBUG\QTTADD.PDB
C:\Users\Hossein\Project\TADD\QtTADD\Debug\cl.command.1.tlog
C:\Users\Hossein\Project\TADD\QtTADD\Debug\CL.read.1.tlog
C:\Users\Hossein\Project\TADD\QtTADD\Debug\CL.write.1.tlog
C:\Users\Hossein\Project\TADD\QtTADD\Debug\custombuild.command.1.tlog
C:\Users\Hossein\Project\TADD\QtTADD\Debug\custombuild.read.1.tlog
C:\Users\Hossein\Project\TADD\QtTADD\Debug\custombuild.write.1.tlog
C:\Users\Hossein\Project\TADD\QtTADD\Debug\link.command.1.tlog
C:\Users\Hossein\Project\TADD\QtTADD\Debug\link.read.1.tlog
C:\Users\Hossein\Project\TADD\QtTADD\Debug\link.write.1.tlog
C:\USERS\HOSSEIN\PROJECT\TADD\QTTADD\DEBUG\MAIN.OBJ
C:\USERS\HOSSEIN\PROJECT\TADD\QTTADD\DEBUG\MOC_SPLASHUI.OBJ
C:\USERS\HOSSEIN\PROJECT\TADD\QTTADD\DEBUG\MOC_WEBCAMUI.OBJ
C:\Users\Hossein\Project\TADD\QtTADD\Debug\mt.command.1.tlog
C:\Users\Hossein\Project\TADD\QtTADD\Debug\mt.read.1.tlog
C:\Users\Hossein\Project\TADD\QtTADD\Debug\mt.write.1.tlog
C:\USERS\HOSSEIN\PROJECT\TADD\QTTADD\DEBUG\QRC_QTTADD.OBJ
C:\USERS\HOSSEIN\PROJECT\TADD\QTTADD\DEBUG\QTTADD.EXE.INTERMEDIATE.MANIFEST
C:\Users\Hossein\Project\TADD\QtTADD\Debug\QtTADD.write.1.tlog
C:\USERS\HOSSEIN\PROJECT\TADD\QTTADD\DEBUG\SPLASHUI.OBJ
C:\USERS\HOSSEIN\PROJECT\TADD\QTTADD\DEBUG\VC100.PDB
C:\USERS\HOSSEIN\PROJECT\TADD\QTTADD\DEBUG\WEBCAMUI.OBJ
C:\USERS\HOSSEIN\PROJECT\TADD\QTTADD\GENERATEDFILES\DEBUG\MOC_SPLASHUI.CPP
C:\USERS\HOSSEIN\PROJECT\TADD\QTTADD\GENERATEDFILES\DEBUG\MOC_WEBCAMUI.CPP
C:\USERS\HOSSEIN\PROJECT\TADD\QTTADD\GENERATEDFILES\QRC_QTTADD.CPP
C:\USERS\HOSSEIN\PROJECT\TADD\QTTADD\GENERATEDFILES\UI_SPLASHUI.H
C:\USERS\HOSSEIN\PROJECT\TADD\QTTADD\GENERATEDFILES\UI_WEBCAMUI.H
