C:\USERS\SBCSR\DOCUMENTS\PROJECT\TADD\DEBUG\QTTODD.EXE
C:\Users\sbcsr\Documents\Project\TADD\Debug\QtTODD.exp
C:\USERS\SBCSR\DOCUMENTS\PROJECT\TADD\DEBUG\QTTODD.ILK
C:\Users\sbcsr\Documents\Project\TADD\Debug\QtTODD.lib
C:\USERS\SBCSR\DOCUMENTS\PROJECT\TADD\DEBUG\QTTODD.PDB
C:\Users\sbcsr\Documents\Project\TADD\QtTODD\Debug\cl.command.1.tlog
C:\Users\sbcsr\Documents\Project\TADD\QtTODD\Debug\CL.read.1.tlog
C:\Users\sbcsr\Documents\Project\TADD\QtTODD\Debug\CL.write.1.tlog
C:\Users\sbcsr\Documents\Project\TADD\QtTODD\Debug\custombuild.command.1.tlog
C:\Users\sbcsr\Documents\Project\TADD\QtTODD\Debug\custombuild.read.1.tlog
C:\Users\sbcsr\Documents\Project\TADD\QtTODD\Debug\custombuild.write.1.tlog
C:\Users\sbcsr\Documents\Project\TADD\QtTODD\Debug\link.command.1.tlog
C:\Users\sbcsr\Documents\Project\TADD\QtTODD\Debug\link.read.1.tlog
C:\Users\sbcsr\Documents\Project\TADD\QtTODD\Debug\link.write.1.tlog
C:\USERS\SBCSR\DOCUMENTS\PROJECT\TADD\QTTODD\DEBUG\MAIN.OBJ
C:\USERS\SBCSR\DOCUMENTS\PROJECT\TADD\QTTODD\DEBUG\MOC_SPLASHUI.OBJ
C:\USERS\SBCSR\DOCUMENTS\PROJECT\TADD\QTTODD\DEBUG\MOC_WEBCAMUI.OBJ
C:\Users\sbcsr\Documents\Project\TADD\QtTODD\Debug\mt.command.1.tlog
C:\Users\sbcsr\Documents\Project\TADD\QtTODD\Debug\mt.read.1.tlog
C:\Users\sbcsr\Documents\Project\TADD\QtTODD\Debug\mt.write.1.tlog
C:\USERS\SBCSR\DOCUMENTS\PROJECT\TADD\QTTODD\DEBUG\QRC_QTTODD.OBJ
C:\USERS\SBCSR\DOCUMENTS\PROJECT\TADD\QTTODD\DEBUG\QTTODD.EXE.INTERMEDIATE.MANIFEST
C:\Users\sbcsr\Documents\Project\TADD\QtTODD\Debug\QtTODD.write.1.tlog
C:\USERS\SBCSR\DOCUMENTS\PROJECT\TADD\QTTODD\DEBUG\SPLASHUI.OBJ
C:\USERS\SBCSR\DOCUMENTS\PROJECT\TADD\QTTODD\DEBUG\VC100.PDB
C:\USERS\SBCSR\DOCUMENTS\PROJECT\TADD\QTTODD\DEBUG\WEBCAMUI.OBJ
C:\USERS\SBCSR\DOCUMENTS\PROJECT\TADD\QTTODD\GENERATEDFILES\DEBUG\MOC_SPLASHUI.CPP
C:\USERS\SBCSR\DOCUMENTS\PROJECT\TADD\QTTODD\GENERATEDFILES\DEBUG\MOC_WEBCAMUI.CPP
C:\USERS\SBCSR\DOCUMENTS\PROJECT\TADD\QTTODD\GENERATEDFILES\QRC_QTTODD.CPP
C:\USERS\SBCSR\DOCUMENTS\PROJECT\TADD\QTTODD\GENERATEDFILES\UI_SPLASHUI.H
C:\USERS\SBCSR\DOCUMENTS\PROJECT\TADD\QTTODD\GENERATEDFILES\UI_WEBCAMUI.H
