Build started 07/03/2013 17:08:14.
     1>Project "C:\Users\sbcsr\Documents\Project\TADD\QtTODD\QtTODD.vcxproj" on node 5 (rebuild target(s)).
     1>_PrepareForClean:
         Deleting file "Debug\QtTADD.lastbuildstate".
       InitializeBuildStatus:
         Creating "Debug\QtTADD.unsuccessfulbuild" because "AlwaysCreate" was specified.
       CustomBuild:
         Moc'ing splashUI.h...
         Uic'ing splashUI.ui...
         Moc'ing webcamUI.h...
         Rcc'ing QtTADD.qrc...
         Uic'ing webcamUI.ui...
       ClCompile:
         C:\Program Files (x86)\Microsoft Visual Studio 10.0\VC\bin\CL.exe /c /I.\GeneratedFiles /IC:\Users\sbcsr\Documents\Project\4.7.3x86_Intel\include /I.\GeneratedFiles\Debug /IC:\Users\sbcsr\Documents\Project\4.7.3x86_Intel\include\qtmain /IC:\Users\sbcsr\Documents\Project\4.7.3x86_Intel\include\QtCore /IC:\Users\sbcsr\Documents\Project\4.7.3x86_Intel\include\QtGui /I.\ /I"C:\Program Files\NVIDIA GPU Computing Toolkit\CUDA\v4.1\include" /Zi /nologo /W1 /WX- /Od /Oy- /D _IPP_PARALLEL_DYNAMIC /D UNICODE /D WIN32 /D QT_LARGEFILE_SUPPORT /D QT_CORE_LIB /D QT_GUI_LIB /Gm- /EHsc /MDd /GS /fp:precise /Zc:wchar_t /Zc:forScope /Fo"Debug\\" /Fd"Debug\vc100.pdb" /Gd /TP /analyze- /errorReport:prompt GeneratedFiles\Debug\moc_splashUI.cpp GeneratedFiles\Debug\moc_webcamUI.cpp main.cpp splashUI.cpp webcamUI.cpp
         moc_splashUI.cpp
     1>CL : warning : Inclusion of header files from include/Qt is deprecated.
     1>CL : warning : Inclusion of header files from include/Qt is deprecated.
     1>CL : warning : Inclusion of header files from include/Qt is deprecated.
         moc_webcamUI.cpp
     1>CL : warning : Inclusion of header files from include/Qt is deprecated.
     1>CL : warning : Inclusion of header files from include/Qt is deprecated.
     1>CL : warning : Inclusion of header files from include/Qt is deprecated.
         main.cpp
     1>CL : warning : Inclusion of header files from include/Qt is deprecated.
     1>CL : warning : Inclusion of header files from include/Qt is deprecated.
     1>CL : warning : Inclusion of header files from include/Qt is deprecated.
         splashUI.cpp
     1>CL : warning : Inclusion of header files from include/Qt is deprecated.
     1>CL : warning : Inclusion of header files from include/Qt is deprecated.
     1>CL : warning : Inclusion of header files from include/Qt is deprecated.
         webcamUI.cpp
     1>CL : warning : Inclusion of header files from include/Qt is deprecated.
     1>CL : warning : Inclusion of header files from include/Qt is deprecated.
     1>CL : warning : Inclusion of header files from include/Qt is deprecated.
         Generating Code...
         C:\Program Files (x86)\Microsoft Visual Studio 10.0\VC\bin\CL.exe /c /I.\GeneratedFiles /IC:\Users\sbcsr\Documents\Project\4.7.3x86_Intel\include /I.\GeneratedFiles\Debug /IC:\Users\sbcsr\Documents\Project\4.7.3x86_Intel\include\qtmain /IC:\Users\sbcsr\Documents\Project\4.7.3x86_Intel\include\QtCore /IC:\Users\sbcsr\Documents\Project\4.7.3x86_Intel\include\QtGui /I.\ /I"C:\Program Files\NVIDIA GPU Computing Toolkit\CUDA\v4.1\include" /Zi /nologo /W1 /WX- /Od /Oy- /D _IPP_PARALLEL_DYNAMIC /D UNICODE /D WIN32 /D QT_LARGEFILE_SUPPORT /D QT_CORE_LIB /D QT_GUI_LIB /Gm- /EHsc /MDd /GS /fp:precise /Zc:wchar_t /Zc:forScope /Fo"Debug\\" /Fd"Debug\vc100.pdb" /Gd /TP /analyze- /errorReport:prompt GeneratedFiles\qrc_QtTADD.cpp
         qrc_QtTADD.cpp
       Link:
         C:\Program Files (x86)\Microsoft Visual Studio 10.0\VC\bin\link.exe /ERRORREPORT:PROMPT /OUT:"C:\Users\sbcsr\Documents\Project\TADD\Debug\QtTODD.exe" /NOLOGO /LIBPATH:C:\Users\sbcsr\Documents\Project\TODD\Debug /LIBPATH:"C:\Program Files\NVIDIA GPU Computing Toolkit\CUDA\v4.1\\lib\Win32" qtmaind.lib QtCored4.lib QtGuid4.lib FlyCapture2.lib opencv_core231d.lib opencv_highgui231d.lib opencv_imgproc231d.lib opencv_gpu231d.lib QtCvImageWidget.lib QtCvOverlayWidget.lib CvCamera.lib CvFlyCapture.lib CvCapture.lib CvAviCapture.lib TODDengine.lib cKNN.lib cSLIC.lib EdsCapture.lib FolderCam.lib gSLIC.lib multiAdaboost.lib BackgroundSeg.lib cudart.lib cublas.lib cuda.lib cufft.lib videoInput.lib EDSDK.lib kernel32.lib user32.lib gdi32.lib winspool.lib comdlg32.lib advapi32.lib shell32.lib ole32.lib oleaut32.lib uuid.lib odbc32.lib odbccp32.lib /MANIFEST /ManifestFile:"Debug\QtTODD.exe.intermediate.manifest" /MANIFESTUAC:"level='asInvoker' uiAccess='false'" /DEBUG /PDB:"C:\Users\sbcsr\Documents\Project\TODD\Debug\QtTODD.pdb" /SUBSYSTEM:WINDOWS /TLBID:1 /DYNAMICBASE /NXCOMPAT /IMPLIB:"C:\Users\sbcsr\Documents\Project\TODD\Debug\QtTODD.lib" /MACHINE:X86 Debug\moc_splashUI.obj
         Debug\moc_webcamUI.obj
         Debug\qrc_QtTADD.obj
         Debug\main.obj
         Debug\splashUI.obj
         Debug\webcamUI.obj
            Creating library C:\Users\sbcsr\Documents\Project\TADD\Debug\QtTODD.lib and object C:\Users\sbcsr\Documents\Project\TODD\Debug\QtTODD.exp
     1>qtmaind.lib(qtmain_win.obj) : warning LNK4099: PDB 'vc100.pdb' was not found with 'qtmaind.lib(qtmain_win.obj)' or at 'C:\Users\sbcsr\Documents\Project\TADD\Debug\vc100.pdb'; linking object as if no debug info
         QtTADD.vcxproj -> C:\Users\sbcsr\Documents\Project\TODD\Debug\QtTODD.exe
       Manifest:
         C:\Program Files (x86)\Microsoft SDKs\Windows\v7.0A\bin\mt.exe /nologo /verbose /outputresource:"C:\Users\sbcsr\Documents\Project\TADD\Debug\QtTODD.exe;#1" /manifest Debug\QtTODD.exe.intermediate.manifest
       FinalizeBuildStatus:
         Deleting file "Debug\QtTADD.unsuccessfulbuild".
         Touching "Debug\QtTADD.lastbuildstate".
     1>Done Building Project "C:\Users\sbcsr\Documents\Project\TADD\QtTODD\QtTODD.vcxproj" (rebuild target(s)).

Build succeeded.

Time Elapsed 00:00:21.66
