Build started 07/03/2014 14:14:31.
Environment at start of build:
ALLUSERSPROFILE = C:\ProgramData
APPDATA = C:\Users\Hossein\AppData\Roaming
CommonProgramFiles = C:\Program Files (x86)\Common Files
CommonProgramFiles(x86) = C:\Program Files (x86)\Common Files
CommonProgramW6432 = C:\Program Files\Common Files
COMPUTERNAME = H
ComSpec = C:\Windows\system32\cmd.exe
CUDA_PATH = C:\Program Files\NVIDIA GPU Computing Toolkit\CUDA\v6.0
CUDA_PATH_V6_0 = C:\Program Files\NVIDIA GPU Computing Toolkit\CUDA\v6.0
FP_NO_HOST_CHECK = NO
HALCONARCH = x64-win64
HALCONEXAMPLES = C:\Users\Public\Documents\MVTec\HALCON-11.0\examples
HALCONIMAGES = C:\Users\Public\Documents\MVTec\HALCON-11.0\examples\images
HALCONROOT = C:\Program Files\MVTec\HALCON-11.0
HOMEDRIVE = C:
HOMEPATH = \Users\Hossein
LOCALAPPDATA = C:\Users\Hossein\AppData\Local
LOGONSERVER = \\H
NUMBER_OF_PROCESSORS = 8
NVCUDASAMPLES6_0_ROOT = C:\ProgramData\NVIDIA Corporation\CUDA Samples\v6.0
NVCUDASAMPLES_ROOT = C:\ProgramData\NVIDIA Corporation\CUDA Samples\v6.0
NVTOOLSEXT_PATH = C:\Program Files\NVIDIA Corporation\NvToolsExt\
OS = Windows_NT
Path = C:\Program Files\NVIDIA GPU Computing Toolkit\CUDA\v6.0\bin;C:\Program Files\NVIDIA GPU Computing Toolkit\CUDA\v6.0\libnvvp;C:\Program Files (x86)\NVIDIA Corporation\PhysX\Common;C:\Program Files (x86)\Intel\iCLS Client\;C:\Program Files\Intel\iCLS Client\;C:\Windows\system32;C:\Windows;C:\Windows\System32\Wbem;C:\Windows\System32\WindowsPowerShell\v1.0\;C:\Program Files\Intel\Intel(R) Management Engine Components\DAL;C:\Program Files\Intel\Intel(R) Management Engine Components\IPT;C:\Program Files (x86)\Intel\Intel(R) Management Engine Components\DAL;C:\Program Files (x86)\Intel\Intel(R) Management Engine Components\IPT;c:\Program Files (x86)\Microsoft SQL Server\100\Tools\Binn\;c:\Program Files\Microsoft SQL Server\100\Tools\Binn\;c:\Program Files\Microsoft SQL Server\100\DTS\Binn\;C:\Tesseract-OCR;C:\Program Files (x86)\Tesseract-OCR;C:\Program Files\MATLAB\R2013b\runtime\win64;C:\Program Files\MATLAB\R2013b\bin;C:\Program Files\MVTec\HALCON-11.0\bin\x64-win64;C:\Program Files\MVTec\HALCON-11.0\FLEXlm\x64-win64;C:\Program Files\MiKTeX 2.9\miktex\bin\x64\;C:\Program Files\doxygen\bin
PATHEXT = .COM;.EXE;.BAT;.CMD;.VBS;.VBE;.JS;.JSE;.WSF;.WSH;.MSC
PROCESSOR_ARCHITECTURE = x86
PROCESSOR_ARCHITEW6432 = AMD64
PROCESSOR_IDENTIFIER = Intel64 Family 6 Model 58 Stepping 9, GenuineIntel
PROCESSOR_LEVEL = 6
PROCESSOR_REVISION = 3a09
ProgramData = C:\ProgramData
ProgramFiles = C:\Program Files (x86)
ProgramFiles(x86) = C:\Program Files (x86)
ProgramW6432 = C:\Program Files
PSModulePath = C:\Windows\system32\WindowsPowerShell\v1.0\Modules\
PUBLIC = C:\Users\Public
QTDIR = C:\Users\Hossein\Project\4.7.3x86_Intel
SESSIONNAME = Console
SystemDrive = C:
SystemRoot = C:\Windows
TEMP = C:\Users\Hossein\AppData\Local\Temp
TESSDATA_PREFIX = C:\Program Files (x86)\Tesseract-OCR\
TMP = C:\Users\Hossein\AppData\Local\Temp
USERDOMAIN = H
USERNAME = Hossein
USERPROFILE = C:\Users\Hossein
VisualStudioDir = C:\Users\Hossein\Documents\Visual Studio 2010
VS100COMNTOOLS = c:\Program Files (x86)\Microsoft Visual Studio 10.0\Common7\Tools\
windir = C:\Windows
windows_tracing_flags = 3
windows_tracing_logfile = C:\BVTBin\Tests\installpackage\csilogfile.log

14:14:31.038     1>Project "C:\TODD5_3D - Copy 05 Feb2014\gConv\gConv.vcxproj" on node 2 (build target(s)).
14:14:31.038     1>Building with tools version "4.0".
14:14:31.038     1>Target "_CheckForInvalidConfigurationAndPlatform: (TargetId:2)" in file "C:\Windows\Microsoft.NET\Framework\v4.0.30319\Microsoft.Common.Targets" from project "C:\TODD5_3D - Copy 05 Feb2014\gConv\gConv.vcxproj" (entry point):
                   Task "Error" skipped, due to false condition; ( '$(_InvalidConfigurationError)' == 'true' ) was evaluated as ( '' == 'true' ).
                   Task "Warning" skipped, due to false condition; ( '$(_InvalidConfigurationWarning)' == 'true' ) was evaluated as ( '' == 'true' ).
                   Using "Message" task from assembly "Microsoft.Build.Tasks.v4.0, Version=4.0.0.0, Culture=neutral, PublicKeyToken=b03f5f7f11d50a3a".
                   Task "Message" (TaskId:2)
                     Configuration=Release (TaskId:2)
                   Done executing task "Message". (TaskId:2)
                   Task "Message" (TaskId:3)
                     Platform=Win32 (TaskId:3)
                   Done executing task "Message". (TaskId:3)
                   Task "Error" skipped, due to false condition; ('$(OutDir)' != '' and !HasTrailingSlash('$(OutDir)')) was evaluated as ('C:\TODD5_3D - Copy 05 Feb2014\Release\' != '' and !HasTrailingSlash('C:\TODD5_3D - Copy 05 Feb2014\Release\')).
                   Task "Error" skipped, due to false condition; ('$(BaseIntermediateOutputPath)' != '' and !HasTrailingSlash('$(BaseIntermediateOutputPath)')) was evaluated as ('obj\' != '' and !HasTrailingSlash('obj\')).
                   Task "Error" skipped, due to false condition; ('$(IntermediateOutputPath)' != '' and !HasTrailingSlash('$(IntermediateOutputPath)')) was evaluated as ('Release\' != '' and !HasTrailingSlash('Release\')).
14:14:31.040     1>Done building target "_CheckForInvalidConfigurationAndPlatform" in project "gConv.vcxproj".: (TargetId:2)
14:14:31.040     1>Target "_DetermineManagedStateFromCL: (TargetId:3)" in file "C:\Program Files (x86)\MSBuild\Microsoft.Cpp\v4.0\Microsoft.CppBuild.targets" from project "C:\TODD5_3D - Copy 05 Feb2014\gConv\gConv.vcxproj" (target "Build" depends on it):
14:14:31.040     1>Done building target "_DetermineManagedStateFromCL" in project "gConv.vcxproj".: (TargetId:3)
14:14:31.040     1>Target "_PrepareForBuild: (TargetId:4)" in file "C:\Program Files (x86)\MSBuild\Microsoft.Cpp\v4.0\Microsoft.BuildSteps.Targets" from project "C:\TODD5_3D - Copy 05 Feb2014\gConv\gConv.vcxproj" (target "Build" depends on it):
14:14:31.040     1>Done building target "_PrepareForBuild" in project "gConv.vcxproj".: (TargetId:4)
14:14:31.040     1>Target "SetBuildDefaultEnvironmentVariables: (TargetId:5)" in file "C:\Program Files (x86)\MSBuild\Microsoft.Cpp\v4.0\Microsoft.Cpp.targets" from project "C:\TODD5_3D - Copy 05 Feb2014\gConv\gConv.vcxproj" (target "Build" depends on it):
                   Using "SetEnv" task from assembly "Microsoft.Build.CppTasks.Common, Version=4.0.0.0, Culture=neutral, PublicKeyToken=b03f5f7f11d50a3a".
                   Task "SetEnv" (TaskId:4)
                     PATH=c:\Program Files (x86)\Microsoft Visual Studio 10.0\VC\bin;C:\Program Files (x86)\Microsoft SDKs\Windows\v7.0A\bin\NETFX 4.0 Tools;C:\Program Files (x86)\Microsoft SDKs\Windows\v7.0A\bin;C:\Program Files (x86)\Microsoft Visual Studio 10.0\Common7\Tools\bin;C:\Program Files (x86)\Microsoft Visual Studio 10.0\Common7\tools;C:\Program Files (x86)\Microsoft Visual Studio 10.0\Common7\ide;C:\Program Files (x86)\HTML Help Workshop;C:\Program Files (x86)\Microsoft SDKs\Windows\v7.0A\\bin;C:\Windows\Microsoft.NET\Framework\v4.0.30319\;C:\Program Files (x86)\Microsoft Visual Studio 10.0\;C:\Windows\SysWow64;;C:\Program Files\NVIDIA GPU Computing Toolkit\CUDA\v6.0\bin;C:\Program Files\NVIDIA GPU Computing Toolkit\CUDA\v6.0\libnvvp;C:\Program Files (x86)\NVIDIA Corporation\PhysX\Common;C:\Program Files (x86)\Intel\iCLS Client\;C:\Program Files\Intel\iCLS Client\;C:\Windows\system32;C:\Windows;C:\Windows\System32\Wbem;C:\Windows\System32\WindowsPowerShell\v1.0\;C:\Program Files\Intel\Intel(R) Management Engine Components\DAL;C:\Program Files\Intel\Intel(R) Management Engine Components\IPT;C:\Program Files (x86)\Intel\Intel(R) Management Engine Components\DAL;C:\Program Files (x86)\Intel\Intel(R) Management Engine Components\IPT;c:\Program Files (x86)\Microsoft SQL Server\100\Tools\Binn\;c:\Program Files\Microsoft SQL Server\100\Tools\Binn\;c:\Program Files\Microsoft SQL Server\100\DTS\Binn\;C:\Tesseract-OCR;C:\Program Files (x86)\Tesseract-OCR;C:\Program Files\MATLAB\R2013b\runtime\win64;C:\Program Files\MATLAB\R2013b\bin;C:\Program Files\MVTec\HALCON-11.0\bin\x64-win64;C:\Program Files\MVTec\HALCON-11.0\FLEXlm\x64-win64;C:\Program Files\MiKTeX 2.9\miktex\bin\x64\;C:\Program Files\doxygen\bin; (TaskId:4)
                   Done executing task "SetEnv". (TaskId:4)
                   Task "SetEnv" skipped, due to false condition; ('$(_IsNativeEnvironment)' == 'true') was evaluated as ('' == 'true').
                   Task "SetEnv" (TaskId:5)
                     LIB=c:\Program Files (x86)\Microsoft Visual Studio 10.0\VC\lib;c:\Program Files (x86)\Microsoft Visual Studio 10.0\VC\atlmfc\lib;C:\Program Files (x86)\Microsoft SDKs\Windows\v7.0A\lib;C:\Program Files (x86)\Microsoft SDKs\Windows\v7.0A\\lib (TaskId:5)
                   Done executing task "SetEnv". (TaskId:5)
                   Task "SetEnv" (TaskId:6)
                     LIBPATH=c:\Program Files (x86)\Microsoft Visual Studio 10.0\VC\atlmfc\lib;c:\Program Files (x86)\Microsoft Visual Studio 10.0\VC\lib (TaskId:6)
                   Done executing task "SetEnv". (TaskId:6)
                   Task "SetEnv" (TaskId:7)
                     INCLUDE=c:\Program Files (x86)\Microsoft Visual Studio 10.0\VC\include;c:\Program Files (x86)\Microsoft Visual Studio 10.0\VC\atlmfc\include;C:\Program Files (x86)\Microsoft SDKs\Windows\v7.0A\include;C:\Program Files (x86)\Microsoft SDKs\Windows\v7.0A\\include; (TaskId:7)
                   Done executing task "SetEnv". (TaskId:7)
14:14:31.041     1>Done building target "SetBuildDefaultEnvironmentVariables" in project "gConv.vcxproj".: (TargetId:5)
                   Target "SetUserMacroEnvironmentVariables" skipped, due to false condition; ('@(BuildMacro)' != '') was evaluated as ('' != '').
14:14:31.041     1>Target "BeforeResolveReferences: (TargetId:6)" in file "C:\Windows\Microsoft.NET\Framework\v4.0.30319\Microsoft.Common.Targets" from project "C:\TODD5_3D - Copy 05 Feb2014\gConv\gConv.vcxproj" (target "ResolveReferences" depends on it):
14:14:31.041     1>Done building target "BeforeResolveReferences" in project "gConv.vcxproj".: (TargetId:6)
14:14:31.041     1>Target "AssignProjectConfiguration: (TargetId:7)" in file "C:\Windows\Microsoft.NET\Framework\v4.0.30319\Microsoft.Common.Targets" from project "C:\TODD5_3D - Copy 05 Feb2014\gConv\gConv.vcxproj" (target "ResolveReferences" depends on it):
                   Using "AssignProjectConfiguration" task from assembly "Microsoft.Build.Tasks.v4.0, Version=4.0.0.0, Culture=neutral, PublicKeyToken=b03f5f7f11d50a3a".
                   Task "AssignProjectConfiguration" (TaskId:8)
                   Done executing task "AssignProjectConfiguration". (TaskId:8)
14:14:31.041     1>Done building target "AssignProjectConfiguration" in project "gConv.vcxproj".: (TargetId:7)
                   Target "AssignProjectConfiguration" skipped. Previously built successfully.
14:14:31.041     1>Target "_SplitProjectReferencesByFileExistence: (TargetId:8)" in file "C:\Windows\Microsoft.NET\Framework\v4.0.30319\Microsoft.Common.Targets" from project "C:\TODD5_3D - Copy 05 Feb2014\gConv\gConv.vcxproj" (target "ResolveProjectReferences" depends on it):
                   Task "ResolveNonMSBuildProjectOutput" skipped, due to false condition; ('$(BuildingInsideVisualStudio)'=='true' and '@(ProjectReferenceWithConfiguration)'!='') was evaluated as ('true'=='true' and ''!='').
14:14:31.041     1>Done building target "_SplitProjectReferencesByFileExistence" in project "gConv.vcxproj".: (TargetId:8)
                   Target "_RemoveNameMetadataFromProjectReferenceItems" skipped, due to false condition; ('@(ProjectReference)'!='') was evaluated as (''!='').
14:14:31.041     1>Target "ResolveProjectReferences: (TargetId:9)" in file "C:\Windows\Microsoft.NET\Framework\v4.0.30319\Microsoft.Common.Targets" from project "C:\TODD5_3D - Copy 05 Feb2014\gConv\gConv.vcxproj" (target "ResolveReferences" depends on it):
                   Task "MSBuild" skipped, due to false condition; ('%(_MSBuildProjectReferenceExistent.BuildReference)' == 'true' and '@(ProjectReferenceWithConfiguration)' != '' and ('$(BuildingInsideVisualStudio)' == 'true' or '$(BuildProjectReferences)' != 'true') and '$(VisualStudioVersion)' != '10.0' and '@(_MSBuildProjectReferenceExistent)' != '') was evaluated as ('' == 'true' and '' != '' and ('true' == 'true' or 'true' != 'true') and '10.0' != '10.0' and '' != '').
                   Task "MSBuild" skipped, due to false condition; ('%(_MSBuildProjectReferenceExistent.BuildReference)' == 'true' and '@(ProjectReferenceWithConfiguration)' != '' and ('$(BuildingInsideVisualStudio)' == 'true' or '$(BuildProjectReferences)' != 'true') and '$(VisualStudioVersion)' == '10.0' and '@(_MSBuildProjectReferenceExistent)' != '') was evaluated as ('' == 'true' and '' != '' and ('true' == 'true' or 'true' != 'true') and '10.0' == '10.0' and '' != '').
                   Task "MSBuild" skipped, due to false condition; ('%(_MSBuildProjectReferenceExistent.BuildReference)' == 'true' and '@(ProjectReferenceWithConfiguration)' != '' and '$(BuildingInsideVisualStudio)' != 'true' and '$(BuildProjectReferences)' == 'true' and '@(_MSBuildProjectReferenceExistent)' != '') was evaluated as ('' == 'true' and '' != '' and 'true' != 'true' and 'true' == 'true' and '' != '').
                   Task "MSBuild" skipped, due to false condition; ('%(_MSBuildProjectReferenceExistent.BuildReference)' == 'true' and '@(ProjectReferenceWithConfiguration)' != '' and '$(BuildingProject)' == 'true' and '@(_MSBuildProjectReferenceExistent)' != '') was evaluated as ('' == 'true' and '' != '' and 'true' == 'true' and '' != '').
                   Task "Warning" skipped, due to false condition; ('@(ProjectReferenceWithConfiguration)' != '' and '@(_MSBuildProjectReferenceNonexistent)' != '') was evaluated as ('' != '' and '' != '').
14:14:31.041     1>Done building target "ResolveProjectReferences" in project "gConv.vcxproj".: (TargetId:9)
                   Target "ResolveNativeReferences" skipped, due to false condition; ('@(NativeReference)'!='') was evaluated as (''!='').
14:14:31.041     1>Target "GetFrameworkPaths: (TargetId:10)" in file "C:\Windows\Microsoft.NET\Framework\v4.0.30319\Microsoft.NETFramework.targets" from project "C:\TODD5_3D - Copy 05 Feb2014\gConv\gConv.vcxproj" (target "ResolveAssemblyReferences" depends on it):
14:14:31.041     1>Done building target "GetFrameworkPaths" in project "gConv.vcxproj".: (TargetId:10)
                   Target "GetWinFXPath" skipped, due to false condition; (('@(Page)' != '' or '@(ApplicationDefinition)' != '' or '@(Resource)' != '') and ('$(GetWinFXNativePath)' != '' or '$(GetWinFXWoWPath)' != '' )) was evaluated as (('' != '' or '' != '' or '' != '') and ('' != '' or '' != '' )).
14:14:31.042     1>Target "GetReferenceAssemblyPaths: (TargetId:11)" in file "C:\Windows\Microsoft.NET\Framework\v4.0.30319\Microsoft.Common.Targets" from project "C:\TODD5_3D - Copy 05 Feb2014\gConv\gConv.vcxproj" (target "ResolveAssemblyReferences" depends on it):
                   Task "GetReferenceAssemblyPaths" skipped, due to false condition; ('$(TargetFrameworkMoniker)' != '' and ('$(_TargetFrameworkDirectories)' == '' or '$(_FullFrameworkReferenceAssemblyPaths)' == '')) was evaluated as ('.NETFramework,Version=v4.0' != '' and ('C:\Program Files (x86)\Reference Assemblies\Microsoft\Framework\.NETFramework\v4.0' == '' or 'C:\Program Files (x86)\Reference Assemblies\Microsoft\Framework\.NETFramework\v4.0' == '')).
14:14:31.042     1>Done building target "GetReferenceAssemblyPaths" in project "gConv.vcxproj".: (TargetId:11)
14:14:31.042     1>Target "PlatformPrepareForBuild: (TargetId:12)" in file "C:\Program Files (x86)\MSBuild\Microsoft.Cpp\v4.0\Platforms\Win32\Microsoft.Cpp.Win32.Targets" from project "C:\TODD5_3D - Copy 05 Feb2014\gConv\gConv.vcxproj" (target "PrepareForBuild" depends on it):
                   Task "VCMessage" skipped, due to false condition; (!(exists('$(VCTargetsPath)\Platforms\Win32\PlatformToolsets\$(PlatformToolset)\Microsoft.Cpp.Win32.$(PlatformToolset).targets'))) was evaluated as (!(exists('C:\Program Files (x86)\MSBuild\Microsoft.Cpp\v4.0\\Platforms\Win32\PlatformToolsets\v100\Microsoft.Cpp.Win32.v100.targets'))).
14:14:31.042     1>Done building target "PlatformPrepareForBuild" in project "gConv.vcxproj".: (TargetId:12)
                   Target "GetFrameworkPaths" skipped. Previously built successfully.
                   Target "GetReferenceAssemblyPaths" skipped. Previously built successfully.
14:14:31.042     1>Target "PrepareForBuild: (TargetId:13)" in file "C:\Program Files (x86)\MSBuild\Microsoft.Cpp\v4.0\Microsoft.CppBuild.targets" from project "C:\TODD5_3D - Copy 05 Feb2014\gConv\gConv.vcxproj" (target "ResolveAssemblyReferences" depends on it):
                   Task "VCMessage" skipped, due to false condition; ('$(DesignTimeBuild)'!='true' and '$(ConfigurationPlatformExists)' != 'true') was evaluated as (''!='true' and 'true' != 'true').
                   Using "MakeDir" task from assembly "Microsoft.Build.Tasks.v4.0, Version=4.0.0.0, Culture=neutral, PublicKeyToken=b03f5f7f11d50a3a".
                   Task "MakeDir" (TaskId:9)
                   Done executing task "MakeDir". (TaskId:9)
                   Task "VCMessage" skipped, due to false condition; ('$(DesignTimeBuild)'!='true' and '$(VCInstallDir)'=='' and '$(UseEnv)' != 'true' and ($(TargetFrameworkVersion)=='v3.5' or $(TargetFrameworkVersion)=='v3.0' or $(TargetFrameworkVersion)=='v2.0' )) was evaluated as (''!='true' and 'c:\Program Files (x86)\Microsoft Visual Studio 10.0\VC\'=='' and '' != 'true' and (v4.0=='v3.5' or v4.0=='v3.0' or v4.0=='v2.0' )).
                   Task "VCMessage" skipped, due to false condition; ('$(DesignTimeBuild)'!='true' and '$(VCInstallDir)'=='' and '$(UseEnv)' != 'true' and '$(PlatformToolset)'=='v90') was evaluated as (''!='true' and 'c:\Program Files (x86)\Microsoft Visual Studio 10.0\VC\'=='' and '' != 'true' and 'v100'=='v90').
                   Task "VCMessage" skipped, due to false condition; ('$(VCInstallDir)'=='' and '$(UseEnv)' != 'true') was evaluated as ('c:\Program Files (x86)\Microsoft Visual Studio 10.0\VC\'=='' and '' != 'true').
                   Task "VCMessage" skipped, due to false condition; ('$(WindowsSDKDir)'=='' and '$(UseEnv)' != 'true') was evaluated as ('C:\Program Files (x86)\Microsoft SDKs\Windows\v7.0A\'=='' and '' != 'true').
                   Task "VCMessage" skipped, due to false condition; ('$(IntDirTrailingSlashWarning)'=='true') was evaluated as (''=='true').
                   Task "VCMessage" skipped, due to false condition; ('$(OutDirTrailingSlashWarning)'=='true') was evaluated as (''=='true').
                   Task "MakeDir" (TaskId:10)
                   Done executing task "MakeDir". (TaskId:10)
14:14:31.042     1>Done building target "PrepareForBuild" in project "gConv.vcxproj".: (TargetId:13)
14:14:31.042     1>Target "GetInstalledSDKLocations: (TargetId:14)" in file "C:\Windows\Microsoft.NET\Framework\v4.0.30319\Microsoft.Common.Targets" from project "C:\TODD5_3D - Copy 05 Feb2014\gConv\gConv.vcxproj" (target "ResolveSDKReferences" depends on it):
                   Task "GetInstalledSDKLocations" skipped, due to false condition; ('@(SDKReference)' != '') was evaluated as ('' != '').
14:14:31.042     1>Done building target "GetInstalledSDKLocations" in project "gConv.vcxproj".: (TargetId:14)
14:14:31.042     1>Target "ResolveSDKReferences: (TargetId:15)" in file "C:\Windows\Microsoft.NET\Framework\v4.0.30319\Microsoft.Common.Targets" from project "C:\TODD5_3D - Copy 05 Feb2014\gConv\gConv.vcxproj" (target "ResolveAssemblyReferences" depends on it):
                   Task "ResolveSDKReference" skipped, due to false condition; ('@(SDKReference)'!='') was evaluated as (''!='').
14:14:31.042     1>Done building target "ResolveSDKReferences" in project "gConv.vcxproj".: (TargetId:15)
                   Target "ResolveSDKReferences" skipped. Previously built successfully.
14:14:31.042     1>Target "ExpandSDKReferences: (TargetId:16)" in file "C:\Windows\Microsoft.NET\Framework\v4.0.30319\Microsoft.Common.Targets" from project "C:\TODD5_3D - Copy 05 Feb2014\gConv\gConv.vcxproj" (target "ResolveAssemblyReferences" depends on it):
                   Task "GetSDKReferenceFiles" skipped, due to false condition; ('@(ResolvedSDKReference)'!='') was evaluated as (''!='').
14:14:31.042     1>Done building target "ExpandSDKReferences" in project "gConv.vcxproj".: (TargetId:16)
14:14:31.042     1>Target "ResolveAssemblyReferences: (TargetId:17)" in file "C:\Windows\Microsoft.NET\Framework\v4.0.30319\Microsoft.Common.Targets" from project "C:\TODD5_3D - Copy 05 Feb2014\gConv\gConv.vcxproj" (target "ResolveReferences" depends on it):
                   Using "ResolveAssemblyReference" task from assembly "Microsoft.Build.Tasks.v4.0, Version=4.0.0.0, Culture=neutral, PublicKeyToken=b03f5f7f11d50a3a".
                   Task "ResolveAssemblyReference" (TaskId:11)
                     TargetFrameworkMoniker: (TaskId:11)
                         .NETFramework,Version=v4.0 (TaskId:11)
                     TargetFrameworkMonikerDisplayName: (TaskId:11)
                         .NET Framework 4 (TaskId:11)
                     TargetedRuntimeVersion: (TaskId:11)
                         v4.0.30319 (TaskId:11)
                     Assemblies: (TaskId:11)
                         System.Core (TaskId:11)
                     AssemblyFiles: (TaskId:11)
                     CandidateAssemblyFiles: (TaskId:11)
                     TargetFrameworkDirectories: (TaskId:11)
                         C:\Program Files (x86)\Reference Assemblies\Microsoft\Framework\.NETFramework\v4.0 (TaskId:11)
                     InstalledAssemblyTables: (TaskId:11)
                     IgnoreInstalledAssemblyTable: (TaskId:11)
                         False (TaskId:11)
                     SearchPaths: (TaskId:11)
                         {CandidateAssemblyFiles} (TaskId:11)
                         c:\Program Files (x86)\Microsoft Visual Studio 10.0\VC\atlmfc\lib (TaskId:11)
                         c:\Program Files (x86)\Microsoft Visual Studio 10.0\VC\lib (TaskId:11)
                         {HintPathFromItem} (TaskId:11)
                         {TargetFrameworkDirectory} (TaskId:11)
                         {Registry:Software\Microsoft\.NETFramework,v4.0,AssemblyFoldersEx} (TaskId:11)
                         {AssemblyFolders} (TaskId:11)
                         {GAC} (TaskId:11)
                         {RawFileName} (TaskId:11)
                         C:\TODD5_3D - Copy 05 Feb2014\Release\ (TaskId:11)
                     AllowedAssemblyExtensions: (TaskId:11)
                         .winmd (TaskId:11)
                         .dll (TaskId:11)
                         .exe (TaskId:11)
                     AllowedRelatedFileExtensions: (TaskId:11)
                         .pdb (TaskId:11)
                         .xml (TaskId:11)
                         .pri (TaskId:11)
                     AppConfigFile: (TaskId:11)
                          (TaskId:11)
                     AutoUnify: (TaskId:11)
                         False (TaskId:11)
                     CopyLocalDependenciesWhenParentReferenceInGac: (TaskId:11)
                         True (TaskId:11)
                     FindDependencies: (TaskId:11)
                         True (TaskId:11)
                     TargetProcessorArchitecture: (TaskId:11)
                         x86 (TaskId:11)
                     StateFile: (TaskId:11)
                         Release\gConv.vcxprojResolveAssemblyReference.cache (TaskId:11)
                     InstalledAssemblySubsetTables: (TaskId:11)
                     IgnoreInstalledAssemblySubsetTable: (TaskId:11)
                         False (TaskId:11)
                     TargetFrameworkSubsets: (TaskId:11)
                     FullTargetFrameworkSubsetNames: (TaskId:11)
                         Full (TaskId:11)
                     ProfileName: (TaskId:11)
                          (TaskId:11)
                     FullFrameworkFolders: (TaskId:11)
                         C:\Program Files (x86)\Reference Assemblies\Microsoft\Framework\.NETFramework\v4.0 (TaskId:11)
                     LatestTargetFrameworkDirectories: (TaskId:11)
                     ProfileTablesLocation: (TaskId:11)
                     Primary reference "System.Core, Version=4.0.0.0, Culture=neutral, PublicKeyToken=b77a5c561934e089". (TaskId:11)
                         Resolved file path is "C:\Program Files (x86)\Reference Assemblies\Microsoft\Framework\.NETFramework\v4.0\System.Core.dll". (TaskId:11)
                         Reference found at search path location "{TargetFrameworkDirectory}". (TaskId:11)
                             For SearchPath "c:\Program Files (x86)\Microsoft Visual Studio 10.0\VC\atlmfc\lib". (TaskId:11)
                             Considered "c:\Program Files (x86)\Microsoft Visual Studio 10.0\VC\atlmfc\lib\System.Core.winmd", but it didn't exist. (TaskId:11)
                             Considered "c:\Program Files (x86)\Microsoft Visual Studio 10.0\VC\atlmfc\lib\System.Core.dll", but it didn't exist. (TaskId:11)
                             Considered "c:\Program Files (x86)\Microsoft Visual Studio 10.0\VC\atlmfc\lib\System.Core.exe", but it didn't exist. (TaskId:11)
                             For SearchPath "c:\Program Files (x86)\Microsoft Visual Studio 10.0\VC\lib". (TaskId:11)
                             Considered "c:\Program Files (x86)\Microsoft Visual Studio 10.0\VC\lib\System.Core.winmd", but it didn't exist. (TaskId:11)
                             Considered "c:\Program Files (x86)\Microsoft Visual Studio 10.0\VC\lib\System.Core.dll", but it didn't exist. (TaskId:11)
                             Considered "c:\Program Files (x86)\Microsoft Visual Studio 10.0\VC\lib\System.Core.exe", but it didn't exist. (TaskId:11)
                             For SearchPath "{TargetFrameworkDirectory}". (TaskId:11)
                             Considered "C:\Program Files (x86)\Reference Assemblies\Microsoft\Framework\.NETFramework\v4.0\System.Core.winmd", but it didn't exist. (TaskId:11)
                         This reference is not "CopyLocal" because it's a prerequisite file. (TaskId:11)
                         The ImageRuntimeVersion for this reference is "v4.0.30319". (TaskId:11)
                   Done executing task "ResolveAssemblyReference". (TaskId:11)
14:14:31.043     1>Done building target "ResolveAssemblyReferences" in project "gConv.vcxproj".: (TargetId:17)
                   Target "ResolveComReferences" skipped, due to false condition; ('@(COMReference)'!='' or '@(COMFileReference)'!='') was evaluated as (''!='' or ''!='').
14:14:31.043     1>Target "AfterResolveReferences: (TargetId:18)" in file "C:\Windows\Microsoft.NET\Framework\v4.0.30319\Microsoft.Common.Targets" from project "C:\TODD5_3D - Copy 05 Feb2014\gConv\gConv.vcxproj" (target "ResolveReferences" depends on it):
14:14:31.043     1>Done building target "AfterResolveReferences" in project "gConv.vcxproj".: (TargetId:18)
                   Target "ImplicitlyExpandDesignTimeFacades" skipped, due to false condition; ('$(ImplicitlyExpandDesignTimeFacades)' == 'true') was evaluated as ('' == 'true').
                   Target "ResolveTestReferences" skipped, due to false condition; ('@(Shadow)'!='') was evaluated as (''!='').
14:14:31.043     1>Target "ResolveReferences: (TargetId:19)" in file "C:\Windows\Microsoft.NET\Framework\v4.0.30319\Microsoft.Common.Targets" from project "C:\TODD5_3D - Copy 05 Feb2014\gConv\gConv.vcxproj" (target "Build" depends on it):
14:14:31.043     1>Done building target "ResolveReferences" in project "gConv.vcxproj".: (TargetId:19)
                   Target "PrepareForBuild" skipped. Previously built successfully.
                   Target "PrepareForBuild" skipped. Previously built successfully.
14:14:31.043     1>Target "InitializeBuildStatus: (TargetId:20)" in file "C:\Program Files (x86)\MSBuild\Microsoft.Cpp\v4.0\Microsoft.CppBuild.targets" from project "C:\TODD5_3D - Copy 05 Feb2014\gConv\gConv.vcxproj" (target "Build" depends on it):
                   Using "ReadLinesFromFile" task from assembly "Microsoft.Build.Tasks.v4.0, Version=4.0.0.0, Culture=neutral, PublicKeyToken=b03f5f7f11d50a3a".
                   Task "ReadLinesFromFile" (TaskId:12)
                   Done executing task "ReadLinesFromFile". (TaskId:12)
                   Using "WriteLinesToFile" task from assembly "Microsoft.Build.Tasks.v4.0, Version=4.0.0.0, Culture=neutral, PublicKeyToken=b03f5f7f11d50a3a".
                   Task "WriteLinesToFile" (TaskId:13)
                   Done executing task "WriteLinesToFile". (TaskId:13)
                   Using "Touch" task from assembly "Microsoft.Build.Tasks.v4.0, Version=4.0.0.0, Culture=neutral, PublicKeyToken=b03f5f7f11d50a3a".
                   Task "Touch" (TaskId:14)
                     Touching "Release\gConv.unsuccessfulbuild". (TaskId:14)
                   Done executing task "Touch". (TaskId:14)
14:14:31.046     1>Done building target "InitializeBuildStatus" in project "gConv.vcxproj".: (TargetId:20)
                   Target "AssignProjectConfiguration" skipped. Previously built successfully.
                   Target "_SplitProjectReferencesByFileExistence" skipped. Previously built successfully.
14:14:31.046     1>Target "BuildGenerateSourcesTraverse: (TargetId:21)" in file "C:\Windows\Microsoft.NET\Framework\v4.0.30319\Microsoft.Common.Targets" from project "C:\TODD5_3D - Copy 05 Feb2014\gConv\gConv.vcxproj" (target "BuildGenerateSources" depends on it):
                   Task "MSBuild" skipped, due to false condition; ('$(BuildPassReferences)' == 'true' and '@(ProjectReferenceWithConfiguration)' != '' and '@(_MSBuildProjectReferenceExistent)' != '' and '%(_MSBuildProjectReferenceExistent.BuildReference)' == 'true') was evaluated as ('' == 'true' and '' != '' and '' != '' and '' == 'true').
14:14:31.046     1>Done building target "BuildGenerateSourcesTraverse" in project "gConv.vcxproj".: (TargetId:21)
                   Target "SetBuildDefaultEnvironmentVariables" skipped. Previously built successfully.
                   Target "SetUserMacroEnvironmentVariables" skipped, due to false condition; ('@(BuildMacro)' != '') was evaluated as ('' != '').
                   Target "PrepareForBuild" skipped. Previously built successfully.
                   Target "ResolveReferences" skipped. Previously built successfully.
14:14:31.046     1>Target "BeforeBuildGenerateSources: (TargetId:22)" in file "C:\Program Files (x86)\MSBuild\Microsoft.Cpp\v4.0\Microsoft.BuildSteps.Targets" from project "C:\TODD5_3D - Copy 05 Feb2014\gConv\gConv.vcxproj" (target "BuildGenerateSources" depends on it):
14:14:31.046     1>Done building target "BeforeBuildGenerateSources" in project "gConv.vcxproj".: (TargetId:22)
14:14:31.046     1>Target "PreBuildEvent: (TargetId:23)" in file "C:\Program Files (x86)\MSBuild\Microsoft.Cpp\v4.0\Microsoft.CppCommon.targets" from project "C:\TODD5_3D - Copy 05 Feb2014\gConv\gConv.vcxproj" (target "BuildGenerateSources" depends on it):
                   Task "Message" skipped, due to false condition; ('%(PreBuildEvent.Message)' != '' and '%(PreBuildEvent.Command)' != '') was evaluated as ('' != '' and '' != '').
                   Task "Exec" skipped, due to false condition; ('%(PreBuildEvent.Command)' != '') was evaluated as ('' != '').
14:14:31.046     1>Done building target "PreBuildEvent" in project "gConv.vcxproj".: (TargetId:23)
                   Target "CustomBuild" skipped, due to false condition; ('@(CustomBuild)' != '') was evaluated as ('' != '').
                   Target "PrepareForBuild" skipped. Previously built successfully.
                   Target "SetBuildDefaultEnvironmentVariables" skipped. Previously built successfully.
                   Target "SetUserMacroEnvironmentVariables" skipped, due to false condition; ('@(BuildMacro)' != '') was evaluated as ('' != '').
14:14:31.046     1>Target "_SelectedFiles: (TargetId:24)" in file "C:\Program Files (x86)\MSBuild\Microsoft.Cpp\v4.0\Microsoft.CppBuild.targets" from project "C:\TODD5_3D - Copy 05 Feb2014\gConv\gConv.vcxproj" (target "CudaBuild" depends on it):
14:14:31.046     1>Done building target "_SelectedFiles" in project "gConv.vcxproj".: (TargetId:24)
                   Target "CudaFilterSelectedFiles" skipped, due to false condition; ('@(SelectedFiles)' != '') was evaluated as ('' != '').
14:14:31.047     1>Target "InitializeCudaHostProperties: (TargetId:25)" in file "C:\Program Files (x86)\MSBuild\Microsoft.Cpp\v4.0\BuildCustomizations\CUDA 6.0.targets" from project "C:\TODD5_3D - Copy 05 Feb2014\gConv\gConv.vcxproj" (target "AddCudaCompileMetadata" depends on it):
14:14:31.047     1>Done building target "InitializeCudaHostProperties" in project "gConv.vcxproj".: (TargetId:25)
14:14:31.047     1>Target "AddCudaCompileMetadata: (TargetId:26)" in file "C:\Program Files (x86)\MSBuild\Microsoft.Cpp\v4.0\BuildCustomizations\CUDA 6.0.targets" from project "C:\TODD5_3D - Copy 05 Feb2014\gConv\gConv.vcxproj" (target "CudaBuild" depends on it):
                   Building target "AddCudaCompileMetadata" completely.
                   No input files were specified.
                   Using "SanitizePaths" task from assembly "C:\Program Files (x86)\MSBuild\Microsoft.Cpp\v4.0\BuildCustomizations\Nvda.Build.CudaTasks.v6.0.dll".
                   Task "SanitizePaths" (TaskId:15)
                   Done executing task "SanitizePaths". (TaskId:15)
                   Task "ReadLinesFromFile" (TaskId:16)
                   Done executing task "ReadLinesFromFile". (TaskId:16)
                   Using "SplitToItemMetadata" task from assembly "C:\Program Files (x86)\MSBuild\Microsoft.Cpp\v4.0\BuildCustomizations\Nvda.Build.CudaTasks.v6.0.dll".
                   Task "SplitToItemMetadata" (TaskId:17)
                   Done executing task "SplitToItemMetadata". (TaskId:17)
14:14:31.079     1>Done building target "AddCudaCompileMetadata" in project "gConv.vcxproj".: (TargetId:26)
                   Target "AddCudaCompileMetadata" skipped. Previously built successfully.
                   Target "InitializeCudaHostProperties" skipped. Previously built successfully.
                   Target "AddCudaCompileMetadata" skipped. Previously built successfully.
14:14:31.079     1>Target "InitializeCudaProjectProperties: (TargetId:27)" in file "C:\Program Files (x86)\MSBuild\Microsoft.Cpp\v4.0\BuildCustomizations\CUDA 6.0.targets" from project "C:\TODD5_3D - Copy 05 Feb2014\gConv\gConv.vcxproj" (target "AddCudaLinkMetadata" depends on it):
                   Task "SplitToItemMetadata" (TaskId:18)
                   Done executing task "SplitToItemMetadata". (TaskId:18)
14:14:31.080     1>Done building target "InitializeCudaProjectProperties" in project "gConv.vcxproj".: (TargetId:27)
14:14:31.080     1>Target "AddCudaLinkMetadata: (TargetId:28)" in file "C:\Program Files (x86)\MSBuild\Microsoft.Cpp\v4.0\BuildCustomizations\CUDA 6.0.targets" from project "C:\TODD5_3D - Copy 05 Feb2014\gConv\gConv.vcxproj" (target "CudaBuild" depends on it):
                   Building target "AddCudaLinkMetadata" completely.
                   No input files were specified.
                   Using "ResolvePaths" task from assembly "C:\Program Files (x86)\MSBuild\Microsoft.Cpp\v4.0\BuildCustomizations\Nvda.Build.CudaTasks.v6.0.dll".
                   Task "ResolvePaths" (TaskId:19)
                   Done executing task "ResolvePaths". (TaskId:19)
14:14:31.081     1>Done building target "AddCudaLinkMetadata" in project "gConv.vcxproj".: (TargetId:28)
                   Target "SetBuildDefaultEnvironmentVariables" skipped. Previously built successfully.
                   Target "SetUserMacroEnvironmentVariables" skipped, due to false condition; ('@(BuildMacro)' != '') was evaluated as ('' != '').
                   Target "PrepareForBuild" skipped. Previously built successfully.
                   Target "AddCudaCompileMetadata" skipped. Previously built successfully.
14:14:31.081     1>Target "AddCudaCompileDeps: (TargetId:29)" in file "C:\Program Files (x86)\MSBuild\Microsoft.Cpp\v4.0\BuildCustomizations\CUDA 6.0.targets" from project "C:\TODD5_3D - Copy 05 Feb2014\gConv\gConv.vcxproj" (target "CudaBuild" depends on it):
                   Building target "AddCudaCompileDeps" completely.
                   Input file "C:\Program Files\NVIDIA GPU Computing Toolkit\CUDA\v4.1\include\cuda_runtime.h" does not exist.
                   Using "GenerateDeps" task from assembly "C:\Program Files (x86)\MSBuild\Microsoft.Cpp\v4.0\BuildCustomizations\Nvda.Build.CudaTasks.v6.0.dll".
                   Task "GenerateDeps" (TaskId:20)
                     Command: (TaskId:20)
                     c:\Program Files (x86)\Microsoft Visual Studio 10.0\VC\bin\cl.exe /E /nologo /showIncludes /TP /D__CUDACC__ /D_MBCS /I"C:\Program Files\NVIDIA GPU Computing Toolkit\CUDA\v6.0\include" /I"C:\Program Files\NVIDIA GPU Computing Toolkit\CUDA\v6.0\bin" /I"C:\Program Files\NVIDIA GPU Computing Toolkit\CUDA\v6.0\include" /I. /FIcuda_runtime.h /c "C:\TODD5_3D - Copy 05 Feb2014\gConv\convolutionFFT2D_kernel.cu"  (TaskId:20)
                     The "GenerateDeps" task is using "cl.exe" from "c:\Program Files (x86)\Microsoft Visual Studio 10.0\VC\bin\cl.exe". (TaskId:20)
                   Done executing task "GenerateDeps". (TaskId:20)
                   Task "MakeDir" (TaskId:21)
                   Done executing task "MakeDir". (TaskId:21)
                   Task "WriteLinesToFile" (TaskId:22)
                   Done executing task "WriteLinesToFile". (TaskId:22)
14:14:31.449     1>Done building target "AddCudaCompileDeps" in project "gConv.vcxproj".: (TargetId:29)
                   Target "SetBuildDefaultEnvironmentVariables" skipped. Previously built successfully.
                   Target "SetUserMacroEnvironmentVariables" skipped, due to false condition; ('@(BuildMacro)' != '') was evaluated as ('' != '').
                   Target "PrepareForBuild" skipped. Previously built successfully.
                   Target "AddCudaCompileMetadata" skipped. Previously built successfully.
14:14:31.450     1>Target "AddCudaCompilePropsDeps: (TargetId:30)" in file "C:\Program Files (x86)\MSBuild\Microsoft.Cpp\v4.0\BuildCustomizations\CUDA 6.0.targets" from project "C:\TODD5_3D - Copy 05 Feb2014\gConv\gConv.vcxproj" (target "CudaBuild" depends on it):
                   Building target "AddCudaCompilePropsDeps" completely.
                   Input file "gConv.vcxproj" is newer than output file "Release\convolutionFFT2D_kernel.cu.cache".
                   Task "ReadLinesFromFile" (TaskId:23)
                   Done executing task "ReadLinesFromFile". (TaskId:23)
                   Using "XmlPeek" task from assembly "Microsoft.Build.Tasks.v4.0, Version=4.0.0.0, Culture=neutral, PublicKeyToken=b03f5f7f11d50a3a".
                   Task "XmlPeek" (TaskId:24)
                     Found "CudaToolkitCustomDir". (TaskId:24)
                     Found "AdditionalDeps". (TaskId:24)
                     Found "CompileOut". (TaskId:24)
                     Found "Include". (TaskId:24)
                     Found "UseHostInclude". (TaskId:24)
                     Found "Keep". (TaskId:24)
                     Found "KeepDir". (TaskId:24)
                     Found "GenerateRelocatableDeviceCode". (TaskId:24)
                     Found "NvccCompilation". (TaskId:24)
                     Found "CudaRuntime". (TaskId:24)
                     Found "NvccPath". (TaskId:24)
                     Found "RequiredIncludes". (TaskId:24)
                     Found "TargetMachinePlatform". (TaskId:24)
                     Found "CInterleavedPTX". (TaskId:24)
                     Found "CodeGeneration". (TaskId:24)
                     Found "GPUDebugInfo". (TaskId:24)
                     Found "GenerateLineInfo". (TaskId:24)
                     Found "MaxRegCount". (TaskId:24)
                     Found "PtxAsOptionV". (TaskId:24)
                     Found "AdditionalCompilerOptions". (TaskId:24)
                     Found "Defines". (TaskId:24)
                     Found "UseHostDefines". (TaskId:24)
                     Found "Emulation". (TaskId:24)
                     Found "HostDebugInfo". (TaskId:24)
                     Found "FastMath". (TaskId:24)
                     Found "Optimization". (TaskId:24)
                     Found "Runtime". (TaskId:24)
                     Found "RuntimeChecks". (TaskId:24)
                     Found "TypeInfo". (TaskId:24)
                     Found "Warning". (TaskId:24)
                     Found "AdditionalOptions". (TaskId:24)
                     Found "CommandLineTemplate". (TaskId:24)
                     Found "PerformDeviceLink". (TaskId:24)
                     Found "LinkOut". (TaskId:24)
                     Found "AdditionalLibraryDirectories". (TaskId:24)
                     Found "UseHostLibraryDirectories". (TaskId:24)
                     Found "AdditionalDependencies". (TaskId:24)
                     Found "UseHostLibraryDependencies". (TaskId:24)
                     Found "GPUDebugInfo". (TaskId:24)
                     Found "Optimization". (TaskId:24)
                     Found "CodeGeneration". (TaskId:24)
                     Found "TargetMachinePlatform". (TaskId:24)
                     Found "Warning". (TaskId:24)
                     Found "RuntimeChecks". (TaskId:24)
                     Found "Runtime". (TaskId:24)
                     Found "TypeInfo". (TaskId:24)
                     Found "AdditionalCompilerOptions". (TaskId:24)
                     Found "Inputs". (TaskId:24)
                     Found "AdditionalOptions". (TaskId:24)
                     Found "CommandLineTemplate". (TaskId:24)
                   Done executing task "XmlPeek". (TaskId:24)
                   Using "ReadMetadataLinesFromItems" task from assembly "C:\Program Files (x86)\MSBuild\Microsoft.Cpp\v4.0\BuildCustomizations\Nvda.Build.CudaTasks.v6.0.dll".
                   Task "ReadMetadataLinesFromItems" (TaskId:25)
                   Done executing task "ReadMetadataLinesFromItems". (TaskId:25)
                   Task "WriteLinesToFile" (TaskId:26)
                   Done executing task "WriteLinesToFile". (TaskId:26)
14:14:31.474     1>Done building target "AddCudaCompilePropsDeps" in project "gConv.vcxproj".: (TargetId:30)
14:14:31.474     1>Target "ValidateCudaBuild: (TargetId:31)" in file "C:\Program Files (x86)\MSBuild\Microsoft.Cpp\v4.0\BuildCustomizations\CUDA 6.0.targets" from project "C:\TODD5_3D - Copy 05 Feb2014\gConv\gConv.vcxproj" (target "CudaBuild" depends on it):
                   Task "Error" skipped, due to false condition; (!Exists($(CudaToolkitDir))) was evaluated as (!Exists(C:\Program Files\NVIDIA GPU Computing Toolkit\CUDA\v6.0\)).
                   Task "Error" skipped, due to false condition; ('$(PlatformToolset)' == 'v120') was evaluated as ('v100' == 'v120').
14:14:31.474     1>Done building target "ValidateCudaBuild" in project "gConv.vcxproj".: (TargetId:31)
14:14:31.474     1>Target "ValidateCudaCodeGeneration: (TargetId:32)" in file "C:\Program Files (x86)\MSBuild\Microsoft.Cpp\v4.0\BuildCustomizations\CUDA 6.0.targets" from project "C:\TODD5_3D - Copy 05 Feb2014\gConv\gConv.vcxproj" (target "CudaBuild" depends on it):
                   Building target "ValidateCudaCodeGeneration" completely.
                   No input files were specified.
                   Using "CountItems" task from assembly "C:\Program Files (x86)\MSBuild\Microsoft.Cpp\v4.0\BuildCustomizations\Nvda.Build.CudaTasks.v6.0.dll".
                   Task "CountItems" (TaskId:27)
                   Done executing task "CountItems". (TaskId:27)
                   Task "Error" skipped, due to false condition; ('%(CudaCompile.NvccCompilation)' != 'compile' AND $(ValidateCudaCodeGenerationCount) > 1) was evaluated as ('compile' != 'compile' AND 1 > 1).
14:14:31.475     1>Done building target "ValidateCudaCodeGeneration" in project "gConv.vcxproj".: (TargetId:32)
14:14:31.475     1>Target "ComputeCudaCompileOutput: (TargetId:33)" in file "C:\Program Files (x86)\MSBuild\Microsoft.Cpp\v4.0\BuildCustomizations\CUDA 6.0.targets" from project "C:\TODD5_3D - Copy 05 Feb2014\gConv\gConv.vcxproj" (target "CudaBuild" depends on it):
                   Building target "ComputeCudaCompileOutput" completely.
                   No input files were specified.
14:14:31.475     1>Done building target "ComputeCudaCompileOutput" in project "gConv.vcxproj".: (TargetId:33)
14:14:31.475     1>Target "PrepareForCudaBuild: (TargetId:34)" in file "C:\Program Files (x86)\MSBuild\Microsoft.Cpp\v4.0\BuildCustomizations\CUDA 6.0.targets" from project "C:\TODD5_3D - Copy 05 Feb2014\gConv\gConv.vcxproj" (target "CudaBuild" depends on it):
                   Task "SanitizePaths" (TaskId:28)
                   Done executing task "SanitizePaths". (TaskId:28)
                   Using "CudaSetEnvironmentVariable" task from assembly "C:\Program Files (x86)\MSBuild\Microsoft.Cpp\v4.0\BuildCustomizations\Nvda.Build.CudaTasks.v6.0.dll".
                   Task "CudaSetEnvironmentVariable" (TaskId:29)
                     Nvda.Build.CudaTasks.CudaSetEnvironmentVariable: Setting 'CUDAFE_FLAGS' to '--sdk_dir "C:\Program Files (x86)\Microsoft SDKs\Windows\v7.0A"' (TaskId:29)
                   Done executing task "CudaSetEnvironmentVariable". (TaskId:29)
14:14:31.476     1>Done building target "PrepareForCudaBuild" in project "gConv.vcxproj".: (TargetId:34)
14:14:31.476     1>Target "CudaBuild: (TargetId:35)" in file "C:\Program Files (x86)\MSBuild\Microsoft.Cpp\v4.0\BuildCustomizations\CUDA 6.0.targets" from project "C:\TODD5_3D - Copy 05 Feb2014\gConv\gConv.vcxproj" (target "BuildGenerateSources" depends on it):
                   Building target "CudaBuild" completely.
                   Input file "gConv.vcxproj" is newer than output file "Release\convolutionFFT2D_kernel.cu.obj".
                   Task "Message" (TaskId:30)
                     Compiling CUDA source file convolutionFFT2D_kernel.cu... (TaskId:30)
                   Done executing task "Message". (TaskId:30)
                   Task "Message" skipped, due to false condition; ('%(CudaCompile.ExcludedFromBuild)' == 'true') was evaluated as ('' == 'true').
                   Task "MakeDir" skipped, due to false condition; (!Exists('$(CompileOutDir)')) was evaluated as (!Exists('C:\TODD5_3D - Copy 05 Feb2014\gConv\Release')).
                   Task "MakeDir" skipped, due to false condition; ('%(CudaCompile.Keep)' == 'true' AND !Exists('%(CudaCompile.KeepDir)')) was evaluated as ('false' == 'true' AND !Exists('Release')).
                   Initializing task factory "XamlTaskFactory" from assembly "Microsoft.Build.Tasks.v4.0".
                   Using "CudaCompile" task from the task factory "XamlTaskFactory".
                   Task "CudaCompile" (TaskId:31)
                     cmd.exe /C "C:\Users\Hossein\AppData\Local\Temp\tmp4aa2e5d50add4add97120fe05fd40871.cmd" (TaskId:31)
                     "C:\Program Files\NVIDIA GPU Computing Toolkit\CUDA\v6.0\bin\nvcc.exe" -gencode=arch=compute_10,code=\"sm_10,compute_10\" --use-local-env --cl-version 2010 -ccbin "c:\Program Files (x86)\Microsoft Visual Studio 10.0\VC\bin"  -I"C:\Program Files\NVIDIA GPU Computing Toolkit\CUDA\v6.0\include" -I"C:\Program Files\NVIDIA GPU Computing Toolkit\CUDA\v6.0\include"     --keep-dir Release -maxrregcount=0  --machine 32 --compile -cudart static     -D_MBCS -Xcompiler "/EHsc /W3 /nologo /O2 /Zi  /MD  " -o Release\convolutionFFT2D_kernel.cu.obj "C:\TODD5_3D - Copy 05 Feb2014\gConv\convolutionFFT2D_kernel.cu" (TaskId:31)
                      (TaskId:31)
                     C:\TODD5_3D - Copy 05 Feb2014\gConv>"C:\Program Files\NVIDIA GPU Computing Toolkit\CUDA\v6.0\bin\nvcc.exe" -gencode=arch=compute_10,code=\"sm_10,compute_10\" --use-local-env --cl-version 2010 -ccbin "c:\Program Files (x86)\Microsoft Visual Studio 10.0\VC\bin"  -I"C:\Program Files\NVIDIA GPU Computing Toolkit\CUDA\v6.0\include" -I"C:\Program Files\NVIDIA GPU Computing Toolkit\CUDA\v6.0\include"     --keep-dir Release -maxrregcount=0  --machine 32 --compile -cudart static     -D_MBCS -Xcompiler "/EHsc /W3 /nologo /O2 /Zi  /MD  " -o Release\convolutionFFT2D_kernel.cu.obj "C:\TODD5_3D - Copy 05 Feb2014\gConv\convolutionFFT2D_kernel.cu"  (TaskId:31)
14:14:32.623     1>nvcc : warning : The 'compute_10' and 'sm_10' architectures are deprecated, and may be removed in a future release.
                     convolutionFFT2D_kernel.cu (TaskId:31)
                   Done executing task "CudaCompile". (TaskId:31)
                   Using "Delete" task from assembly "Microsoft.Build.Tasks.v4.0, Version=4.0.0.0, Culture=neutral, PublicKeyToken=b03f5f7f11d50a3a".
                   Task "Delete" (TaskId:32)
                   Done executing task "Delete". (TaskId:32)
14:14:34.993     1>Done building target "CudaBuild" in project "gConv.vcxproj".: (TargetId:35)
14:14:34.993     1>Target "_GenerateXMLData: (TargetId:36)" in file "C:\Program Files (x86)\MSBuild\Microsoft.Cpp\v4.0\Microsoft.CppBuild.targets" from project "C:\TODD5_3D - Copy 05 Feb2014\gConv\gConv.vcxproj" (target "BuildGenerateSources" depends on it):
14:14:34.993     1>Done building target "_GenerateXMLData" in project "gConv.vcxproj".: (TargetId:36)
14:14:34.993     1>Target "_GenerateWebServiceProxy: (TargetId:37)" in file "C:\Program Files (x86)\MSBuild\Microsoft.Cpp\v4.0\Microsoft.CppBuild.targets" from project "C:\TODD5_3D - Copy 05 Feb2014\gConv\gConv.vcxproj" (target "BuildGenerateSources" depends on it):
14:14:34.993     1>Done building target "_GenerateWebServiceProxy" in project "gConv.vcxproj".: (TargetId:37)
                   Target "Xsd" skipped, due to false condition; ('@(Xsd)' != '') was evaluated as ('' != '').
14:14:34.993     1>Target "_Xsd: (TargetId:38)" in file "C:\Program Files (x86)\MSBuild\Microsoft.Cpp\v4.0\Microsoft.CppBuild.targets" from project "C:\TODD5_3D - Copy 05 Feb2014\gConv\gConv.vcxproj" (target "BuildGenerateSources" depends on it):
14:14:34.993     1>Done building target "_Xsd" in project "gConv.vcxproj".: (TargetId:38)
14:14:34.993     1>Target "MakeDirsForMidl: (TargetId:39)" in file "C:\Program Files (x86)\MSBuild\Microsoft.Cpp\v4.0\Microsoft.CppBuild.targets" from project "C:\TODD5_3D - Copy 05 Feb2014\gConv\gConv.vcxproj" (target "_Midl" depends on it):
                   Task "Makedir" (TaskId:33)
                   Done executing task "Makedir". (TaskId:33)
14:14:34.993     1>Done building target "MakeDirsForMidl" in project "gConv.vcxproj".: (TargetId:39)
                   Target "Midl" skipped, due to false condition; ('@(Midl)' != '') was evaluated as ('' != '').
                   Target "CustomBuild" skipped, due to false condition; ('@(CustomBuild)' != '') was evaluated as ('' != '').
14:14:34.993     1>Target "ComputeMIDLGeneratedCompileInputs: (TargetId:40)" in file "C:\Program Files (x86)\MSBuild\Microsoft.Cpp\v4.0\Microsoft.CppBuild.targets" from project "C:\TODD5_3D - Copy 05 Feb2014\gConv\gConv.vcxproj" (target "_Midl" depends on it):
14:14:34.994     1>Done building target "ComputeMIDLGeneratedCompileInputs" in project "gConv.vcxproj".: (TargetId:40)
14:14:34.994     1>Target "AfterMidl: (TargetId:41)" in file "C:\Program Files (x86)\MSBuild\Microsoft.Cpp\v4.0\Microsoft.CppBuild.targets" from project "C:\TODD5_3D - Copy 05 Feb2014\gConv\gConv.vcxproj" (target "_Midl" depends on it):
14:14:34.994     1>Done building target "AfterMidl" in project "gConv.vcxproj".: (TargetId:41)
14:14:34.994     1>Target "_Midl: (TargetId:42)" in file "C:\Program Files (x86)\MSBuild\Microsoft.Cpp\v4.0\Microsoft.CppBuild.targets" from project "C:\TODD5_3D - Copy 05 Feb2014\gConv\gConv.vcxproj" (target "BuildGenerateSources" depends on it):
14:14:34.994     1>Done building target "_Midl" in project "gConv.vcxproj".: (TargetId:42)
14:14:34.994     1>Target "AfterBuildGenerateSources: (TargetId:43)" in file "C:\Program Files (x86)\MSBuild\Microsoft.Cpp\v4.0\Microsoft.BuildSteps.Targets" from project "C:\TODD5_3D - Copy 05 Feb2014\gConv\gConv.vcxproj" (target "BuildGenerateSources" depends on it):
14:14:34.994     1>Done building target "AfterBuildGenerateSources" in project "gConv.vcxproj".: (TargetId:43)
14:14:34.994     1>Target "AfterBuildGenerateSourcesEvent: (TargetId:44)" in file "C:\Program Files (x86)\MSBuild\Microsoft.Cpp\v4.0\Microsoft.CppBuild.targets" from project "C:\TODD5_3D - Copy 05 Feb2014\gConv\gConv.vcxproj" (target "BuildGenerateSources" depends on it):
14:14:34.994     1>Done building target "AfterBuildGenerateSourcesEvent" in project "gConv.vcxproj".: (TargetId:44)
14:14:34.994     1>Target "BuildGenerateSources: (TargetId:45)" in file "C:\Windows\Microsoft.NET\Framework\v4.0.30319\Microsoft.Common.Targets" from project "C:\TODD5_3D - Copy 05 Feb2014\gConv\gConv.vcxproj" (target "Build" depends on it):
14:14:34.994     1>Done building target "BuildGenerateSources" in project "gConv.vcxproj".: (TargetId:45)
                   Target "AssignProjectConfiguration" skipped. Previously built successfully.
                   Target "_SplitProjectReferencesByFileExistence" skipped. Previously built successfully.
14:14:34.994     1>Target "BuildCompileTraverse: (TargetId:46)" in file "C:\Windows\Microsoft.NET\Framework\v4.0.30319\Microsoft.Common.Targets" from project "C:\TODD5_3D - Copy 05 Feb2014\gConv\gConv.vcxproj" (target "BuildCompile" depends on it):
                   Task "MSBuild" skipped, due to false condition; ('$(BuildPassReferences)' == 'true' and '@(ProjectReferenceWithConfiguration)' != '' and '@(_MSBuildProjectReferenceExistent)' != ''  and '%(_MSBuildProjectReferenceExistent.BuildReference)' == 'true') was evaluated as ('' == 'true' and '' != '' and '' != ''  and '' == 'true').
14:14:34.994     1>Done building target "BuildCompileTraverse" in project "gConv.vcxproj".: (TargetId:46)
                   Target "SetBuildDefaultEnvironmentVariables" skipped. Previously built successfully.
                   Target "SetUserMacroEnvironmentVariables" skipped, due to false condition; ('@(BuildMacro)' != '') was evaluated as ('' != '').
                   Target "PrepareForBuild" skipped. Previously built successfully.
                   Target "ResolveReferences" skipped. Previously built successfully.
14:14:34.994     1>Target "BeforeClCompile: (TargetId:47)" in file "C:\Program Files (x86)\MSBuild\Microsoft.Cpp\v4.0\Microsoft.CppBuild.targets" from project "C:\TODD5_3D - Copy 05 Feb2014\gConv\gConv.vcxproj" (target "_ClCompile" depends on it):
14:14:34.994     1>Done building target "BeforeClCompile" in project "gConv.vcxproj".: (TargetId:47)
                   Target "ComputeMIDLGeneratedCompileInputs" skipped. Previously built successfully.
14:14:34.994     1>Target "ComputeCLInputPDBName: (TargetId:48)" in file "C:\Program Files (x86)\MSBuild\Microsoft.Cpp\v4.0\Microsoft.CppBuild.targets" from project "C:\TODD5_3D - Copy 05 Feb2014\gConv\gConv.vcxproj" (target "_ClCompile" depends on it):
14:14:34.994     1>Done building target "ComputeCLInputPDBName" in project "gConv.vcxproj".: (TargetId:48)
                   Target "ResolveReferences" skipped. Previously built successfully.
14:14:34.994     1>Target "ComputeReferenceCLInput: (TargetId:49)" in file "C:\Program Files (x86)\MSBuild\Microsoft.Cpp\v4.0\Microsoft.CppBuild.targets" from project "C:\TODD5_3D - Copy 05 Feb2014\gConv\gConv.vcxproj" (target "_ClCompile" depends on it):
                   Task "WriteLinesToFile" (TaskId:34)
                   Done executing task "WriteLinesToFile". (TaskId:34)
                   Task "Message" skipped, due to false condition; ('$(_REFERENCE_DEBUG)'=='true' and '%(ClCompile.CompileAsManaged)' != 'false' and '%(ClCompile.CompileAsManaged)' != '') was evaluated as (''=='true' and '' != 'false' and '' != '').
14:14:34.995     1>Done building target "ComputeReferenceCLInput" in project "gConv.vcxproj".: (TargetId:49)
14:14:34.995     1>Target "MakeDirsForCl: (TargetId:50)" in file "C:\Program Files (x86)\MSBuild\Microsoft.Cpp\v4.0\Microsoft.CppBuild.targets" from project "C:\TODD5_3D - Copy 05 Feb2014\gConv\gConv.vcxproj" (target "_ClCompile" depends on it):
                   Task "MakeDir" (TaskId:35)
                   Done executing task "MakeDir". (TaskId:35)
14:14:34.995     1>Done building target "MakeDirsForCl" in project "gConv.vcxproj".: (TargetId:50)
                   Target "ClCompile" skipped, due to false condition; ('@(ClCompile)' != '') was evaluated as ('' != '').
                   Target "GenerateTargetFrameworkMonikerAttribute" skipped, due to false condition; ('$(GenerateTargetFrameworkAttribute)' == 'true') was evaluated as ('false' == 'true').
                   Target "ManagedIncrementalBuildPreProcessDependencyGraph" skipped, due to false condition; ('@(ClCompile)' != '' and '$(EnableManagedIncrementalBuild)' == 'True') was evaluated as ('' != '' and 'false' == 'True').
                   Target "ManagedIncrementalBuildPostProcessDependencyGraph" skipped, due to false condition; ('@(ClCompile)' != '' and '$(EnableManagedIncrementalBuild)' == 'True') was evaluated as ('' != '' and 'false' == 'True').
14:14:34.995     1>Target "AfterClCompile: (TargetId:51)" in file "C:\Program Files (x86)\MSBuild\Microsoft.Cpp\v4.0\Microsoft.CppBuild.targets" from project "C:\TODD5_3D - Copy 05 Feb2014\gConv\gConv.vcxproj" (target "_ClCompile" depends on it):
14:14:34.995     1>Done building target "AfterClCompile" in project "gConv.vcxproj".: (TargetId:51)
14:14:34.995     1>Target "_ClCompile: (TargetId:52)" in file "C:\Program Files (x86)\MSBuild\Microsoft.Cpp\v4.0\Microsoft.CppBuild.targets" from project "C:\TODD5_3D - Copy 05 Feb2014\gConv\gConv.vcxproj" (target "BuildCompile" depends on it):
14:14:34.995     1>Done building target "_ClCompile" in project "gConv.vcxproj".: (TargetId:52)
                   Target "_ResGen" skipped, due to false condition; ('@(EmbeddedResource)'!='') was evaluated as (''!='').
14:14:34.995     1>Target "BeforeResourceCompile: (TargetId:53)" in file "C:\Program Files (x86)\MSBuild\Microsoft.Cpp\v4.0\Microsoft.CppBuild.targets" from project "C:\TODD5_3D - Copy 05 Feb2014\gConv\gConv.vcxproj" (target "_ResourceCompile" depends on it):
14:14:34.995     1>Done building target "BeforeResourceCompile" in project "gConv.vcxproj".: (TargetId:53)
14:14:34.995     1>Target "MakeDirsForResourceCompile: (TargetId:54)" in file "C:\Program Files (x86)\MSBuild\Microsoft.Cpp\v4.0\Microsoft.CppBuild.targets" from project "C:\TODD5_3D - Copy 05 Feb2014\gConv\gConv.vcxproj" (target "_ResourceCompile" depends on it):
                   Task "MakeDir" (TaskId:36)
                   Done executing task "MakeDir". (TaskId:36)
14:14:34.995     1>Done building target "MakeDirsForResourceCompile" in project "gConv.vcxproj".: (TargetId:54)
                   Target "ResourceCompile" skipped, due to false condition; ('@(ResourceCompile)' != '') was evaluated as ('' != '').
14:14:34.995     1>Target "AfterResourceCompile: (TargetId:55)" in file "C:\Program Files (x86)\MSBuild\Microsoft.Cpp\v4.0\Microsoft.CppBuild.targets" from project "C:\TODD5_3D - Copy 05 Feb2014\gConv\gConv.vcxproj" (target "_ResourceCompile" depends on it):
14:14:34.995     1>Done building target "AfterResourceCompile" in project "gConv.vcxproj".: (TargetId:55)
14:14:34.995     1>Target "_ResourceCompile: (TargetId:56)" in file "C:\Program Files (x86)\MSBuild\Microsoft.Cpp\v4.0\Microsoft.CppBuild.targets" from project "C:\TODD5_3D - Copy 05 Feb2014\gConv\gConv.vcxproj" (target "BuildCompile" depends on it):
14:14:34.995     1>Done building target "_ResourceCompile" in project "gConv.vcxproj".: (TargetId:56)
                   Target "_ImpLib" skipped, due to false condition; ('$(ImpLibCompiled)' == 'true') was evaluated as ('' == 'true').
                   Target "_Lib" skipped, due to false condition; ('$(LibCompiled)' == 'true') was evaluated as ('' == 'true').
14:14:34.995     1>Target "AfterBuildCompileEvent: (TargetId:57)" in file "C:\Program Files (x86)\MSBuild\Microsoft.Cpp\v4.0\Microsoft.CppBuild.targets" from project "C:\TODD5_3D - Copy 05 Feb2014\gConv\gConv.vcxproj" (target "BuildCompile" depends on it):
14:14:34.995     1>Done building target "AfterBuildCompileEvent" in project "gConv.vcxproj".: (TargetId:57)
14:14:34.995     1>Target "BuildCompile: (TargetId:58)" in file "C:\Windows\Microsoft.NET\Framework\v4.0.30319\Microsoft.Common.Targets" from project "C:\TODD5_3D - Copy 05 Feb2014\gConv\gConv.vcxproj" (target "Build" depends on it):
14:14:34.995     1>Done building target "BuildCompile" in project "gConv.vcxproj".: (TargetId:58)
                   Target "AssignProjectConfiguration" skipped. Previously built successfully.
                   Target "_SplitProjectReferencesByFileExistence" skipped. Previously built successfully.
14:14:34.995     1>Target "BuildLinkTraverse: (TargetId:59)" in file "C:\Windows\Microsoft.NET\Framework\v4.0.30319\Microsoft.Common.Targets" from project "C:\TODD5_3D - Copy 05 Feb2014\gConv\gConv.vcxproj" (target "BuildLink" depends on it):
                   Task "MSBuild" skipped, due to false condition; ('$(BuildPassReferences)' == 'true' and '@(ProjectReferenceWithConfiguration)' != '' and '@(_MSBuildProjectReferenceExistent)' != ''  and '%(_MSBuildProjectReferenceExistent.BuildReference)' == 'true') was evaluated as ('' == 'true' and '' != '' and '' != ''  and '' == 'true').
14:14:34.995     1>Done building target "BuildLinkTraverse" in project "gConv.vcxproj".: (TargetId:59)
                   Target "SetBuildDefaultEnvironmentVariables" skipped. Previously built successfully.
                   Target "SetUserMacroEnvironmentVariables" skipped, due to false condition; ('@(BuildMacro)' != '') was evaluated as ('' != '').
                   Target "PrepareForBuild" skipped. Previously built successfully.
                   Target "ResolveReferences" skipped. Previously built successfully.
14:14:34.995     1>Target "BeforeLink: (TargetId:60)" in file "C:\Program Files (x86)\MSBuild\Microsoft.Cpp\v4.0\Microsoft.CppBuild.targets" from project "C:\TODD5_3D - Copy 05 Feb2014\gConv\gConv.vcxproj" (target "_Link" depends on it):
14:14:34.995     1>Done building target "BeforeLink" in project "gConv.vcxproj".: (TargetId:60)
14:14:34.995     1>Target "ComputeRCOutputs: (TargetId:61)" in file "C:\Program Files (x86)\MSBuild\Microsoft.Cpp\v4.0\Microsoft.CppBuild.targets" from project "C:\TODD5_3D - Copy 05 Feb2014\gConv\gConv.vcxproj" (target "ComputeRCGeneratedLinkInputs" depends on it):
14:14:34.995     1>Done building target "ComputeRCOutputs" in project "gConv.vcxproj".: (TargetId:61)
14:14:34.995     1>Target "ComputeRCGeneratedLinkInputs: (TargetId:62)" in file "C:\Program Files (x86)\MSBuild\Microsoft.Cpp\v4.0\Microsoft.CppBuild.targets" from project "C:\TODD5_3D - Copy 05 Feb2014\gConv\gConv.vcxproj" (target "_Link" depends on it):
14:14:34.995     1>Done building target "ComputeRCGeneratedLinkInputs" in project "gConv.vcxproj".: (TargetId:62)
14:14:34.995     1>Target "ComputeManifestGeneratedLinkerInputs: (TargetId:63)" in file "C:\Program Files (x86)\MSBuild\Microsoft.Cpp\v4.0\Microsoft.CppBuild.targets" from project "C:\TODD5_3D - Copy 05 Feb2014\gConv\gConv.vcxproj" (target "_Link" depends on it):
14:14:34.995     1>Done building target "ComputeManifestGeneratedLinkerInputs" in project "gConv.vcxproj".: (TargetId:63)
14:14:34.995     1>Target "ComputeCustomBuildOutput: (TargetId:64)" in file "C:\Program Files (x86)\MSBuild\Microsoft.Cpp\v4.0\Microsoft.CppBuild.targets" from project "C:\TODD5_3D - Copy 05 Feb2014\gConv\gConv.vcxproj" (target "_Link" depends on it):
                   Task "MakeDir" (TaskId:37)
                   Done executing task "MakeDir". (TaskId:37)
14:14:34.995     1>Done building target "ComputeCustomBuildOutput" in project "gConv.vcxproj".: (TargetId:64)
                   Target "ComputeCLOutputs" skipped, due to false condition; ('@(ClCompile)' != '') was evaluated as ('' != '').
14:14:34.995     1>Target "ComputeCLGeneratedLinkInputs: (TargetId:65)" in file "C:\Program Files (x86)\MSBuild\Microsoft.Cpp\v4.0\Microsoft.CppBuild.targets" from project "C:\TODD5_3D - Copy 05 Feb2014\gConv\gConv.vcxproj" (target "_Link" depends on it):
14:14:34.996     1>Done building target "ComputeCLGeneratedLinkInputs" in project "gConv.vcxproj".: (TargetId:65)
14:14:34.996     1>Target "ComputeLinkInputsFromProject: (TargetId:66)" in file "C:\Program Files (x86)\MSBuild\Microsoft.Cpp\v4.0\Microsoft.CppBuild.targets" from project "C:\TODD5_3D - Copy 05 Feb2014\gConv\gConv.vcxproj" (target "_Link" depends on it):
14:14:34.996     1>Done building target "ComputeLinkInputsFromProject" in project "gConv.vcxproj".: (TargetId:66)
                   Target "ComputeReferenceLinkInputs" skipped, due to false condition; (@(ProjectReference) != '') was evaluated as ( != '').
                   Target "ComputeCudaCompileOutput" skipped. Previously built successfully.
14:14:34.996     1>Target "ComputeManifestInputsTargets: (TargetId:67)" in file "C:\Program Files (x86)\MSBuild\Microsoft.Cpp\v4.0\Microsoft.CppBuild.targets" from project "C:\TODD5_3D - Copy 05 Feb2014\gConv\gConv.vcxproj" (target "_Link" depends on it):
14:14:34.996     1>Done building target "ComputeManifestInputsTargets" in project "gConv.vcxproj".: (TargetId:67)
14:14:34.996     1>Target "ManifestResourceCompile: (TargetId:68)" in file "C:\Program Files (x86)\MSBuild\Microsoft.Cpp\v4.0\Microsoft.CppCommon.targets" from project "C:\TODD5_3D - Copy 05 Feb2014\gConv\gConv.vcxproj" (target "_Link" depends on it):
                   Task "WriteLinesToFile" skipped, due to false condition; (!EXISTS('$(InputManifest)')) was evaluated as (!EXISTS('Release\\gConv.exe.embed.manifest')).
                   Task "WriteLinesToFile" skipped, due to false condition; ('$(ConfigurationType)'=='Application' AND !EXISTS('@(ManifestResourceCompile)')) was evaluated as ('Application'=='Application' AND !EXISTS('Release\gConv_manifest.rc')).
                   Task "WriteLinesToFile" skipped, due to false condition; ('$(ConfigurationType)'=='DynamicLibrary' AND !EXISTS('@(ManifestResourceCompile)')) was evaluated as ('Application'=='DynamicLibrary' AND !EXISTS('Release\gConv_manifest.rc')).
                   Using "RC" task from assembly "Microsoft.Build.CppTasks.Common, Version=4.0.0.0, Culture=neutral, PublicKeyToken=b03f5f7f11d50a3a".
                   Task "RC" (TaskId:38)
                     Write Tracking Logs: (TaskId:38)
                     	Release\rc.write.1.tlog (TaskId:38)
                     Read Tracking Logs: (TaskId:38)
                     	Release\rc.read.1.tlog (TaskId:38)
                     No output for C:\TODD5_3D - COPY 05 FEB2014\GCONV\RELEASE\GCONV_MANIFEST.RC was found in the tracking log; source compilation required. (TaskId:38)
                     Release\gConv_manifest.rc will be compiled as not all outputs are available. (TaskId:38)
                     C:\Program Files (x86)\Microsoft SDKs\Windows\v7.0A\bin\rc.exe /nologo /fo"Release\gConv.exe.embed.manifest.res" Release\gConv_manifest.rc  (TaskId:38)
                     Tracking command: (TaskId:38)
                     C:\Program Files (x86)\Microsoft SDKs\Windows\v7.0A\bin\NETFX 4.0 Tools\Tracker.exe /d C:\Windows\Microsoft.NET\Framework\v4.0.30319\FileTracker.dll /i "C:\TODD5_3D - Copy 05 Feb2014\gConv\Release" /r "C:\TODD5_3D - COPY 05 FEB2014\GCONV\RELEASE\GCONV_MANIFEST.RC" /b MSBuildConsole_CancelEvent9195d6188a5544979f386dea0193d3c1  /c "C:\Program Files (x86)\Microsoft SDKs\Windows\v7.0A\bin\rc.exe"  /nologo /fo"Release\gConv.exe.embed.manifest.res" Release\gConv_manifest.rc  (TaskId:38)
                   Done executing task "RC". (TaskId:38)
14:14:35.123     1>Done building target "ManifestResourceCompile" in project "gConv.vcxproj".: (TargetId:68)
                   Target "CudaLink" skipped, due to false condition; ('@(CudaLink)' != '') was evaluated as ('' != '').
                   Target "AssignWinFXEmbeddedResource" skipped, due to false condition; ('@(WinFXEmbeddedResource)' != '') was evaluated as ('' != '').
14:14:35.123     1>Target "AssignTargetPaths: (TargetId:69)" in file "C:\Windows\Microsoft.NET\Framework\v4.0.30319\Microsoft.Common.Targets" from project "C:\TODD5_3D - Copy 05 Feb2014\gConv\gConv.vcxproj" (target "PrepareResourceNames" depends on it):
                   Using "AssignTargetPath" task from assembly "Microsoft.Build.Tasks.v4.0, Version=4.0.0.0, Culture=neutral, PublicKeyToken=b03f5f7f11d50a3a".
                   Task "AssignTargetPath" (TaskId:39)
                   Done executing task "AssignTargetPath". (TaskId:39)
                   Task "AssignTargetPath" (TaskId:40)
                   Done executing task "AssignTargetPath". (TaskId:40)
                   Task "AssignTargetPath" (TaskId:41)
                   Done executing task "AssignTargetPath". (TaskId:41)
                   Task "AssignTargetPath" (TaskId:42)
                   Done executing task "AssignTargetPath". (TaskId:42)
                   Task "AssignTargetPath" skipped, due to false condition; ('@(_DeploymentBaseManifestWithTargetPath)'=='' and '%(None.Extension)'=='.manifest') was evaluated as (''=='' and ''=='.manifest').
14:14:35.124     1>Done building target "AssignTargetPaths" in project "gConv.vcxproj".: (TargetId:69)
                   Target "AssignTargetPaths" skipped. Previously built successfully.
14:14:35.124     1>Target "SplitResourcesByCulture: (TargetId:70)" in file "C:\Windows\Microsoft.NET\Framework\v4.0.30319\Microsoft.Common.Targets" from project "C:\TODD5_3D - Copy 05 Feb2014\gConv\gConv.vcxproj" (target "PrepareResourceNames" depends on it):
                   Task "Warning" skipped, due to false condition; ('@(ResxWithNoCulture)'!='') was evaluated as (''!='').
                   Task "Warning" skipped, due to false condition; ('@(ResxWithCulture)'!='') was evaluated as (''!='').
                   Task "Warning" skipped, due to false condition; ('@(NonResxWithCulture)'!='') was evaluated as (''!='').
                   Task "Warning" skipped, due to false condition; ('@(NonResxWithNoCulture)'!='') was evaluated as (''!='').
                   Using "AssignCulture" task from assembly "Microsoft.Build.Tasks.v4.0, Version=4.0.0.0, Culture=neutral, PublicKeyToken=b03f5f7f11d50a3a".
                   Task "AssignCulture" (TaskId:43)
                   Done executing task "AssignCulture". (TaskId:43)
14:14:35.124     1>Done building target "SplitResourcesByCulture" in project "gConv.vcxproj".: (TargetId:70)
                   Target "CreateManifestResourceNames" skipped, due to false condition; ('@(EmbeddedResource)' != '') was evaluated as ('' != '').
14:14:35.124     1>Target "CreateCustomManifestResourceNames: (TargetId:71)" in file "C:\Windows\Microsoft.NET\Framework\v4.0.30319\Microsoft.Common.Targets" from project "C:\TODD5_3D - Copy 05 Feb2014\gConv\gConv.vcxproj" (target "PrepareResourceNames" depends on it):
14:14:35.124     1>Done building target "CreateCustomManifestResourceNames" in project "gConv.vcxproj".: (TargetId:71)
14:14:35.124     1>Target "PrepareResourceNames: (TargetId:72)" in file "C:\Windows\Microsoft.NET\Framework\v4.0.30319\Microsoft.Common.Targets" from project "C:\TODD5_3D - Copy 05 Feb2014\gConv\gConv.vcxproj" (target "_Link" depends on it):
14:14:35.124     1>Done building target "PrepareResourceNames" in project "gConv.vcxproj".: (TargetId:72)
14:14:35.124     1>Target "MakeDirsForLink: (TargetId:73)" in file "C:\Program Files (x86)\MSBuild\Microsoft.Cpp\v4.0\Microsoft.CppBuild.targets" from project "C:\TODD5_3D - Copy 05 Feb2014\gConv\gConv.vcxproj" (target "_Link" depends on it):
                   Task "MakeDir" (TaskId:44)
                   Done executing task "MakeDir". (TaskId:44)
14:14:35.125     1>Done building target "MakeDirsForLink" in project "gConv.vcxproj".: (TargetId:73)
14:14:35.125     1>Target "DoLinkOutputFilesMatch: (TargetId:74)" in file "C:\Program Files (x86)\MSBuild\Microsoft.Cpp\v4.0\Microsoft.CppBuild.targets" from project "C:\TODD5_3D - Copy 05 Feb2014\gConv\gConv.vcxproj" (target "_Link" depends on it):
                   Task "VCMessage" skipped, due to false condition; ('%(_OutputFileFromLink.FullPath)' != '$([System.IO.Path]::GetFullPath($(TargetPath)))') was evaluated as ('C:\TODD5_3D - Copy 05 Feb2014\Release\gConv.exe' != 'C:\TODD5_3D - Copy 05 Feb2014\Release\gConv.exe').
                   Task "VCMessage" skipped, due to false condition; ('%(_OutputFileFromLink.Extension)' != '$(TargetExt)') was evaluated as ('.exe' != '.exe').
                   Task "VCMessage" skipped, due to false condition; ('%(_OutputFileFromLink.Filename)' != '$(TargetName)') was evaluated as ('gConv' != 'gConv').
14:14:35.125     1>Done building target "DoLinkOutputFilesMatch" in project "gConv.vcxproj".: (TargetId:74)
14:14:35.125     1>Target "PreLinkEvent: (TargetId:75)" in file "C:\Program Files (x86)\MSBuild\Microsoft.Cpp\v4.0\Microsoft.CppCommon.targets" from project "C:\TODD5_3D - Copy 05 Feb2014\gConv\gConv.vcxproj" (target "_Link" depends on it):
                   Task "Message" skipped, due to false condition; ('%(PreLinkEvent.Message)' != '' and '%(PreLinkEvent.Command)' != '') was evaluated as ('' != '' and '' != '').
                   Task "Exec" skipped, due to false condition; ('%(PreLinkEvent.Command)' != '') was evaluated as ('' != '').
14:14:35.125     1>Done building target "PreLinkEvent" in project "gConv.vcxproj".: (TargetId:75)
                   Target "CudaLink" skipped, due to false condition; ('@(CudaLink)' != '') was evaluated as ('' != '').
14:14:35.125     1>Target "Link: (TargetId:76)" in file "C:\Program Files (x86)\MSBuild\Microsoft.Cpp\v4.0\Platforms\Win32\Microsoft.Cpp.Win32.Targets" from project "C:\TODD5_3D - Copy 05 Feb2014\gConv\gConv.vcxproj" (target "_Link" depends on it):
                   Using "Link" task from assembly "Microsoft.Build.CppTasks.Win32, Version=4.0.0.0, Culture=neutral, PublicKeyToken=b03f5f7f11d50a3a".
                   Task "Link" (TaskId:45)
                     Environment Variables passed to tool: (TaskId:45)
                       VS_UNICODE_OUTPUT=1348 (TaskId:45)
                     c:\Program Files (x86)\Microsoft Visual Studio 10.0\VC\bin\link.exe /ERRORREPORT:PROMPT /OUT:"C:\TODD5_3D - Copy 05 Feb2014\Release\gConv.exe" /INCREMENTAL /NOLOGO /LIBPATH:"C:\Program Files\NVIDIA GPU Computing Toolkit\CUDA\v6.0\lib\Win32" cudart.lib kernel32.lib user32.lib gdi32.lib winspool.lib comdlg32.lib advapi32.lib shell32.lib ole32.lib oleaut32.lib uuid.lib odbc32.lib odbccp32.lib kernel32.lib user32.lib gdi32.lib winspool.lib comdlg32.lib advapi32.lib shell32.lib ole32.lib oleaut32.lib uuid.lib odbc32.lib odbccp32.lib /MANIFEST /ManifestFile:"Release\gConv.exe.intermediate.manifest" /MANIFESTUAC:"level='asInvoker' uiAccess='false'" /DEBUG /PDB:"C:\TODD5_3D - Copy 05 Feb2014\Release\gConv.pdb" /SUBSYSTEM:CONSOLE /OPT:REF /OPT:ICF /LTCG /TLBID:1 /DYNAMICBASE /NXCOMPAT /IMPLIB:"C:\TODD5_3D - Copy 05 Feb2014\Release\gConv.lib" /MACHINE:X86 Release\convolutionFFT2D_kernel.cu.obj
                     Release\gConv.exe.embed.manifest.res (TaskId:45)
                     Tracking command: (TaskId:45)
                     C:\Program Files (x86)\Microsoft SDKs\Windows\v7.0A\bin\NETFX 4.0 Tools\Tracker.exe /a /d C:\Windows\Microsoft.NET\Framework\v4.0.30319\FileTracker.dll /i "C:\TODD5_3D - Copy 05 Feb2014\gConv\Release" /r "C:\TODD5_3D - COPY 05 FEB2014\GCONV\RELEASE\CONVOLUTIONFFT2D_KERNEL.CU.OBJ|C:\TODD5_3D - COPY 05 FEB2014\GCONV\RELEASE\GCONV.EXE.EMBED.MANIFEST.RES" /b MSBuildConsole_CancelEvent860ba730570b4d6c9cf1018d63a34882  /c "c:\Program Files (x86)\Microsoft Visual Studio 10.0\VC\bin\link.exe"  /ERRORREPORT:PROMPT /OUT:"C:\TODD5_3D - Copy 05 Feb2014\Release\gConv.exe" /INCREMENTAL /NOLOGO /LIBPATH:"C:\Program Files\NVIDIA GPU Computing Toolkit\CUDA\v6.0\lib\Win32" cudart.lib kernel32.lib user32.lib gdi32.lib winspool.lib comdlg32.lib advapi32.lib shell32.lib ole32.lib oleaut32.lib uuid.lib odbc32.lib odbccp32.lib kernel32.lib user32.lib gdi32.lib winspool.lib comdlg32.lib advapi32.lib shell32.lib ole32.lib oleaut32.lib uuid.lib odbc32.lib odbccp32.lib /MANIFEST /ManifestFile:"Release\gConv.exe.intermediate.manifest" /MANIFESTUAC:"level='asInvoker' uiAccess='false'" /DEBUG /PDB:"C:\TODD5_3D - Copy 05 Feb2014\Release\gConv.pdb" /SUBSYSTEM:CONSOLE /OPT:REF /OPT:ICF /LTCG /TLBID:1 /DYNAMICBASE /NXCOMPAT /IMPLIB:"C:\TODD5_3D - Copy 05 Feb2014\Release\gConv.lib" /MACHINE:X86 Release\convolutionFFT2D_kernel.cu.obj
                     Release\gConv.exe.embed.manifest.res (TaskId:45)
14:14:35.154     1>LINK : warning LNK4075: ignoring '/INCREMENTAL' due to '/LTCG' specification
14:14:35.160     1>convolutionFFT2D_kernel.cu.obj : error LNK2001: unresolved external symbol _cufftDestroy@4
14:14:35.160     1>convolutionFFT2D_kernel.cu.obj : error LNK2001: unresolved external symbol _cufftExecC2R@12
14:14:35.160     1>convolutionFFT2D_kernel.cu.obj : error LNK2001: unresolved external symbol _cufftExecR2C@12
14:14:35.160     1>convolutionFFT2D_kernel.cu.obj : error LNK2001: unresolved external symbol _cufftPlan2d@16
14:14:35.160     1>MSVCRT.lib(crtexe.obj) : error LNK2001: unresolved external symbol _main
14:14:35.160     1>C:\TODD5_3D - Copy 05 Feb2014\Release\gConv.exe : fatal error LNK1120: 5 unresolved externals
                     The command exited with code 1120. (TaskId:45)
                   Done executing task "Link" -- FAILED. (TaskId:45)
14:14:35.171     1>Done building target "Link" in project "gConv.vcxproj" -- FAILED.: (TargetId:76)
14:14:35.171     1>Done Building Project "C:\TODD5_3D - Copy 05 Feb2014\gConv\gConv.vcxproj" (build target(s)) -- FAILED.

Project Performance Summary:
     4133 ms  C:\TODD5_3D - Copy 05 Feb2014\gConv\gConv.vcxproj   1 calls
               4133 ms  build                                      1 calls

Target Performance Summary:
        0 ms  _ResourceCompile                           1 calls
        0 ms  PreLinkEvent                               1 calls
        0 ms  MakeDirsForResourceCompile                 1 calls
        0 ms  BeforeResourceCompile                      1 calls
        0 ms  InitializeCudaHostProperties               1 calls
        0 ms  ComputeManifestInputsTargets               1 calls
        0 ms  ComputeLinkInputsFromProject               1 calls
        0 ms  GetInstalledSDKLocations                   1 calls
        0 ms  AssignProjectConfiguration                 1 calls
        0 ms  _GenerateWebServiceProxy                   1 calls
        0 ms  PlatformPrepareForBuild                    1 calls
        0 ms  ComputeCudaCompileOutput                   1 calls
        0 ms  BeforeBuildGenerateSources                 1 calls
        0 ms  AfterClCompile                             1 calls
        0 ms  _DetermineManagedStateFromCL               1 calls
        0 ms  _PrepareForBuild                           1 calls
        0 ms  _Midl                                      1 calls
        0 ms  BuildCompileTraverse                       1 calls
        0 ms  MakeDirsForCl                              1 calls
        0 ms  AfterBuildGenerateSources                  1 calls
        0 ms  ComputeManifestGeneratedLinkerInputs       1 calls
        0 ms  ComputeRCOutputs                           1 calls
        0 ms  BuildLinkTraverse                          1 calls
        0 ms  BeforeLink                                 1 calls
        0 ms  _GenerateXMLData                           1 calls
        0 ms  _ClCompile                                 1 calls
        0 ms  GetReferenceAssemblyPaths                  1 calls
        0 ms  CreateCustomManifestResourceNames          1 calls
        0 ms  ResolveSDKReferences                       1 calls
        0 ms  ResolveReferences                          1 calls
        0 ms  AfterResourceCompile                       1 calls
        0 ms  _Xsd                                       1 calls
        0 ms  ExpandSDKReferences                        1 calls
        0 ms  PrepareForBuild                            1 calls
        0 ms  ComputeCustomBuildOutput                   1 calls
        0 ms  BuildGenerateSources                       1 calls
        0 ms  ComputeCLInputPDBName                      1 calls
        0 ms  AfterMidl                                  1 calls
        0 ms  BuildGenerateSourcesTraverse               1 calls
        0 ms  GetFrameworkPaths                          1 calls
        0 ms  ResolveProjectReferences                   1 calls
        0 ms  _SplitProjectReferencesByFileExistence     1 calls
        0 ms  PrepareResourceNames                       1 calls
        0 ms  AfterBuildGenerateSourcesEvent             1 calls
        0 ms  BeforeClCompile                            1 calls
        0 ms  SplitResourcesByCulture                    1 calls
        0 ms  BuildCompile                               1 calls
        0 ms  ValidateCudaBuild                          1 calls
        0 ms  ComputeRCGeneratedLinkInputs               1 calls
        0 ms  AfterBuildCompileEvent                     1 calls
        0 ms  PreBuildEvent                              1 calls
        0 ms  MakeDirsForMidl                            1 calls
        0 ms  DoLinkOutputFilesMatch                     1 calls
        0 ms  _SelectedFiles                             1 calls
        0 ms  AfterResolveReferences                     1 calls
        0 ms  BeforeResolveReferences                    1 calls
        1 ms  PrepareForCudaBuild                        1 calls
        1 ms  ComputeMIDLGeneratedCompileInputs          1 calls
        1 ms  MakeDirsForLink                            1 calls
        1 ms  ResolveAssemblyReferences                  1 calls
        1 ms  SetBuildDefaultEnvironmentVariables        1 calls
        1 ms  AddCudaLinkMetadata                        1 calls
        1 ms  ComputeCLGeneratedLinkInputs               1 calls
        1 ms  ValidateCudaCodeGeneration                 1 calls
        1 ms  ComputeReferenceCLInput                    1 calls
        1 ms  InitializeCudaProjectProperties            1 calls
        1 ms  AssignTargetPaths                          1 calls
        2 ms  _CheckForInvalidConfigurationAndPlatform   1 calls
        3 ms  InitializeBuildStatus                      1 calls
       24 ms  AddCudaCompilePropsDeps                    1 calls
       32 ms  AddCudaCompileMetadata                     1 calls
       46 ms  Link                                       1 calls
      127 ms  ManifestResourceCompile                    1 calls
      368 ms  AddCudaCompileDeps                         1 calls
     3517 ms  CudaBuild                                  1 calls

Task Performance Summary:
        0 ms  ReadLinesFromFile                          3 calls
        0 ms  AssignProjectConfiguration                 1 calls
        0 ms  Delete                                     1 calls
        0 ms  AssignCulture                              1 calls
        0 ms  Message                                    3 calls
        1 ms  MakeDir                                    8 calls
        1 ms  SetEnv                                     4 calls
        1 ms  CudaSetEnvironmentVariable                 1 calls
        1 ms  Touch                                      1 calls
        1 ms  ResolveAssemblyReference                   1 calls
        1 ms  ResolvePaths                               1 calls
        1 ms  CountItems                                 1 calls
        1 ms  AssignTargetPath                           4 calls
        1 ms  SanitizePaths                              2 calls
        3 ms  SplitToItemMetadata                        2 calls
        3 ms  WriteLinesToFile                           4 calls
        8 ms  ReadMetadataLinesFromItems                 1 calls
       15 ms  XmlPeek                                    1 calls
       46 ms  Link                                       1 calls
      127 ms  RC                                         1 calls
      366 ms  GenerateDeps                               1 calls
     2409 ms  CudaCompile                                1 calls

Build FAILED.

Time Elapsed 00:00:04.13
