C:\Users\Hossein\Project\TADD-V1\QtCvOverlayWidget\Release\cl.command.1.tlog
C:\Users\Hossein\Project\TADD-V1\QtCvOverlayWidget\Release\CL.read.1.tlog
C:\Users\Hossein\Project\TADD-V1\QtCvOverlayWidget\Release\CL.write.1.tlog
C:\Users\Hossein\Project\TADD-V1\QtCvOverlayWidget\Release\custombuild.command.1.tlog
C:\Users\Hossein\Project\TADD-V1\QtCvOverlayWidget\Release\custombuild.read.1.tlog
C:\Users\Hossein\Project\TADD-V1\QtCvOverlayWidget\Release\custombuild.write.1.tlog
C:\Users\Hossein\Project\TADD-V1\QtCvOverlayWidget\Release\CvOverlayWidget.obj
C:\Users\Hossein\Project\TADD-V1\QtCvOverlayWidget\Release\CvOverlayWidgetPlugin.obj
C:\Users\Hossein\Project\TADD-V1\QtCvOverlayWidget\Release\lib.command.1.tlog
C:\Users\Hossein\Project\TADD-V1\QtCvOverlayWidget\Release\Lib-link.read.1.tlog
C:\Users\Hossein\Project\TADD-V1\QtCvOverlayWidget\Release\Lib-link.write.1.tlog
C:\Users\Hossein\Project\TADD-V1\QtCvOverlayWidget\Release\moc_CvOverlayWidget.obj
C:\Users\Hossein\Project\TADD-V1\QtCvOverlayWidget\Release\moc_CvOverlayWidgetPlugin.obj
C:\Users\Hossein\Project\TADD-V1\Release\QtCvOverlayWidget.lib
C:\USERS\JAMIE\DESKTOP\DOCUMENTS\TODD\QTCVOVERLAYWIDGET\GENERATEDFILES\RELEASE\MOC_CVOVERLAYWIDGET.CPP
C:\USERS\JAMIE\DESKTOP\DOCUMENTS\TODD\QTCVOVERLAYWIDGET\GENERATEDFILES\RELEASE\MOC_CVOVERLAYWIDGETPLUGIN.CPP
C:\USERS\JAMIE\DESKTOP\DOCUMENTS\TODD\QTCVOVERLAYWIDGET\GENERATEDFILES\UI_CVOVERLAYUI.H
C:\USERS\JAMIE\DESKTOP\DOCUMENTS\TODD\QTCVOVERLAYWIDGET\RELEASE\CVOVERLAYWIDGET.OBJ
C:\USERS\JAMIE\DESKTOP\DOCUMENTS\TODD\QTCVOVERLAYWIDGET\RELEASE\CVOVERLAYWIDGETPLUGIN.OBJ
C:\USERS\JAMIE\DESKTOP\DOCUMENTS\TODD\QTCVOVERLAYWIDGET\RELEASE\MOC_CVOVERLAYWIDGET.OBJ
C:\USERS\JAMIE\DESKTOP\DOCUMENTS\TODD\QTCVOVERLAYWIDGET\RELEASE\MOC_CVOVERLAYWIDGETPLUGIN.OBJ
C:\USERS\JAMIE\DESKTOP\DOCUMENTS\TODD\RELEASE\QTCVOVERLAYWIDGET.LIB
