Build started 07/03/2014 14:14:23.
Environment at start of build:
ALLUSERSPROFILE = C:\ProgramData
APPDATA = C:\Users\Hossein\AppData\Roaming
CommonProgramFiles = C:\Program Files (x86)\Common Files
CommonProgramFiles(x86) = C:\Program Files (x86)\Common Files
CommonProgramW6432 = C:\Program Files\Common Files
COMPUTERNAME = H
ComSpec = C:\Windows\system32\cmd.exe
CUDA_PATH = C:\Program Files\NVIDIA GPU Computing Toolkit\CUDA\v6.0
CUDA_PATH_V6_0 = C:\Program Files\NVIDIA GPU Computing Toolkit\CUDA\v6.0
FP_NO_HOST_CHECK = NO
HALCONARCH = x64-win64
HALCONEXAMPLES = C:\Users\Public\Documents\MVTec\HALCON-11.0\examples
HALCONIMAGES = C:\Users\Public\Documents\MVTec\HALCON-11.0\examples\images
HALCONROOT = C:\Program Files\MVTec\HALCON-11.0
HOMEDRIVE = C:
HOMEPATH = \Users\Hossein
LOCALAPPDATA = C:\Users\Hossein\AppData\Local
LOGONSERVER = \\H
NUMBER_OF_PROCESSORS = 8
NVCUDASAMPLES6_0_ROOT = C:\ProgramData\NVIDIA Corporation\CUDA Samples\v6.0
NVCUDASAMPLES_ROOT = C:\ProgramData\NVIDIA Corporation\CUDA Samples\v6.0
NVTOOLSEXT_PATH = C:\Program Files\NVIDIA Corporation\NvToolsExt\
OS = Windows_NT
Path = C:\Program Files\NVIDIA GPU Computing Toolkit\CUDA\v6.0\bin;C:\Program Files\NVIDIA GPU Computing Toolkit\CUDA\v6.0\libnvvp;C:\Program Files (x86)\NVIDIA Corporation\PhysX\Common;C:\Program Files (x86)\Intel\iCLS Client\;C:\Program Files\Intel\iCLS Client\;C:\Windows\system32;C:\Windows;C:\Windows\System32\Wbem;C:\Windows\System32\WindowsPowerShell\v1.0\;C:\Program Files\Intel\Intel(R) Management Engine Components\DAL;C:\Program Files\Intel\Intel(R) Management Engine Components\IPT;C:\Program Files (x86)\Intel\Intel(R) Management Engine Components\DAL;C:\Program Files (x86)\Intel\Intel(R) Management Engine Components\IPT;c:\Program Files (x86)\Microsoft SQL Server\100\Tools\Binn\;c:\Program Files\Microsoft SQL Server\100\Tools\Binn\;c:\Program Files\Microsoft SQL Server\100\DTS\Binn\;C:\Tesseract-OCR;C:\Program Files (x86)\Tesseract-OCR;C:\Program Files\MATLAB\R2013b\runtime\win64;C:\Program Files\MATLAB\R2013b\bin;C:\Program Files\MVTec\HALCON-11.0\bin\x64-win64;C:\Program Files\MVTec\HALCON-11.0\FLEXlm\x64-win64;C:\Program Files\MiKTeX 2.9\miktex\bin\x64\;C:\Program Files\doxygen\bin
PATHEXT = .COM;.EXE;.BAT;.CMD;.VBS;.VBE;.JS;.JSE;.WSF;.WSH;.MSC
PROCESSOR_ARCHITECTURE = x86
PROCESSOR_ARCHITEW6432 = AMD64
PROCESSOR_IDENTIFIER = Intel64 Family 6 Model 58 Stepping 9, GenuineIntel
PROCESSOR_LEVEL = 6
PROCESSOR_REVISION = 3a09
ProgramData = C:\ProgramData
ProgramFiles = C:\Program Files (x86)
ProgramFiles(x86) = C:\Program Files (x86)
ProgramW6432 = C:\Program Files
PSModulePath = C:\Windows\system32\WindowsPowerShell\v1.0\Modules\
PUBLIC = C:\Users\Public
QTDIR = C:\Users\Hossein\Project\4.7.3x86_Intel
SESSIONNAME = Console
SystemDrive = C:
SystemRoot = C:\Windows
TEMP = C:\Users\Hossein\AppData\Local\Temp
TESSDATA_PREFIX = C:\Program Files (x86)\Tesseract-OCR\
TMP = C:\Users\Hossein\AppData\Local\Temp
USERDOMAIN = H
USERNAME = Hossein
USERPROFILE = C:\Users\Hossein
VisualStudioDir = C:\Users\Hossein\Documents\Visual Studio 2010
VS100COMNTOOLS = c:\Program Files (x86)\Microsoft Visual Studio 10.0\Common7\Tools\
windir = C:\Windows
windows_tracing_flags = 3
windows_tracing_logfile = C:\BVTBin\Tests\installpackage\csilogfile.log

14:14:23.527     1>Project "C:\TODD5_3D - Copy 05 Feb2014\CvCooccurrence\CvCooccurrence.vcxproj" on node 2 (build target(s)).
14:14:23.527     1>Building with tools version "4.0".
14:14:23.527     1>Target "_CheckForInvalidConfigurationAndPlatform: (TargetId:2)" in file "C:\Windows\Microsoft.NET\Framework\v4.0.30319\Microsoft.Common.Targets" from project "C:\TODD5_3D - Copy 05 Feb2014\CvCooccurrence\CvCooccurrence.vcxproj" (entry point):
                   Task "Error" skipped, due to false condition; ( '$(_InvalidConfigurationError)' == 'true' ) was evaluated as ( '' == 'true' ).
                   Task "Warning" skipped, due to false condition; ( '$(_InvalidConfigurationWarning)' == 'true' ) was evaluated as ( '' == 'true' ).
                   Using "Message" task from assembly "Microsoft.Build.Tasks.v4.0, Version=4.0.0.0, Culture=neutral, PublicKeyToken=b03f5f7f11d50a3a".
                   Task "Message" (TaskId:2)
                     Configuration=Release (TaskId:2)
                   Done executing task "Message". (TaskId:2)
                   Task "Message" (TaskId:3)
                     Platform=Win32 (TaskId:3)
                   Done executing task "Message". (TaskId:3)
                   Task "Error" skipped, due to false condition; ('$(OutDir)' != '' and !HasTrailingSlash('$(OutDir)')) was evaluated as ('C:\TODD5_3D - Copy 05 Feb2014\Release\' != '' and !HasTrailingSlash('C:\TODD5_3D - Copy 05 Feb2014\Release\')).
                   Task "Error" skipped, due to false condition; ('$(BaseIntermediateOutputPath)' != '' and !HasTrailingSlash('$(BaseIntermediateOutputPath)')) was evaluated as ('obj\' != '' and !HasTrailingSlash('obj\')).
                   Task "Error" skipped, due to false condition; ('$(IntermediateOutputPath)' != '' and !HasTrailingSlash('$(IntermediateOutputPath)')) was evaluated as ('Release\' != '' and !HasTrailingSlash('Release\')).
14:14:23.528     1>Done building target "_CheckForInvalidConfigurationAndPlatform" in project "CvCooccurrence.vcxproj".: (TargetId:2)
14:14:23.528     1>Target "_DetermineManagedStateFromCL: (TargetId:3)" in file "C:\Program Files (x86)\MSBuild\Microsoft.Cpp\v4.0\Microsoft.CppBuild.targets" from project "C:\TODD5_3D - Copy 05 Feb2014\CvCooccurrence\CvCooccurrence.vcxproj" (target "Build" depends on it):
14:14:23.529     1>Done building target "_DetermineManagedStateFromCL" in project "CvCooccurrence.vcxproj".: (TargetId:3)
14:14:23.529     1>Target "_PrepareForBuild: (TargetId:4)" in file "C:\Program Files (x86)\MSBuild\Microsoft.Cpp\v4.0\Microsoft.BuildSteps.Targets" from project "C:\TODD5_3D - Copy 05 Feb2014\CvCooccurrence\CvCooccurrence.vcxproj" (target "Build" depends on it):
14:14:23.529     1>Done building target "_PrepareForBuild" in project "CvCooccurrence.vcxproj".: (TargetId:4)
14:14:23.529     1>Target "SetBuildDefaultEnvironmentVariables: (TargetId:5)" in file "C:\Program Files (x86)\MSBuild\Microsoft.Cpp\v4.0\Microsoft.Cpp.targets" from project "C:\TODD5_3D - Copy 05 Feb2014\CvCooccurrence\CvCooccurrence.vcxproj" (target "Build" depends on it):
                   Using "SetEnv" task from assembly "Microsoft.Build.CppTasks.Common, Version=4.0.0.0, Culture=neutral, PublicKeyToken=b03f5f7f11d50a3a".
                   Task "SetEnv" (TaskId:4)
                     PATH=c:\Program Files (x86)\Microsoft Visual Studio 10.0\VC\bin;C:\Program Files (x86)\Microsoft SDKs\Windows\v7.0A\bin\NETFX 4.0 Tools;C:\Program Files (x86)\Microsoft SDKs\Windows\v7.0A\bin;C:\Program Files (x86)\Microsoft Visual Studio 10.0\Common7\Tools\bin;C:\Program Files (x86)\Microsoft Visual Studio 10.0\Common7\tools;C:\Program Files (x86)\Microsoft Visual Studio 10.0\Common7\ide;C:\Program Files (x86)\HTML Help Workshop;C:\Program Files (x86)\Microsoft SDKs\Windows\v7.0A\\bin;C:\Windows\Microsoft.NET\Framework\v4.0.30319\;C:\Program Files (x86)\Microsoft Visual Studio 10.0\;C:\Windows\SysWow64;;C:\Program Files\NVIDIA GPU Computing Toolkit\CUDA\v6.0\bin;C:\Program Files\NVIDIA GPU Computing Toolkit\CUDA\v6.0\libnvvp;C:\Program Files (x86)\NVIDIA Corporation\PhysX\Common;C:\Program Files (x86)\Intel\iCLS Client\;C:\Program Files\Intel\iCLS Client\;C:\Windows\system32;C:\Windows;C:\Windows\System32\Wbem;C:\Windows\System32\WindowsPowerShell\v1.0\;C:\Program Files\Intel\Intel(R) Management Engine Components\DAL;C:\Program Files\Intel\Intel(R) Management Engine Components\IPT;C:\Program Files (x86)\Intel\Intel(R) Management Engine Components\DAL;C:\Program Files (x86)\Intel\Intel(R) Management Engine Components\IPT;c:\Program Files (x86)\Microsoft SQL Server\100\Tools\Binn\;c:\Program Files\Microsoft SQL Server\100\Tools\Binn\;c:\Program Files\Microsoft SQL Server\100\DTS\Binn\;C:\Tesseract-OCR;C:\Program Files (x86)\Tesseract-OCR;C:\Program Files\MATLAB\R2013b\runtime\win64;C:\Program Files\MATLAB\R2013b\bin;C:\Program Files\MVTec\HALCON-11.0\bin\x64-win64;C:\Program Files\MVTec\HALCON-11.0\FLEXlm\x64-win64;C:\Program Files\MiKTeX 2.9\miktex\bin\x64\;C:\Program Files\doxygen\bin; (TaskId:4)
                   Done executing task "SetEnv". (TaskId:4)
                   Task "SetEnv" skipped, due to false condition; ('$(_IsNativeEnvironment)' == 'true') was evaluated as ('' == 'true').
                   Task "SetEnv" (TaskId:5)
                     LIB=C:\Users\Hossein\Project\OpenCV2.4.8\build\x86\vc10_intel\lib\Release;c:\Program Files (x86)\Microsoft Visual Studio 10.0\VC\lib;c:\Program Files (x86)\Microsoft Visual Studio 10.0\VC\atlmfc\lib;C:\Program Files (x86)\Microsoft SDKs\Windows\v7.0A\lib;C:\Program Files (x86)\Microsoft SDKs\Windows\v7.0A\\lib (TaskId:5)
                   Done executing task "SetEnv". (TaskId:5)
                   Task "SetEnv" (TaskId:6)
                     LIBPATH=c:\Program Files (x86)\Microsoft Visual Studio 10.0\VC\atlmfc\lib;c:\Program Files (x86)\Microsoft Visual Studio 10.0\VC\lib (TaskId:6)
                   Done executing task "SetEnv". (TaskId:6)
                   Task "SetEnv" (TaskId:7)
                     INCLUDE=C:\Users\Hossein\Project\OpenCV2.4.8\build\include;C:\Users\Hossein\Project\OpenCV2.4.8\build\include\opencv;c:\Program Files (x86)\Microsoft Visual Studio 10.0\VC\include;c:\Program Files (x86)\Microsoft Visual Studio 10.0\VC\atlmfc\include;C:\Program Files (x86)\Microsoft SDKs\Windows\v7.0A\include;C:\Program Files (x86)\Microsoft SDKs\Windows\v7.0A\\include; (TaskId:7)
                   Done executing task "SetEnv". (TaskId:7)
14:14:23.529     1>Done building target "SetBuildDefaultEnvironmentVariables" in project "CvCooccurrence.vcxproj".: (TargetId:5)
                   Target "SetUserMacroEnvironmentVariables" skipped, due to false condition; ('@(BuildMacro)' != '') was evaluated as ('' != '').
14:14:23.529     1>Target "BeforeResolveReferences: (TargetId:6)" in file "C:\Windows\Microsoft.NET\Framework\v4.0.30319\Microsoft.Common.Targets" from project "C:\TODD5_3D - Copy 05 Feb2014\CvCooccurrence\CvCooccurrence.vcxproj" (target "ResolveReferences" depends on it):
14:14:23.529     1>Done building target "BeforeResolveReferences" in project "CvCooccurrence.vcxproj".: (TargetId:6)
14:14:23.529     1>Target "AssignProjectConfiguration: (TargetId:7)" in file "C:\Windows\Microsoft.NET\Framework\v4.0.30319\Microsoft.Common.Targets" from project "C:\TODD5_3D - Copy 05 Feb2014\CvCooccurrence\CvCooccurrence.vcxproj" (target "ResolveReferences" depends on it):
                   Using "AssignProjectConfiguration" task from assembly "Microsoft.Build.Tasks.v4.0, Version=4.0.0.0, Culture=neutral, PublicKeyToken=b03f5f7f11d50a3a".
                   Task "AssignProjectConfiguration" (TaskId:8)
                   Done executing task "AssignProjectConfiguration". (TaskId:8)
14:14:23.530     1>Done building target "AssignProjectConfiguration" in project "CvCooccurrence.vcxproj".: (TargetId:7)
                   Target "AssignProjectConfiguration" skipped. Previously built successfully.
14:14:23.530     1>Target "_SplitProjectReferencesByFileExistence: (TargetId:8)" in file "C:\Windows\Microsoft.NET\Framework\v4.0.30319\Microsoft.Common.Targets" from project "C:\TODD5_3D - Copy 05 Feb2014\CvCooccurrence\CvCooccurrence.vcxproj" (target "ResolveProjectReferences" depends on it):
                   Task "ResolveNonMSBuildProjectOutput" skipped, due to false condition; ('$(BuildingInsideVisualStudio)'=='true' and '@(ProjectReferenceWithConfiguration)'!='') was evaluated as ('true'=='true' and ''!='').
14:14:23.530     1>Done building target "_SplitProjectReferencesByFileExistence" in project "CvCooccurrence.vcxproj".: (TargetId:8)
                   Target "_RemoveNameMetadataFromProjectReferenceItems" skipped, due to false condition; ('@(ProjectReference)'!='') was evaluated as (''!='').
14:14:23.530     1>Target "ResolveProjectReferences: (TargetId:9)" in file "C:\Windows\Microsoft.NET\Framework\v4.0.30319\Microsoft.Common.Targets" from project "C:\TODD5_3D - Copy 05 Feb2014\CvCooccurrence\CvCooccurrence.vcxproj" (target "ResolveReferences" depends on it):
                   Task "MSBuild" skipped, due to false condition; ('%(_MSBuildProjectReferenceExistent.BuildReference)' == 'true' and '@(ProjectReferenceWithConfiguration)' != '' and ('$(BuildingInsideVisualStudio)' == 'true' or '$(BuildProjectReferences)' != 'true') and '$(VisualStudioVersion)' != '10.0' and '@(_MSBuildProjectReferenceExistent)' != '') was evaluated as ('' == 'true' and '' != '' and ('true' == 'true' or 'true' != 'true') and '10.0' != '10.0' and '' != '').
                   Task "MSBuild" skipped, due to false condition; ('%(_MSBuildProjectReferenceExistent.BuildReference)' == 'true' and '@(ProjectReferenceWithConfiguration)' != '' and ('$(BuildingInsideVisualStudio)' == 'true' or '$(BuildProjectReferences)' != 'true') and '$(VisualStudioVersion)' == '10.0' and '@(_MSBuildProjectReferenceExistent)' != '') was evaluated as ('' == 'true' and '' != '' and ('true' == 'true' or 'true' != 'true') and '10.0' == '10.0' and '' != '').
                   Task "MSBuild" skipped, due to false condition; ('%(_MSBuildProjectReferenceExistent.BuildReference)' == 'true' and '@(ProjectReferenceWithConfiguration)' != '' and '$(BuildingInsideVisualStudio)' != 'true' and '$(BuildProjectReferences)' == 'true' and '@(_MSBuildProjectReferenceExistent)' != '') was evaluated as ('' == 'true' and '' != '' and 'true' != 'true' and 'true' == 'true' and '' != '').
                   Task "MSBuild" skipped, due to false condition; ('%(_MSBuildProjectReferenceExistent.BuildReference)' == 'true' and '@(ProjectReferenceWithConfiguration)' != '' and '$(BuildingProject)' == 'true' and '@(_MSBuildProjectReferenceExistent)' != '') was evaluated as ('' == 'true' and '' != '' and 'true' == 'true' and '' != '').
                   Task "Warning" skipped, due to false condition; ('@(ProjectReferenceWithConfiguration)' != '' and '@(_MSBuildProjectReferenceNonexistent)' != '') was evaluated as ('' != '' and '' != '').
14:14:23.530     1>Done building target "ResolveProjectReferences" in project "CvCooccurrence.vcxproj".: (TargetId:9)
                   Target "ResolveNativeReferences" skipped, due to false condition; ('@(NativeReference)'!='') was evaluated as (''!='').
14:14:23.530     1>Target "GetFrameworkPaths: (TargetId:10)" in file "C:\Windows\Microsoft.NET\Framework\v4.0.30319\Microsoft.NETFramework.targets" from project "C:\TODD5_3D - Copy 05 Feb2014\CvCooccurrence\CvCooccurrence.vcxproj" (target "ResolveAssemblyReferences" depends on it):
14:14:23.530     1>Done building target "GetFrameworkPaths" in project "CvCooccurrence.vcxproj".: (TargetId:10)
                   Target "GetWinFXPath" skipped, due to false condition; (('@(Page)' != '' or '@(ApplicationDefinition)' != '' or '@(Resource)' != '') and ('$(GetWinFXNativePath)' != '' or '$(GetWinFXWoWPath)' != '' )) was evaluated as (('' != '' or '' != '' or '' != '') and ('' != '' or '' != '' )).
14:14:23.530     1>Target "GetReferenceAssemblyPaths: (TargetId:11)" in file "C:\Windows\Microsoft.NET\Framework\v4.0.30319\Microsoft.Common.Targets" from project "C:\TODD5_3D - Copy 05 Feb2014\CvCooccurrence\CvCooccurrence.vcxproj" (target "ResolveAssemblyReferences" depends on it):
                   Task "GetReferenceAssemblyPaths" skipped, due to false condition; ('$(TargetFrameworkMoniker)' != '' and ('$(_TargetFrameworkDirectories)' == '' or '$(_FullFrameworkReferenceAssemblyPaths)' == '')) was evaluated as ('.NETFramework,Version=v4.0' != '' and ('C:\Program Files (x86)\Reference Assemblies\Microsoft\Framework\.NETFramework\v4.0' == '' or 'C:\Program Files (x86)\Reference Assemblies\Microsoft\Framework\.NETFramework\v4.0' == '')).
14:14:23.530     1>Done building target "GetReferenceAssemblyPaths" in project "CvCooccurrence.vcxproj".: (TargetId:11)
14:14:23.530     1>Target "PlatformPrepareForBuild: (TargetId:12)" in file "C:\Program Files (x86)\MSBuild\Microsoft.Cpp\v4.0\Platforms\Win32\Microsoft.Cpp.Win32.Targets" from project "C:\TODD5_3D - Copy 05 Feb2014\CvCooccurrence\CvCooccurrence.vcxproj" (target "PrepareForBuild" depends on it):
                   Task "VCMessage" skipped, due to false condition; (!(exists('$(VCTargetsPath)\Platforms\Win32\PlatformToolsets\$(PlatformToolset)\Microsoft.Cpp.Win32.$(PlatformToolset).targets'))) was evaluated as (!(exists('C:\Program Files (x86)\MSBuild\Microsoft.Cpp\v4.0\\Platforms\Win32\PlatformToolsets\v100\Microsoft.Cpp.Win32.v100.targets'))).
14:14:23.530     1>Done building target "PlatformPrepareForBuild" in project "CvCooccurrence.vcxproj".: (TargetId:12)
                   Target "GetFrameworkPaths" skipped. Previously built successfully.
                   Target "GetReferenceAssemblyPaths" skipped. Previously built successfully.
14:14:23.530     1>Target "PrepareForBuild: (TargetId:13)" in file "C:\Program Files (x86)\MSBuild\Microsoft.Cpp\v4.0\Microsoft.CppBuild.targets" from project "C:\TODD5_3D - Copy 05 Feb2014\CvCooccurrence\CvCooccurrence.vcxproj" (target "ResolveAssemblyReferences" depends on it):
                   Task "VCMessage" skipped, due to false condition; ('$(DesignTimeBuild)'!='true' and '$(ConfigurationPlatformExists)' != 'true') was evaluated as (''!='true' and 'true' != 'true').
                   Using "MakeDir" task from assembly "Microsoft.Build.Tasks.v4.0, Version=4.0.0.0, Culture=neutral, PublicKeyToken=b03f5f7f11d50a3a".
                   Task "MakeDir" (TaskId:9)
                   Done executing task "MakeDir". (TaskId:9)
                   Task "VCMessage" skipped, due to false condition; ('$(DesignTimeBuild)'!='true' and '$(VCInstallDir)'=='' and '$(UseEnv)' != 'true' and ($(TargetFrameworkVersion)=='v3.5' or $(TargetFrameworkVersion)=='v3.0' or $(TargetFrameworkVersion)=='v2.0' )) was evaluated as (''!='true' and 'c:\Program Files (x86)\Microsoft Visual Studio 10.0\VC\'=='' and '' != 'true' and (v4.0=='v3.5' or v4.0=='v3.0' or v4.0=='v2.0' )).
                   Task "VCMessage" skipped, due to false condition; ('$(DesignTimeBuild)'!='true' and '$(VCInstallDir)'=='' and '$(UseEnv)' != 'true' and '$(PlatformToolset)'=='v90') was evaluated as (''!='true' and 'c:\Program Files (x86)\Microsoft Visual Studio 10.0\VC\'=='' and '' != 'true' and 'v100'=='v90').
                   Task "VCMessage" skipped, due to false condition; ('$(VCInstallDir)'=='' and '$(UseEnv)' != 'true') was evaluated as ('c:\Program Files (x86)\Microsoft Visual Studio 10.0\VC\'=='' and '' != 'true').
                   Task "VCMessage" skipped, due to false condition; ('$(WindowsSDKDir)'=='' and '$(UseEnv)' != 'true') was evaluated as ('C:\Program Files (x86)\Microsoft SDKs\Windows\v7.0A\'=='' and '' != 'true').
                   Task "VCMessage" skipped, due to false condition; ('$(IntDirTrailingSlashWarning)'=='true') was evaluated as (''=='true').
                   Task "VCMessage" skipped, due to false condition; ('$(OutDirTrailingSlashWarning)'=='true') was evaluated as (''=='true').
                   Task "MakeDir" (TaskId:10)
                   Done executing task "MakeDir". (TaskId:10)
14:14:23.531     1>Done building target "PrepareForBuild" in project "CvCooccurrence.vcxproj".: (TargetId:13)
14:14:23.531     1>Target "GetInstalledSDKLocations: (TargetId:14)" in file "C:\Windows\Microsoft.NET\Framework\v4.0.30319\Microsoft.Common.Targets" from project "C:\TODD5_3D - Copy 05 Feb2014\CvCooccurrence\CvCooccurrence.vcxproj" (target "ResolveSDKReferences" depends on it):
                   Task "GetInstalledSDKLocations" skipped, due to false condition; ('@(SDKReference)' != '') was evaluated as ('' != '').
14:14:23.531     1>Done building target "GetInstalledSDKLocations" in project "CvCooccurrence.vcxproj".: (TargetId:14)
14:14:23.531     1>Target "ResolveSDKReferences: (TargetId:15)" in file "C:\Windows\Microsoft.NET\Framework\v4.0.30319\Microsoft.Common.Targets" from project "C:\TODD5_3D - Copy 05 Feb2014\CvCooccurrence\CvCooccurrence.vcxproj" (target "ResolveAssemblyReferences" depends on it):
                   Task "ResolveSDKReference" skipped, due to false condition; ('@(SDKReference)'!='') was evaluated as (''!='').
14:14:23.531     1>Done building target "ResolveSDKReferences" in project "CvCooccurrence.vcxproj".: (TargetId:15)
                   Target "ResolveSDKReferences" skipped. Previously built successfully.
14:14:23.531     1>Target "ExpandSDKReferences: (TargetId:16)" in file "C:\Windows\Microsoft.NET\Framework\v4.0.30319\Microsoft.Common.Targets" from project "C:\TODD5_3D - Copy 05 Feb2014\CvCooccurrence\CvCooccurrence.vcxproj" (target "ResolveAssemblyReferences" depends on it):
                   Task "GetSDKReferenceFiles" skipped, due to false condition; ('@(ResolvedSDKReference)'!='') was evaluated as (''!='').
14:14:23.531     1>Done building target "ExpandSDKReferences" in project "CvCooccurrence.vcxproj".: (TargetId:16)
14:14:23.531     1>Target "ResolveAssemblyReferences: (TargetId:17)" in file "C:\Windows\Microsoft.NET\Framework\v4.0.30319\Microsoft.Common.Targets" from project "C:\TODD5_3D - Copy 05 Feb2014\CvCooccurrence\CvCooccurrence.vcxproj" (target "ResolveReferences" depends on it):
                   Using "ResolveAssemblyReference" task from assembly "Microsoft.Build.Tasks.v4.0, Version=4.0.0.0, Culture=neutral, PublicKeyToken=b03f5f7f11d50a3a".
                   Task "ResolveAssemblyReference" (TaskId:11)
                     TargetFrameworkMoniker: (TaskId:11)
                         .NETFramework,Version=v4.0 (TaskId:11)
                     TargetFrameworkMonikerDisplayName: (TaskId:11)
                         .NET Framework 4 (TaskId:11)
                     TargetedRuntimeVersion: (TaskId:11)
                         v4.0.30319 (TaskId:11)
                     Assemblies: (TaskId:11)
                         System.Core (TaskId:11)
                     AssemblyFiles: (TaskId:11)
                     CandidateAssemblyFiles: (TaskId:11)
                     TargetFrameworkDirectories: (TaskId:11)
                         C:\Program Files (x86)\Reference Assemblies\Microsoft\Framework\.NETFramework\v4.0 (TaskId:11)
                     InstalledAssemblyTables: (TaskId:11)
                     IgnoreInstalledAssemblyTable: (TaskId:11)
                         False (TaskId:11)
                     SearchPaths: (TaskId:11)
                         {CandidateAssemblyFiles} (TaskId:11)
                         c:\Program Files (x86)\Microsoft Visual Studio 10.0\VC\atlmfc\lib (TaskId:11)
                         c:\Program Files (x86)\Microsoft Visual Studio 10.0\VC\lib (TaskId:11)
                         {HintPathFromItem} (TaskId:11)
                         {TargetFrameworkDirectory} (TaskId:11)
                         {Registry:Software\Microsoft\.NETFramework,v4.0,AssemblyFoldersEx} (TaskId:11)
                         {AssemblyFolders} (TaskId:11)
                         {GAC} (TaskId:11)
                         {RawFileName} (TaskId:11)
                         C:\TODD5_3D - Copy 05 Feb2014\Release\ (TaskId:11)
                     AllowedAssemblyExtensions: (TaskId:11)
                         .winmd (TaskId:11)
                         .dll (TaskId:11)
                         .exe (TaskId:11)
                     AllowedRelatedFileExtensions: (TaskId:11)
                         .pdb (TaskId:11)
                         .xml (TaskId:11)
                         .pri (TaskId:11)
                     AppConfigFile: (TaskId:11)
                          (TaskId:11)
                     AutoUnify: (TaskId:11)
                         False (TaskId:11)
                     CopyLocalDependenciesWhenParentReferenceInGac: (TaskId:11)
                         True (TaskId:11)
                     FindDependencies: (TaskId:11)
                         True (TaskId:11)
                     TargetProcessorArchitecture: (TaskId:11)
                         x86 (TaskId:11)
                     StateFile: (TaskId:11)
                         Release\CvCooccurrence.vcxprojResolveAssemblyReference.cache (TaskId:11)
                     InstalledAssemblySubsetTables: (TaskId:11)
                     IgnoreInstalledAssemblySubsetTable: (TaskId:11)
                         False (TaskId:11)
                     TargetFrameworkSubsets: (TaskId:11)
                     FullTargetFrameworkSubsetNames: (TaskId:11)
                         Full (TaskId:11)
                     ProfileName: (TaskId:11)
                          (TaskId:11)
                     FullFrameworkFolders: (TaskId:11)
                         C:\Program Files (x86)\Reference Assemblies\Microsoft\Framework\.NETFramework\v4.0 (TaskId:11)
                     LatestTargetFrameworkDirectories: (TaskId:11)
                     ProfileTablesLocation: (TaskId:11)
                     Primary reference "System.Core, Version=4.0.0.0, Culture=neutral, PublicKeyToken=b77a5c561934e089". (TaskId:11)
                         Resolved file path is "C:\Program Files (x86)\Reference Assemblies\Microsoft\Framework\.NETFramework\v4.0\System.Core.dll". (TaskId:11)
                         Reference found at search path location "{TargetFrameworkDirectory}". (TaskId:11)
                             For SearchPath "c:\Program Files (x86)\Microsoft Visual Studio 10.0\VC\atlmfc\lib". (TaskId:11)
                             Considered "c:\Program Files (x86)\Microsoft Visual Studio 10.0\VC\atlmfc\lib\System.Core.winmd", but it didn't exist. (TaskId:11)
                             Considered "c:\Program Files (x86)\Microsoft Visual Studio 10.0\VC\atlmfc\lib\System.Core.dll", but it didn't exist. (TaskId:11)
                             Considered "c:\Program Files (x86)\Microsoft Visual Studio 10.0\VC\atlmfc\lib\System.Core.exe", but it didn't exist. (TaskId:11)
                             For SearchPath "c:\Program Files (x86)\Microsoft Visual Studio 10.0\VC\lib". (TaskId:11)
                             Considered "c:\Program Files (x86)\Microsoft Visual Studio 10.0\VC\lib\System.Core.winmd", but it didn't exist. (TaskId:11)
                             Considered "c:\Program Files (x86)\Microsoft Visual Studio 10.0\VC\lib\System.Core.dll", but it didn't exist. (TaskId:11)
                             Considered "c:\Program Files (x86)\Microsoft Visual Studio 10.0\VC\lib\System.Core.exe", but it didn't exist. (TaskId:11)
                             For SearchPath "{TargetFrameworkDirectory}". (TaskId:11)
                             Considered "C:\Program Files (x86)\Reference Assemblies\Microsoft\Framework\.NETFramework\v4.0\System.Core.winmd", but it didn't exist. (TaskId:11)
                         This reference is not "CopyLocal" because it's a prerequisite file. (TaskId:11)
                         The ImageRuntimeVersion for this reference is "v4.0.30319". (TaskId:11)
                   Done executing task "ResolveAssemblyReference". (TaskId:11)
14:14:23.532     1>Done building target "ResolveAssemblyReferences" in project "CvCooccurrence.vcxproj".: (TargetId:17)
                   Target "ResolveComReferences" skipped, due to false condition; ('@(COMReference)'!='' or '@(COMFileReference)'!='') was evaluated as (''!='' or ''!='').
14:14:23.532     1>Target "AfterResolveReferences: (TargetId:18)" in file "C:\Windows\Microsoft.NET\Framework\v4.0.30319\Microsoft.Common.Targets" from project "C:\TODD5_3D - Copy 05 Feb2014\CvCooccurrence\CvCooccurrence.vcxproj" (target "ResolveReferences" depends on it):
14:14:23.532     1>Done building target "AfterResolveReferences" in project "CvCooccurrence.vcxproj".: (TargetId:18)
                   Target "ImplicitlyExpandDesignTimeFacades" skipped, due to false condition; ('$(ImplicitlyExpandDesignTimeFacades)' == 'true') was evaluated as ('' == 'true').
                   Target "ResolveTestReferences" skipped, due to false condition; ('@(Shadow)'!='') was evaluated as (''!='').
14:14:23.532     1>Target "ResolveReferences: (TargetId:19)" in file "C:\Windows\Microsoft.NET\Framework\v4.0.30319\Microsoft.Common.Targets" from project "C:\TODD5_3D - Copy 05 Feb2014\CvCooccurrence\CvCooccurrence.vcxproj" (target "Build" depends on it):
14:14:23.532     1>Done building target "ResolveReferences" in project "CvCooccurrence.vcxproj".: (TargetId:19)
                   Target "PrepareForBuild" skipped. Previously built successfully.
                   Target "PrepareForBuild" skipped. Previously built successfully.
14:14:23.532     1>Target "InitializeBuildStatus: (TargetId:20)" in file "C:\Program Files (x86)\MSBuild\Microsoft.Cpp\v4.0\Microsoft.CppBuild.targets" from project "C:\TODD5_3D - Copy 05 Feb2014\CvCooccurrence\CvCooccurrence.vcxproj" (target "Build" depends on it):
                   Using "ReadLinesFromFile" task from assembly "Microsoft.Build.Tasks.v4.0, Version=4.0.0.0, Culture=neutral, PublicKeyToken=b03f5f7f11d50a3a".
                   Task "ReadLinesFromFile" (TaskId:12)
                   Done executing task "ReadLinesFromFile". (TaskId:12)
                   Using "WriteLinesToFile" task from assembly "Microsoft.Build.Tasks.v4.0, Version=4.0.0.0, Culture=neutral, PublicKeyToken=b03f5f7f11d50a3a".
                   Task "WriteLinesToFile" (TaskId:13)
                   Done executing task "WriteLinesToFile". (TaskId:13)
                   Using "Touch" task from assembly "Microsoft.Build.Tasks.v4.0, Version=4.0.0.0, Culture=neutral, PublicKeyToken=b03f5f7f11d50a3a".
                   Task "Touch" (TaskId:14)
                     Touching "Release\CvCooccurrence.unsuccessfulbuild". (TaskId:14)
                   Done executing task "Touch". (TaskId:14)
14:14:23.534     1>Done building target "InitializeBuildStatus" in project "CvCooccurrence.vcxproj".: (TargetId:20)
                   Target "AssignProjectConfiguration" skipped. Previously built successfully.
                   Target "_SplitProjectReferencesByFileExistence" skipped. Previously built successfully.
14:14:23.534     1>Target "BuildGenerateSourcesTraverse: (TargetId:21)" in file "C:\Windows\Microsoft.NET\Framework\v4.0.30319\Microsoft.Common.Targets" from project "C:\TODD5_3D - Copy 05 Feb2014\CvCooccurrence\CvCooccurrence.vcxproj" (target "BuildGenerateSources" depends on it):
                   Task "MSBuild" skipped, due to false condition; ('$(BuildPassReferences)' == 'true' and '@(ProjectReferenceWithConfiguration)' != '' and '@(_MSBuildProjectReferenceExistent)' != '' and '%(_MSBuildProjectReferenceExistent.BuildReference)' == 'true') was evaluated as ('' == 'true' and '' != '' and '' != '' and '' == 'true').
14:14:23.534     1>Done building target "BuildGenerateSourcesTraverse" in project "CvCooccurrence.vcxproj".: (TargetId:21)
                   Target "SetBuildDefaultEnvironmentVariables" skipped. Previously built successfully.
                   Target "SetUserMacroEnvironmentVariables" skipped, due to false condition; ('@(BuildMacro)' != '') was evaluated as ('' != '').
                   Target "PrepareForBuild" skipped. Previously built successfully.
                   Target "ResolveReferences" skipped. Previously built successfully.
14:14:23.534     1>Target "BeforeBuildGenerateSources: (TargetId:22)" in file "C:\Program Files (x86)\MSBuild\Microsoft.Cpp\v4.0\Microsoft.BuildSteps.Targets" from project "C:\TODD5_3D - Copy 05 Feb2014\CvCooccurrence\CvCooccurrence.vcxproj" (target "BuildGenerateSources" depends on it):
14:14:23.534     1>Done building target "BeforeBuildGenerateSources" in project "CvCooccurrence.vcxproj".: (TargetId:22)
14:14:23.534     1>Target "PreBuildEvent: (TargetId:23)" in file "C:\Program Files (x86)\MSBuild\Microsoft.Cpp\v4.0\Microsoft.CppCommon.targets" from project "C:\TODD5_3D - Copy 05 Feb2014\CvCooccurrence\CvCooccurrence.vcxproj" (target "BuildGenerateSources" depends on it):
                   Task "Message" skipped, due to false condition; ('%(PreBuildEvent.Message)' != '' and '%(PreBuildEvent.Command)' != '') was evaluated as ('' != '' and '' != '').
                   Task "Exec" skipped, due to false condition; ('%(PreBuildEvent.Command)' != '') was evaluated as ('' != '').
14:14:23.534     1>Done building target "PreBuildEvent" in project "CvCooccurrence.vcxproj".: (TargetId:23)
                   Target "CustomBuild" skipped, due to false condition; ('@(CustomBuild)' != '') was evaluated as ('' != '').
14:14:23.534     1>Target "_GenerateXMLData: (TargetId:24)" in file "C:\Program Files (x86)\MSBuild\Microsoft.Cpp\v4.0\Microsoft.CppBuild.targets" from project "C:\TODD5_3D - Copy 05 Feb2014\CvCooccurrence\CvCooccurrence.vcxproj" (target "BuildGenerateSources" depends on it):
14:14:23.534     1>Done building target "_GenerateXMLData" in project "CvCooccurrence.vcxproj".: (TargetId:24)
14:14:23.534     1>Target "_GenerateWebServiceProxy: (TargetId:25)" in file "C:\Program Files (x86)\MSBuild\Microsoft.Cpp\v4.0\Microsoft.CppBuild.targets" from project "C:\TODD5_3D - Copy 05 Feb2014\CvCooccurrence\CvCooccurrence.vcxproj" (target "BuildGenerateSources" depends on it):
14:14:23.534     1>Done building target "_GenerateWebServiceProxy" in project "CvCooccurrence.vcxproj".: (TargetId:25)
                   Target "Xsd" skipped, due to false condition; ('@(Xsd)' != '') was evaluated as ('' != '').
14:14:23.534     1>Target "_Xsd: (TargetId:26)" in file "C:\Program Files (x86)\MSBuild\Microsoft.Cpp\v4.0\Microsoft.CppBuild.targets" from project "C:\TODD5_3D - Copy 05 Feb2014\CvCooccurrence\CvCooccurrence.vcxproj" (target "BuildGenerateSources" depends on it):
14:14:23.534     1>Done building target "_Xsd" in project "CvCooccurrence.vcxproj".: (TargetId:26)
14:14:23.534     1>Target "MakeDirsForMidl: (TargetId:27)" in file "C:\Program Files (x86)\MSBuild\Microsoft.Cpp\v4.0\Microsoft.CppBuild.targets" from project "C:\TODD5_3D - Copy 05 Feb2014\CvCooccurrence\CvCooccurrence.vcxproj" (target "_Midl" depends on it):
                   Task "Makedir" (TaskId:15)
                   Done executing task "Makedir". (TaskId:15)
14:14:23.534     1>Done building target "MakeDirsForMidl" in project "CvCooccurrence.vcxproj".: (TargetId:27)
                   Target "Midl" skipped, due to false condition; ('@(Midl)' != '') was evaluated as ('' != '').
                   Target "CustomBuild" skipped, due to false condition; ('@(CustomBuild)' != '') was evaluated as ('' != '').
14:14:23.534     1>Target "ComputeMIDLGeneratedCompileInputs: (TargetId:28)" in file "C:\Program Files (x86)\MSBuild\Microsoft.Cpp\v4.0\Microsoft.CppBuild.targets" from project "C:\TODD5_3D - Copy 05 Feb2014\CvCooccurrence\CvCooccurrence.vcxproj" (target "_Midl" depends on it):
14:14:23.534     1>Done building target "ComputeMIDLGeneratedCompileInputs" in project "CvCooccurrence.vcxproj".: (TargetId:28)
14:14:23.534     1>Target "AfterMidl: (TargetId:29)" in file "C:\Program Files (x86)\MSBuild\Microsoft.Cpp\v4.0\Microsoft.CppBuild.targets" from project "C:\TODD5_3D - Copy 05 Feb2014\CvCooccurrence\CvCooccurrence.vcxproj" (target "_Midl" depends on it):
14:14:23.534     1>Done building target "AfterMidl" in project "CvCooccurrence.vcxproj".: (TargetId:29)
14:14:23.534     1>Target "_Midl: (TargetId:30)" in file "C:\Program Files (x86)\MSBuild\Microsoft.Cpp\v4.0\Microsoft.CppBuild.targets" from project "C:\TODD5_3D - Copy 05 Feb2014\CvCooccurrence\CvCooccurrence.vcxproj" (target "BuildGenerateSources" depends on it):
14:14:23.534     1>Done building target "_Midl" in project "CvCooccurrence.vcxproj".: (TargetId:30)
14:14:23.534     1>Target "AfterBuildGenerateSources: (TargetId:31)" in file "C:\Program Files (x86)\MSBuild\Microsoft.Cpp\v4.0\Microsoft.BuildSteps.Targets" from project "C:\TODD5_3D - Copy 05 Feb2014\CvCooccurrence\CvCooccurrence.vcxproj" (target "BuildGenerateSources" depends on it):
14:14:23.534     1>Done building target "AfterBuildGenerateSources" in project "CvCooccurrence.vcxproj".: (TargetId:31)
14:14:23.534     1>Target "AfterBuildGenerateSourcesEvent: (TargetId:32)" in file "C:\Program Files (x86)\MSBuild\Microsoft.Cpp\v4.0\Microsoft.CppBuild.targets" from project "C:\TODD5_3D - Copy 05 Feb2014\CvCooccurrence\CvCooccurrence.vcxproj" (target "BuildGenerateSources" depends on it):
14:14:23.534     1>Done building target "AfterBuildGenerateSourcesEvent" in project "CvCooccurrence.vcxproj".: (TargetId:32)
14:14:23.534     1>Target "BuildGenerateSources: (TargetId:33)" in file "C:\Windows\Microsoft.NET\Framework\v4.0.30319\Microsoft.Common.Targets" from project "C:\TODD5_3D - Copy 05 Feb2014\CvCooccurrence\CvCooccurrence.vcxproj" (target "Build" depends on it):
14:14:23.534     1>Done building target "BuildGenerateSources" in project "CvCooccurrence.vcxproj".: (TargetId:33)
                   Target "AssignProjectConfiguration" skipped. Previously built successfully.
                   Target "_SplitProjectReferencesByFileExistence" skipped. Previously built successfully.
14:14:23.534     1>Target "BuildCompileTraverse: (TargetId:34)" in file "C:\Windows\Microsoft.NET\Framework\v4.0.30319\Microsoft.Common.Targets" from project "C:\TODD5_3D - Copy 05 Feb2014\CvCooccurrence\CvCooccurrence.vcxproj" (target "BuildCompile" depends on it):
                   Task "MSBuild" skipped, due to false condition; ('$(BuildPassReferences)' == 'true' and '@(ProjectReferenceWithConfiguration)' != '' and '@(_MSBuildProjectReferenceExistent)' != ''  and '%(_MSBuildProjectReferenceExistent.BuildReference)' == 'true') was evaluated as ('' == 'true' and '' != '' and '' != ''  and '' == 'true').
14:14:23.534     1>Done building target "BuildCompileTraverse" in project "CvCooccurrence.vcxproj".: (TargetId:34)
                   Target "SetBuildDefaultEnvironmentVariables" skipped. Previously built successfully.
                   Target "SetUserMacroEnvironmentVariables" skipped, due to false condition; ('@(BuildMacro)' != '') was evaluated as ('' != '').
                   Target "PrepareForBuild" skipped. Previously built successfully.
                   Target "ResolveReferences" skipped. Previously built successfully.
14:14:23.534     1>Target "BeforeClCompile: (TargetId:35)" in file "C:\Program Files (x86)\MSBuild\Microsoft.Cpp\v4.0\Microsoft.CppBuild.targets" from project "C:\TODD5_3D - Copy 05 Feb2014\CvCooccurrence\CvCooccurrence.vcxproj" (target "_ClCompile" depends on it):
14:14:23.534     1>Done building target "BeforeClCompile" in project "CvCooccurrence.vcxproj".: (TargetId:35)
                   Target "ComputeMIDLGeneratedCompileInputs" skipped. Previously built successfully.
14:14:23.534     1>Target "ComputeCLInputPDBName: (TargetId:36)" in file "C:\Program Files (x86)\MSBuild\Microsoft.Cpp\v4.0\Microsoft.CppBuild.targets" from project "C:\TODD5_3D - Copy 05 Feb2014\CvCooccurrence\CvCooccurrence.vcxproj" (target "_ClCompile" depends on it):
14:14:23.534     1>Done building target "ComputeCLInputPDBName" in project "CvCooccurrence.vcxproj".: (TargetId:36)
                   Target "ResolveReferences" skipped. Previously built successfully.
14:14:23.534     1>Target "ComputeReferenceCLInput: (TargetId:37)" in file "C:\Program Files (x86)\MSBuild\Microsoft.Cpp\v4.0\Microsoft.CppBuild.targets" from project "C:\TODD5_3D - Copy 05 Feb2014\CvCooccurrence\CvCooccurrence.vcxproj" (target "_ClCompile" depends on it):
                   Task "WriteLinesToFile" (TaskId:16)
                   Done executing task "WriteLinesToFile". (TaskId:16)
                   Task "Message" skipped, due to false condition; ('$(_REFERENCE_DEBUG)'=='true' and '%(ClCompile.CompileAsManaged)' != 'false' and '%(ClCompile.CompileAsManaged)' != '') was evaluated as (''=='true' and '' != 'false' and '' != '').
14:14:23.535     1>Done building target "ComputeReferenceCLInput" in project "CvCooccurrence.vcxproj".: (TargetId:37)
14:14:23.535     1>Target "MakeDirsForCl: (TargetId:38)" in file "C:\Program Files (x86)\MSBuild\Microsoft.Cpp\v4.0\Microsoft.CppBuild.targets" from project "C:\TODD5_3D - Copy 05 Feb2014\CvCooccurrence\CvCooccurrence.vcxproj" (target "_ClCompile" depends on it):
                   Task "MakeDir" (TaskId:17)
                   Done executing task "MakeDir". (TaskId:17)
14:14:23.535     1>Done building target "MakeDirsForCl" in project "CvCooccurrence.vcxproj".: (TargetId:38)
                   Target "PrepareForBuild" skipped. Previously built successfully.
                   Target "SetBuildDefaultEnvironmentVariables" skipped. Previously built successfully.
                   Target "SetUserMacroEnvironmentVariables" skipped, due to false condition; ('@(BuildMacro)' != '') was evaluated as ('' != '').
14:14:23.535     1>Target "_SelectedFiles: (TargetId:39)" in file "C:\Program Files (x86)\MSBuild\Microsoft.Cpp\v4.0\Microsoft.CppBuild.targets" from project "C:\TODD5_3D - Copy 05 Feb2014\CvCooccurrence\CvCooccurrence.vcxproj" (target "SelectClCompile" depends on it):
14:14:23.535     1>Done building target "_SelectedFiles" in project "CvCooccurrence.vcxproj".: (TargetId:39)
                   Target "ComputeMIDLGeneratedCompileInputs" skipped. Previously built successfully.
                   Target "ComputeCLInputPDBName" skipped. Previously built successfully.
                   Target "ComputeReferenceCLInput" skipped. Previously built successfully.
                   Target "_SelectedFiles" skipped. Previously built successfully.
14:14:23.535     1>Target "SelectCustomBuild: (TargetId:40)" in file "C:\Program Files (x86)\MSBuild\Microsoft.Cpp\v4.0\Microsoft.CppBuild.targets" from project "C:\TODD5_3D - Copy 05 Feb2014\CvCooccurrence\CvCooccurrence.vcxproj" (target "SelectClCompile" depends on it):
14:14:23.535     1>Done building target "SelectCustomBuild" in project "CvCooccurrence.vcxproj".: (TargetId:40)
14:14:23.535     1>Target "SelectClCompile: (TargetId:41)" in file "C:\Program Files (x86)\MSBuild\Microsoft.Cpp\v4.0\Microsoft.CppBuild.targets" from project "C:\TODD5_3D - Copy 05 Feb2014\CvCooccurrence\CvCooccurrence.vcxproj" (target "ClCompile" depends on it):
14:14:23.535     1>Done building target "SelectClCompile" in project "CvCooccurrence.vcxproj".: (TargetId:41)
                   Target "GenerateTargetFrameworkMonikerAttribute" skipped, due to false condition; ('$(GenerateTargetFrameworkAttribute)' == 'true') was evaluated as ('false' == 'true').
                   Target "ManagedIncrementalBuildPreProcessDependencyGraph" skipped, due to false condition; ('@(ClCompile)' != '' and '$(EnableManagedIncrementalBuild)' == 'True') was evaluated as ('GLDM.cpp' != '' and 'false' == 'True').
14:14:23.535     1>Target "ClCompile: (TargetId:42)" in file "C:\Program Files (x86)\MSBuild\Microsoft.Cpp\v4.0\Platforms\Win32\Microsoft.Cpp.Win32.Targets" from project "C:\TODD5_3D - Copy 05 Feb2014\CvCooccurrence\CvCooccurrence.vcxproj" (target "_ClCompile" depends on it):
                   Task "Delete" skipped, due to false condition; ('%(ClCompile.DebugInformationFormat)' != '' and '%(ClCompile.DebugInformationFormat)' != 'OldStyle' and '%(ClCompile.ProgramDataBaseFileName)' != '' and !Exists(%(ClCompile.ProgramDataBaseFileName))) was evaluated as ('ProgramDatabase' != '' and 'ProgramDatabase' != 'OldStyle' and 'Release\vc100.pdb' != '' and !Exists(Release\vc100.pdb)).
                   Task "CL" skipped, due to false condition; ('%(ClCompile.PrecompiledHeader)' == 'Create' and '%(ClCompile.ExcludedFromBuild)'!='true') was evaluated as ('NotUsing' == 'Create' and ''!='true').
                   Using "CL" task from assembly "Microsoft.Build.CppTasks.Win32, Version=4.0.0.0, Culture=neutral, PublicKeyToken=b03f5f7f11d50a3a".
                   Task "CL" (TaskId:18)
                     Read Tracking Logs: (TaskId:18)
                     	Release\cl.read.1.tlog (TaskId:18)
                     Outputs for C:\TODD5_3D - COPY 05 FEB2014\CVCOOCCURRENCE\GLDM.CPP: (TaskId:18)
                     	C:\TODD5_3D - COPY 05 FEB2014\CVCOOCCURRENCE\RELEASE\GLDM.OBJ (TaskId:18)
                     GLDM.cpp will be compiled as it was not found in the tracking log. (TaskId:18)
                     Write Tracking Logs: (TaskId:18)
                     	Release\cl.write.1.tlog (TaskId:18)
                     Environment Variables passed to tool: (TaskId:18)
                       VS_UNICODE_OUTPUT=1304 (TaskId:18)
                     c:\Program Files (x86)\Microsoft Visual Studio 10.0\VC\bin\CL.exe /c /Zi /nologo /W3 /WX- /O2 /Oi /Oy- /GL /D _MBCS /Gm- /EHsc /MT /GS /Gy /fp:precise /Zc:wchar_t /Zc:forScope /Fo"Release\\" /Fd"Release\vc100.pdb" /Gd /TP /analyze- /errorReport:prompt GLDM.cpp (TaskId:18)
                     Tracking command: (TaskId:18)
                     C:\Program Files (x86)\Microsoft SDKs\Windows\v7.0A\bin\NETFX 4.0 Tools\Tracker.exe /d C:\Windows\Microsoft.NET\Framework\v4.0.30319\FileTracker.dll /i "C:\TODD5_3D - Copy 05 Feb2014\CvCooccurrence\Release" /r "C:\TODD5_3D - COPY 05 FEB2014\CVCOOCCURRENCE\GLDM.CPP" /b MSBuildConsole_CancelEvent70a45f7e44db4cef9433b3774e9687ac  /c "c:\Program Files (x86)\Microsoft Visual Studio 10.0\VC\bin\CL.exe"  /c /Zi /nologo /W3 /WX- /O2 /Oi /Oy- /GL /D _MBCS /Gm- /EHsc /MT /GS /Gy /fp:precise /Zc:wchar_t /Zc:forScope /Fo"Release\\" /Fd"Release\vc100.pdb" /Gd /TP /analyze- /errorReport:prompt GLDM.cpp (TaskId:18)
                     GLDM.cpp (TaskId:18)
14:14:24.062     1>GLDM.cpp(9): error C2065: 'vector' : undeclared identifier
14:14:24.062     1>GLDM.cpp(9): error C2275: 'CvRect' : illegal use of this type as an expression
                             C:\Users\Hossein\Project\OpenCV2.4.8\build\include\opencv2/core/types_c.h(952) : see declaration of 'CvRect' (TaskId:18)
14:14:24.062     1>GLDM.cpp(9): error C2065: 'rectangles' : undeclared identifier
14:14:24.062     1>GLDM.cpp(10): error C2065: 'rectangles' : undeclared identifier
14:14:24.062     1>GLDM.cpp(10): error C3861: 'splitImageIntoPuzzle': identifier not found
14:14:24.062     1>GLDM.cpp(13): error C3861: 'getGrayscaleInput': identifier not found
14:14:24.062     1>GLDM.cpp(17): error C2065: 'puzzleResult' : undeclared identifier
14:14:24.062     1>GLDM.cpp(17): error C2065: 'puzzleResult' : undeclared identifier
14:14:24.062     1>GLDM.cpp(17): error C2227: left of '->width' must point to class/struct/union/generic type
                             type is ''unknown-type'' (TaskId:18)
14:14:24.062     1>GLDM.cpp(17): error C2065: 'gldm' : undeclared identifier
14:14:24.062     1>GLDM.cpp(17): error C2227: left of '->width' must point to class/struct/union/generic type
                             type is ''unknown-type'' (TaskId:18)
14:14:24.062     1>GLDM.cpp(17): error C2065: 'puzzleResult' : undeclared identifier
14:14:24.062     1>GLDM.cpp(17): error C2227: left of '->height' must point to class/struct/union/generic type
                             type is ''unknown-type'' (TaskId:18)
14:14:24.062     1>GLDM.cpp(17): error C2065: 'gldm' : undeclared identifier
14:14:24.062     1>GLDM.cpp(17): error C2227: left of '->height' must point to class/struct/union/generic type
                             type is ''unknown-type'' (TaskId:18)
14:14:24.062     1>GLDM.cpp(19): error C2065: 'puzzleResult' : undeclared identifier
14:14:24.062     1>GLDM.cpp(20): error C2065: 'puzzleResult' : undeclared identifier
14:14:24.063     1>GLDM.cpp(23): error C2065: 'puzzleResult' : undeclared identifier
14:14:24.063     1>GLDM.cpp(24): error C2065: 'puzzleResult' : undeclared identifier
14:14:24.063     1>GLDM.cpp(27): error C2065: 'puzzleResult' : undeclared identifier
14:14:24.063     1>GLDM.cpp(29): error C2065: 'grayscaleInput' : undeclared identifier
14:14:24.063     1>GLDM.cpp(33): error C2065: 'rectangles' : undeclared identifier
14:14:24.063     1>GLDM.cpp(33): error C2228: left of '.size' must have class/struct/union
                             type is ''unknown-type'' (TaskId:18)
14:14:24.063     1>GLDM.cpp(40): error C2065: 'rectangles' : undeclared identifier
14:14:24.063     1>GLDM.cpp(40): error C2228: left of '.width' must have class/struct/union
14:14:24.063     1>GLDM.cpp(41): error C2065: 'rectangles' : undeclared identifier
14:14:24.063     1>GLDM.cpp(41): error C2228: left of '.height' must have class/struct/union
14:14:24.063     1>GLDM.cpp(46): error C2065: 'rectangles' : undeclared identifier
14:14:24.063     1>GLDM.cpp(59): error C2065: 'H' : undeclared identifier
14:14:24.063     1>GLDM.cpp(59): error C3861: 'evaluateGLDM': identifier not found
14:14:24.063     1>GLDM.cpp(62): error C2065: 'ENTROPY' : undeclared identifier
14:14:24.063     1>GLDM.cpp(62): error C3861: 'fillGLDMWithFeatureValue': identifier not found
14:14:24.063     1>GLDM.cpp(64): error C3861: 'gldmOriginal': identifier not found
14:14:24.063     1>GLDM.cpp(74): error C2065: 'puzzleResult' : undeclared identifier
14:14:24.063     1>GLDM.cpp(74): error C2065: 'rectangles' : undeclared identifier
14:14:24.063     1>GLDM.cpp(76): error C2065: 'GLDMResult' : undeclared identifier
14:14:24.063     1>GLDM.cpp(76): error C2065: 'puzzleResult' : undeclared identifier
14:14:24.063     1>GLDM.cpp(77): error C2065: 'puzzleResult' : undeclared identifier
14:14:24.063     1>GLDM.cpp(84): error C2061: syntax error : identifier 'vector'
14:14:24.063     1>GLDM.cpp(94): error C3861: 'min': identifier not found
14:14:24.064     1>GLDM.cpp(95): error C3861: 'min': identifier not found
14:14:24.064     1>GLDM.cpp(96): error C2065: 'elements' : undeclared identifier
14:14:24.064     1>GLDM.cpp(96): error C2228: left of '.push_back' must have class/struct/union
                             type is ''unknown-type'' (TaskId:18)
14:14:24.064     1>GLDM.cpp(107): error C2065: 'grayscaleInput' : undeclared identifier
14:14:24.064     1>GLDM.cpp(107): error C2065: 'grayscaleInput' : undeclared identifier
14:14:24.064     1>GLDM.cpp(107): error C2227: left of '->width' must point to class/struct/union/generic type
                             type is ''unknown-type'' (TaskId:18)
14:14:24.064     1>GLDM.cpp(107): error C2065: 'grayscaleInput' : undeclared identifier
14:14:24.064     1>GLDM.cpp(107): error C2227: left of '->height' must point to class/struct/union/generic type
                             type is ''unknown-type'' (TaskId:18)
14:14:24.064     1>GLDM.cpp(109): error C2065: 'grayscaleInput' : undeclared identifier
14:14:24.064     1>GLDM.cpp(110): error C2065: 'grayscaleInput' : undeclared identifier
14:14:24.064     1>GLDM.cpp(113): error C2065: 'grayscaleInput' : undeclared identifier
14:14:24.064     1>GLDM.cpp(115): error C2065: 'grayscaleInput' : undeclared identifier
14:14:24.064     1>GLDM.cpp(119): error C2065: 'grayscaleInput' : undeclared identifier
14:14:24.064     1>GLDM.cpp(122): error C2065: 'grayscaleInput' : undeclared identifier
14:14:24.064     1>GLDM.cpp(139): error C2065: 'grayscaleInput' : undeclared identifier
14:14:24.064     1>GLDM.cpp(144): error C2065: 'GLDMResult' : undeclared identifier
14:14:24.064     1>GLDM.cpp(144): error C2065: 'GLDMResult' : undeclared identifier
14:14:24.064     1>GLDM.cpp(144): error C2227: left of '->width' must point to class/struct/union/generic type
                             type is ''unknown-type'' (TaskId:18)
14:14:24.064     1>GLDM.cpp(144): error C2065: 'GLDMResult' : undeclared identifier
14:14:24.064     1>GLDM.cpp(144): error C2227: left of '->height' must point to class/struct/union/generic type
                             type is ''unknown-type'' (TaskId:18)
14:14:24.064     1>GLDM.cpp(146): error C2065: 'GLDMResult' : undeclared identifier
14:14:24.064     1>GLDM.cpp(147): error C2065: 'GLDMResult' : undeclared identifier
14:14:24.064     1>GLDM.cpp(150): error C2065: 'GLDMResult' : undeclared identifier
14:14:24.064     1>GLDM.cpp(151): error C2065: 'GLDMResult' : undeclared identifier
14:14:24.064     1>GLDM.cpp(155): error C2065: 'gldm' : undeclared identifier
14:14:24.064     1>GLDM.cpp(157): error C2065: 'gldm' : undeclared identifier
14:14:24.064     1>GLDM.cpp(159): error C2065: 'gldm' : undeclared identifier
14:14:24.064     1>GLDM.cpp(162): error C2065: 'LD' : undeclared identifier
14:14:24.064     1>GLDM.cpp(163): error C2065: 'H' : undeclared identifier
14:14:24.064     1>GLDM.cpp(163): error C2065: 'RD' : undeclared identifier
14:14:24.064     1>GLDM.cpp(165): error C2065: 'H' : undeclared identifier
14:14:24.064     1>GLDM.cpp(178): error C2065: 'cout' : undeclared identifier
14:14:24.064     1>GLDM.cpp(185): error C2065: 'V' : undeclared identifier
14:14:24.064     1>GLDM.cpp(187): error C2065: 'LD' : undeclared identifier
14:14:24.064     1>GLDM.cpp(192): error C2065: 'H' : undeclared identifier
14:14:24.064     1>GLDM.cpp(197): error C2065: 'gldm' : undeclared identifier
14:14:24.064     1>GLDM.cpp(197): error C2227: left of '->imageData' must point to class/struct/union/generic type
                             type is ''unknown-type'' (TaskId:18)
14:14:24.064     1>GLDM.cpp(214): error C2065: 'gldm' : undeclared identifier
14:14:24.064     1>GLDM.cpp(214): error C2227: left of '->imageData' must point to class/struct/union/generic type
                             type is ''unknown-type'' (TaskId:18)
14:14:24.064     1>GLDM.cpp(214): error C2065: 'gldm' : undeclared identifier
14:14:24.064     1>GLDM.cpp(214): error C2227: left of '->widthStep' must point to class/struct/union/generic type
                             type is ''unknown-type'' (TaskId:18)
14:14:24.064     1>GLDM.cpp(220): error C2065: 'gldmCopyFloat' : undeclared identifier
14:14:24.064     1>GLDM.cpp(221): error C2065: 'gldmCopyFloat' : undeclared identifier
14:14:24.064     1>GLDM.cpp(221): error C2065: 'gldm' : undeclared identifier
14:14:24.064     1>GLDM.cpp(221): error C2065: 'gldm' : undeclared identifier
14:14:24.064     1>GLDM.cpp(221): error C2227: left of '->depth' must point to class/struct/union/generic type
                             type is ''unknown-type'' (TaskId:18)
14:14:24.064     1>GLDM.cpp(221): error C2065: 'gldm' : undeclared identifier
14:14:24.064     1>GLDM.cpp(221): error C2227: left of '->nChannels' must point to class/struct/union/generic type
                             type is ''unknown-type'' (TaskId:18)
14:14:24.064     1>GLDM.cpp(222): error C2065: 'gldm' : undeclared identifier
14:14:24.064     1>GLDM.cpp(222): error C2065: 'gldmCopyFloat' : undeclared identifier
14:14:24.064     1>GLDM.cpp(223): error C2065: 'gldmCopyFloat' : undeclared identifier
14:14:24.064     1>GLDM.cpp(223): error C2065: 'gldm' : undeclared identifier
14:14:24.064     1>GLDM.cpp(249): error C3861: 'evaluateGLDMFeature': identifier not found
14:14:24.064     1>GLDM.cpp(251): error C2065: 'gldm' : undeclared identifier
14:14:24.064     1>GLDM.cpp(251): error C2227: left of '->height' must point to class/struct/union/generic type
                             type is ''unknown-type'' (TaskId:18)
14:14:24.065     1>GLDM.cpp(253): error C2065: 'gldm' : undeclared identifier
14:14:24.065     1>GLDM.cpp(253): error C2227: left of '->imageData' must point to class/struct/union/generic type
                             type is ''unknown-type'' (TaskId:18)
14:14:24.065     1>GLDM.cpp(253): error C2065: 'gldm' : undeclared identifier
14:14:24.065     1>GLDM.cpp(253): error C2227: left of '->widthStep' must point to class/struct/union/generic type
                             type is ''unknown-type'' (TaskId:18)
14:14:24.065     1>GLDM.cpp(254): error C2065: 'gldm' : undeclared identifier
14:14:24.065     1>GLDM.cpp(254): error C2227: left of '->width' must point to class/struct/union/generic type
14:14:24.065     1>GLDM.cpp(254): fatal error C1003: error count exceeds 100; stopping compilation
                     The command exited with code 2. (TaskId:18)
                   Done executing task "CL" -- FAILED. (TaskId:18)
14:14:24.096     1>Done building target "ClCompile" in project "CvCooccurrence.vcxproj" -- FAILED.: (TargetId:42)
14:14:24.096     1>Done Building Project "C:\TODD5_3D - Copy 05 Feb2014\CvCooccurrence\CvCooccurrence.vcxproj" (build target(s)) -- FAILED.

Project Performance Summary:
      569 ms  C:\TODD5_3D - Copy 05 Feb2014\CvCooccurrence\CvCooccurrence.vcxproj   1 calls
                569 ms  build                                      1 calls

Target Performance Summary:
        0 ms  ResolveProjectReferences                   1 calls
        0 ms  SelectClCompile                            1 calls
        0 ms  GetFrameworkPaths                          1 calls
        0 ms  MakeDirsForMidl                            1 calls
        0 ms  BuildGenerateSourcesTraverse               1 calls
        0 ms  ResolveReferences                          1 calls
        0 ms  ComputeMIDLGeneratedCompileInputs          1 calls
        0 ms  _PrepareForBuild                           1 calls
        0 ms  _GenerateWebServiceProxy                   1 calls
        0 ms  BuildCompileTraverse                       1 calls
        0 ms  AfterBuildGenerateSources                  1 calls
        0 ms  _Xsd                                       1 calls
        0 ms  ResolveSDKReferences                       1 calls
        0 ms  AfterResolveReferences                     1 calls
        0 ms  _Midl                                      1 calls
        0 ms  MakeDirsForCl                              1 calls
        0 ms  PlatformPrepareForBuild                    1 calls
        0 ms  BuildGenerateSources                       1 calls
        0 ms  SetBuildDefaultEnvironmentVariables        1 calls
        0 ms  ExpandSDKReferences                        1 calls
        0 ms  _GenerateXMLData                           1 calls
        0 ms  BeforeBuildGenerateSources                 1 calls
        0 ms  ComputeCLInputPDBName                      1 calls
        0 ms  BeforeClCompile                            1 calls
        0 ms  BeforeResolveReferences                    1 calls
        0 ms  _SelectedFiles                             1 calls
        0 ms  PreBuildEvent                              1 calls
        0 ms  _SplitProjectReferencesByFileExistence     1 calls
        0 ms  GetReferenceAssemblyPaths                  1 calls
        0 ms  SelectCustomBuild                          1 calls
        0 ms  GetInstalledSDKLocations                   1 calls
        0 ms  AfterBuildGenerateSourcesEvent             1 calls
        0 ms  AfterMidl                                  1 calls
        1 ms  _CheckForInvalidConfigurationAndPlatform   1 calls
        1 ms  ComputeReferenceCLInput                    1 calls
        1 ms  PrepareForBuild                            1 calls
        1 ms  AssignProjectConfiguration                 1 calls
        1 ms  ResolveAssemblyReferences                  1 calls
        1 ms  _DetermineManagedStateFromCL               1 calls
        2 ms  InitializeBuildStatus                      1 calls
      561 ms  ClCompile                                  1 calls

Task Performance Summary:
        0 ms  Touch                                      1 calls
        0 ms  Message                                    2 calls
        0 ms  MakeDir                                    4 calls
        0 ms  SetEnv                                     4 calls
        0 ms  ReadLinesFromFile                          1 calls
        1 ms  ResolveAssemblyReference                   1 calls
        1 ms  AssignProjectConfiguration                 1 calls
        2 ms  WriteLinesToFile                           2 calls
      560 ms  CL                                         1 calls

Build FAILED.

Time Elapsed 00:00:00.56
