C:\USERS\HOSSEIN\PROJECT\TADD\QTTADD\GENERATEDFILES\QRC_QTTADD.CPP
C:\USERS\HOSSEIN\PROJECT\TADD\QTTADD\GENERATEDFILES\RELEASE\MOC_SPLASHUI.CPP
C:\USERS\HOSSEIN\PROJECT\TADD\QTTADD\GENERATEDFILES\RELEASE\MOC_WEBCAMUI.CPP
C:\USERS\HOSSEIN\PROJECT\TADD\QTTADD\GENERATEDFILES\UI_SPLASHUI.H
C:\USERS\HOSSEIN\PROJECT\TADD\QTTADD\GENERATEDFILES\UI_WEBCAMUI.H
C:\Users\Hossein\Project\TADD\QtTADD\Release\cl.command.1.tlog
C:\Users\Hossein\Project\TADD\QtTADD\Release\CL.read.1.tlog
C:\Users\Hossein\Project\TADD\QtTADD\Release\CL.write.1.tlog
C:\Users\Hossein\Project\TADD\QtTADD\Release\custombuild.command.1.tlog
C:\Users\Hossein\Project\TADD\QtTADD\Release\custombuild.read.1.tlog
C:\Users\Hossein\Project\TADD\QtTADD\Release\custombuild.write.1.tlog
C:\Users\Hossein\Project\TADD\QtTADD\Release\link.5972.read.1.tlog
C:\Users\Hossein\Project\TADD\QtTADD\Release\link.5972.write.1.tlog
C:\Users\Hossein\Project\TADD\QtTADD\Release\link.command.1.tlog
C:\Users\Hossein\Project\TADD\QtTADD\Release\link.read.1.tlog
C:\Users\Hossein\Project\TADD\QtTADD\Release\link.write.1.tlog
C:\USERS\HOSSEIN\PROJECT\TADD\QTTADD\RELEASE\MAIN.OBJ
C:\USERS\HOSSEIN\PROJECT\TADD\QTTADD\RELEASE\MOC_SPLASHUI.OBJ
C:\USERS\HOSSEIN\PROJECT\TADD\QTTADD\RELEASE\MOC_WEBCAMUI.OBJ
C:\Users\Hossein\Project\TADD\QtTADD\Release\mt.command.1.tlog
C:\Users\Hossein\Project\TADD\QtTADD\Release\mt.read.1.tlog
C:\Users\Hossein\Project\TADD\QtTADD\Release\mt.write.1.tlog
C:\USERS\HOSSEIN\PROJECT\TADD\QTTADD\RELEASE\QRC_QTTADD.OBJ
C:\USERS\HOSSEIN\PROJECT\TADD\QTTADD\RELEASE\QTTADD.EXE.INTERMEDIATE.MANIFEST
C:\Users\Hossein\Project\TADD\QtTADD\Release\QtTADD.write.1.tlog
C:\USERS\HOSSEIN\PROJECT\TADD\QTTADD\RELEASE\SPLASHUI.OBJ
C:\USERS\HOSSEIN\PROJECT\TADD\QTTADD\RELEASE\WEBCAMUI.OBJ
C:\USERS\HOSSEIN\PROJECT\TADD\RELEASE\QTTADD.EXE
C:\Users\Hossein\Project\TADD\Release\QtTADD.exp
C:\Users\Hossein\Project\TADD\Release\QtTADD.lib
