C:\USERS\SBCSR\DOCUMENTS\PROJECT\TADD\QTTODD\GENERATEDFILES\QRC_QTTODD.CPP
C:\USERS\SBCSR\DOCUMENTS\PROJECT\TADD\QTTODD\GENERATEDFILES\RELEASE\MOC_SPLASHUI.CPP
C:\USERS\SBCSR\DOCUMENTS\PROJECT\TADD\QTTODD\GENERATEDFILES\RELEASE\MOC_WEBCAMUI.CPP
C:\USERS\SBCSR\DOCUMENTS\PROJECT\TADD\QTTODD\GENERATEDFILES\UI_SPLASHUI.H
C:\USERS\SBCSR\DOCUMENTS\PROJECT\TADD\QTTODD\GENERATEDFILES\UI_WEBCAMUI.H
C:\Users\sbcsr\Documents\Project\TADD\QtTODD\Release\cl.command.1.tlog
C:\Users\sbcsr\Documents\Project\TADD\QtTODD\Release\CL.read.1.tlog
C:\Users\sbcsr\Documents\Project\TADD\QtTODD\Release\CL.write.1.tlog
C:\Users\sbcsr\Documents\Project\TADD\QtTODD\Release\custombuild.command.1.tlog
C:\Users\sbcsr\Documents\Project\TADD\QtTODD\Release\custombuild.read.1.tlog
C:\Users\sbcsr\Documents\Project\TADD\QtTODD\Release\custombuild.write.1.tlog
C:\Users\sbcsr\Documents\Project\TADD\QtTODD\Release\link.1216.read.1.tlog
C:\Users\sbcsr\Documents\Project\TADD\QtTODD\Release\link.1216.write.1.tlog
C:\Users\sbcsr\Documents\Project\TADD\QtTODD\Release\link.1272.read.1.tlog
C:\Users\sbcsr\Documents\Project\TADD\QtTODD\Release\link.1272.write.1.tlog
C:\Users\sbcsr\Documents\Project\TADD\QtTODD\Release\link.1424.read.1.tlog
C:\Users\sbcsr\Documents\Project\TADD\QtTODD\Release\link.1424.write.1.tlog
C:\Users\sbcsr\Documents\Project\TADD\QtTODD\Release\link.1692.read.1.tlog
C:\Users\sbcsr\Documents\Project\TADD\QtTODD\Release\link.1692.write.1.tlog
C:\Users\sbcsr\Documents\Project\TADD\QtTODD\Release\link.220.read.1.tlog
C:\Users\sbcsr\Documents\Project\TADD\QtTODD\Release\link.220.write.1.tlog
C:\Users\sbcsr\Documents\Project\TADD\QtTODD\Release\link.2316.read.1.tlog
C:\Users\sbcsr\Documents\Project\TADD\QtTODD\Release\link.2316.write.1.tlog
C:\Users\sbcsr\Documents\Project\TADD\QtTODD\Release\link.2640.read.1.tlog
C:\Users\sbcsr\Documents\Project\TADD\QtTODD\Release\link.2640.write.1.tlog
C:\Users\sbcsr\Documents\Project\TADD\QtTODD\Release\link.2860.read.1.tlog
C:\Users\sbcsr\Documents\Project\TADD\QtTODD\Release\link.2860.write.1.tlog
C:\Users\sbcsr\Documents\Project\TADD\QtTODD\Release\link.3052.read.1.tlog
C:\Users\sbcsr\Documents\Project\TADD\QtTODD\Release\link.3052.write.1.tlog
C:\Users\sbcsr\Documents\Project\TADD\QtTODD\Release\link.3088.read.1.tlog
C:\Users\sbcsr\Documents\Project\TADD\QtTODD\Release\link.3088.write.1.tlog
C:\Users\sbcsr\Documents\Project\TADD\QtTODD\Release\link.3108.read.1.tlog
C:\Users\sbcsr\Documents\Project\TADD\QtTODD\Release\link.3108.write.1.tlog
C:\Users\sbcsr\Documents\Project\TADD\QtTODD\Release\link.3300.read.1.tlog
C:\Users\sbcsr\Documents\Project\TADD\QtTODD\Release\link.3300.write.1.tlog
C:\Users\sbcsr\Documents\Project\TADD\QtTODD\Release\link.3388.read.1.tlog
C:\Users\sbcsr\Documents\Project\TADD\QtTODD\Release\link.3388.write.1.tlog
C:\Users\sbcsr\Documents\Project\TADD\QtTODD\Release\link.3608.read.1.tlog
C:\Users\sbcsr\Documents\Project\TADD\QtTODD\Release\link.3608.write.1.tlog
C:\Users\sbcsr\Documents\Project\TADD\QtTODD\Release\link.3644.read.1.tlog
C:\Users\sbcsr\Documents\Project\TADD\QtTODD\Release\link.3644.write.1.tlog
C:\Users\sbcsr\Documents\Project\TADD\QtTODD\Release\link.3736.read.1.tlog
C:\Users\sbcsr\Documents\Project\TADD\QtTODD\Release\link.3736.write.1.tlog
C:\Users\sbcsr\Documents\Project\TADD\QtTODD\Release\link.376.read.1.tlog
C:\Users\sbcsr\Documents\Project\TADD\QtTODD\Release\link.376.write.1.tlog
C:\Users\sbcsr\Documents\Project\TADD\QtTODD\Release\link.384.read.1.tlog
C:\Users\sbcsr\Documents\Project\TADD\QtTODD\Release\link.384.write.1.tlog
C:\Users\sbcsr\Documents\Project\TADD\QtTODD\Release\link.4256.read.1.tlog
C:\Users\sbcsr\Documents\Project\TADD\QtTODD\Release\link.4256.write.1.tlog
C:\Users\sbcsr\Documents\Project\TADD\QtTODD\Release\link.4268.read.1.tlog
C:\Users\sbcsr\Documents\Project\TADD\QtTODD\Release\link.4268.write.1.tlog
C:\Users\sbcsr\Documents\Project\TADD\QtTODD\Release\link.4452.read.1.tlog
C:\Users\sbcsr\Documents\Project\TADD\QtTODD\Release\link.4452.write.1.tlog
C:\Users\sbcsr\Documents\Project\TADD\QtTODD\Release\link.4500.read.1.tlog
C:\Users\sbcsr\Documents\Project\TADD\QtTODD\Release\link.4500.write.1.tlog
C:\Users\sbcsr\Documents\Project\TADD\QtTODD\Release\link.4624.read.1.tlog
C:\Users\sbcsr\Documents\Project\TADD\QtTODD\Release\link.4624.write.1.tlog
C:\Users\sbcsr\Documents\Project\TADD\QtTODD\Release\link.4644.read.1.tlog
C:\Users\sbcsr\Documents\Project\TADD\QtTODD\Release\link.4644.write.1.tlog
C:\Users\sbcsr\Documents\Project\TADD\QtTODD\Release\link.4692.read.1.tlog
C:\Users\sbcsr\Documents\Project\TADD\QtTODD\Release\link.4692.write.1.tlog
C:\Users\sbcsr\Documents\Project\TADD\QtTODD\Release\link.4872.read.1.tlog
C:\Users\sbcsr\Documents\Project\TADD\QtTODD\Release\link.4872.write.1.tlog
C:\Users\sbcsr\Documents\Project\TADD\QtTODD\Release\link.5036.read.1.tlog
C:\Users\sbcsr\Documents\Project\TADD\QtTODD\Release\link.5036.write.1.tlog
C:\Users\sbcsr\Documents\Project\TADD\QtTODD\Release\link.5144.read.1.tlog
C:\Users\sbcsr\Documents\Project\TADD\QtTODD\Release\link.5144.write.1.tlog
C:\Users\sbcsr\Documents\Project\TADD\QtTODD\Release\link.5168.read.1.tlog
C:\Users\sbcsr\Documents\Project\TADD\QtTODD\Release\link.5168.write.1.tlog
C:\Users\sbcsr\Documents\Project\TADD\QtTODD\Release\link.5172.read.1.tlog
C:\Users\sbcsr\Documents\Project\TADD\QtTODD\Release\link.5172.write.1.tlog
C:\Users\sbcsr\Documents\Project\TADD\QtTODD\Release\link.5224.read.1.tlog
C:\Users\sbcsr\Documents\Project\TADD\QtTODD\Release\link.5224.write.1.tlog
C:\Users\sbcsr\Documents\Project\TADD\QtTODD\Release\link.5248.read.1.tlog
C:\Users\sbcsr\Documents\Project\TADD\QtTODD\Release\link.5248.write.1.tlog
C:\Users\sbcsr\Documents\Project\TADD\QtTODD\Release\link.5452.read.1.tlog
C:\Users\sbcsr\Documents\Project\TADD\QtTODD\Release\link.5452.write.1.tlog
C:\Users\sbcsr\Documents\Project\TADD\QtTODD\Release\link.5536.read.1.tlog
C:\Users\sbcsr\Documents\Project\TADD\QtTODD\Release\link.5536.write.1.tlog
C:\Users\sbcsr\Documents\Project\TADD\QtTODD\Release\link.5544.read.1.tlog
C:\Users\sbcsr\Documents\Project\TADD\QtTODD\Release\link.5544.write.1.tlog
C:\Users\sbcsr\Documents\Project\TADD\QtTODD\Release\link.5548.read.1.tlog
C:\Users\sbcsr\Documents\Project\TADD\QtTODD\Release\link.5548.write.1.tlog
C:\Users\sbcsr\Documents\Project\TADD\QtTODD\Release\link.5612.read.1.tlog
C:\Users\sbcsr\Documents\Project\TADD\QtTODD\Release\link.5612.write.1.tlog
C:\Users\sbcsr\Documents\Project\TADD\QtTODD\Release\link.5616.read.1.tlog
C:\Users\sbcsr\Documents\Project\TADD\QtTODD\Release\link.5616.write.1.tlog
C:\Users\sbcsr\Documents\Project\TADD\QtTODD\Release\link.5660.read.1.tlog
C:\Users\sbcsr\Documents\Project\TADD\QtTODD\Release\link.5660.write.1.tlog
C:\Users\sbcsr\Documents\Project\TADD\QtTODD\Release\link.5668.read.1.tlog
C:\Users\sbcsr\Documents\Project\TADD\QtTODD\Release\link.5668.write.1.tlog
C:\Users\sbcsr\Documents\Project\TADD\QtTODD\Release\link.5716.read.1.tlog
C:\Users\sbcsr\Documents\Project\TADD\QtTODD\Release\link.5716.write.1.tlog
C:\Users\sbcsr\Documents\Project\TADD\QtTODD\Release\link.5788.read.1.tlog
C:\Users\sbcsr\Documents\Project\TADD\QtTODD\Release\link.5788.write.1.tlog
C:\Users\sbcsr\Documents\Project\TADD\QtTODD\Release\link.5868.read.1.tlog
C:\Users\sbcsr\Documents\Project\TADD\QtTODD\Release\link.5868.write.1.tlog
C:\Users\sbcsr\Documents\Project\TADD\QtTODD\Release\link.5992.read.1.tlog
C:\Users\sbcsr\Documents\Project\TADD\QtTODD\Release\link.5992.write.1.tlog
C:\Users\sbcsr\Documents\Project\TADD\QtTODD\Release\link.6100.read.1.tlog
C:\Users\sbcsr\Documents\Project\TADD\QtTODD\Release\link.6100.write.1.tlog
C:\Users\sbcsr\Documents\Project\TADD\QtTODD\Release\link.6244.read.1.tlog
C:\Users\sbcsr\Documents\Project\TADD\QtTODD\Release\link.6244.write.1.tlog
C:\Users\sbcsr\Documents\Project\TADD\QtTODD\Release\link.6312.read.1.tlog
C:\Users\sbcsr\Documents\Project\TADD\QtTODD\Release\link.6312.write.1.tlog
C:\Users\sbcsr\Documents\Project\TADD\QtTODD\Release\link.6388.read.1.tlog
C:\Users\sbcsr\Documents\Project\TADD\QtTODD\Release\link.6388.write.1.tlog
C:\Users\sbcsr\Documents\Project\TADD\QtTODD\Release\link.6600.read.1.tlog
C:\Users\sbcsr\Documents\Project\TADD\QtTODD\Release\link.6600.write.1.tlog
C:\Users\sbcsr\Documents\Project\TADD\QtTODD\Release\link.6864.read.1.tlog
C:\Users\sbcsr\Documents\Project\TADD\QtTODD\Release\link.6864.write.1.tlog
C:\Users\sbcsr\Documents\Project\TADD\QtTODD\Release\link.6872.read.1.tlog
C:\Users\sbcsr\Documents\Project\TADD\QtTODD\Release\link.6872.write.1.tlog
C:\Users\sbcsr\Documents\Project\TADD\QtTODD\Release\link.7104.read.1.tlog
C:\Users\sbcsr\Documents\Project\TADD\QtTODD\Release\link.7104.write.1.tlog
C:\Users\sbcsr\Documents\Project\TADD\QtTODD\Release\link.7760.read.1.tlog
C:\Users\sbcsr\Documents\Project\TADD\QtTODD\Release\link.7760.write.1.tlog
C:\Users\sbcsr\Documents\Project\TADD\QtTODD\Release\link.7776.read.1.tlog
C:\Users\sbcsr\Documents\Project\TADD\QtTODD\Release\link.7776.write.1.tlog
C:\Users\sbcsr\Documents\Project\TADD\QtTODD\Release\link.7912.read.1.tlog
C:\Users\sbcsr\Documents\Project\TADD\QtTODD\Release\link.7912.write.1.tlog
C:\Users\sbcsr\Documents\Project\TADD\QtTODD\Release\link.7928.read.1.tlog
C:\Users\sbcsr\Documents\Project\TADD\QtTODD\Release\link.7928.write.1.tlog
C:\Users\sbcsr\Documents\Project\TADD\QtTODD\Release\link.824.read.1.tlog
C:\Users\sbcsr\Documents\Project\TADD\QtTODD\Release\link.824.write.1.tlog
C:\Users\sbcsr\Documents\Project\TADD\QtTODD\Release\link.892.read.1.tlog
C:\Users\sbcsr\Documents\Project\TADD\QtTODD\Release\link.892.write.1.tlog
C:\Users\sbcsr\Documents\Project\TADD\QtTODD\Release\link.command.1.tlog
C:\Users\sbcsr\Documents\Project\TADD\QtTODD\Release\link.read.1.tlog
C:\Users\sbcsr\Documents\Project\TADD\QtTODD\Release\link.write.1.tlog
C:\USERS\SBCSR\DOCUMENTS\PROJECT\TADD\QTTODD\RELEASE\MAIN.OBJ
C:\USERS\SBCSR\DOCUMENTS\PROJECT\TADD\QTTODD\RELEASE\MOC_SPLASHUI.OBJ
C:\USERS\SBCSR\DOCUMENTS\PROJECT\TADD\QTTODD\RELEASE\MOC_WEBCAMUI.OBJ
C:\Users\sbcsr\Documents\Project\TADD\QtTODD\Release\mt.command.1.tlog
C:\Users\sbcsr\Documents\Project\TADD\QtTODD\Release\mt.read.1.tlog
C:\Users\sbcsr\Documents\Project\TADD\QtTODD\Release\mt.write.1.tlog
C:\USERS\SBCSR\DOCUMENTS\PROJECT\TADD\QTTODD\RELEASE\QRC_QTTODD.OBJ
C:\USERS\SBCSR\DOCUMENTS\PROJECT\TADD\QTTODD\RELEASE\QTTODD.EXE.INTERMEDIATE.MANIFEST
C:\Users\sbcsr\Documents\Project\TADD\QtTODD\Release\QtTODD.write.1.tlog
C:\USERS\SBCSR\DOCUMENTS\PROJECT\TADD\QTTODD\RELEASE\SPLASHUI.OBJ
C:\USERS\SBCSR\DOCUMENTS\PROJECT\TADD\QTTODD\RELEASE\WEBCAMUI.OBJ
C:\USERS\SBCSR\DOCUMENTS\PROJECT\TADD\RELEASE\QTTODD.EXE
C:\Users\sbcsr\Documents\Project\TADD\Release\QtTODD.exp
C:\Users\sbcsr\Documents\Project\TADD\Release\QtTODD.lib
